[0m[[0m[0mdebug[0m] [0m[0m> Exec(docker:publishLocal, None, None)[0m
[0m[[0m[0mdebug[0m] [0m[0mEvaluating tasks: alerts / Docker / publishLocal, snapshots / Docker / publishLocal, core / Docker / publishLocal, feed / Docker / publishLocal, forecasts / Docker / publishLocal, processor / Docker / publishLocal, domainJVM / Docker / publishLocal, domainJS / Docker / publishLocal, tracing / Docker / publishLocal, ws / Docker / publishLocal, lib / Docker / publishLocal, demo / Docker / publishLocal, Docker / publishLocal[0m
[0m[[0m[33mwarn[0m] [0m[0msbt 0.13 shell syntax is deprecated; use slash syntax instead: alerts / Docker / publishLocal, snapshots / Docker / publishLocal, core / Docker / publishLocal, feed / Docker / publishLocal, forecasts / Docker / publishLocal, processor / Docker / publishLocal, domainJVM / Docker / publishLocal, domainJS / Docker / publishLocal, tracing / Docker / publishLocal, ws / Docker / publishLocal, lib / Docker / publishLocal, demo / Docker / publishLocal, Docker / publishLocal[0m
[0m[[0m[0mdebug[0m] [0m[0mRunning task... Cancel: Signal, check cycles: false, forcegc: true[0m
[0m[[0m[0minfo[0m] [0m[0mWrote /Users/adriel/Documents/GitHub/trading/target/scala-3.1.2/trading-app_3-0.1.0.pom[0m
[0m[[0m[0minfo[0m] [0m[0mWrote /Users/adriel/Documents/GitHub/trading/modules/lib/target/scala-3.1.2/lib_3-0.1.0.pom[0m
[0m[[0m[0minfo[0m] [0m[0mWrote /Users/adriel/Documents/GitHub/trading/modules/domain/jvm/target/scala-3.1.2/domain_3-0.1.0.pom[0m
[0m[[0m[0minfo[0m] [0m[0mWrote /Users/adriel/Documents/GitHub/trading/modules/domain/js/target/scala-3.1.2/domain_sjs1_3-0.1.0.pom[0m
[0m[[0m[0minfo[0m] [0m[0mWrote /Users/adriel/Documents/GitHub/trading/modules/core/target/scala-3.1.2/core_3-0.1.0.pom[0m
[0m[[0m[0minfo[0m] [0m[0mWrote /Users/adriel/Documents/GitHub/trading/modules/feed/target/scala-3.1.2/feed_3-0.1.0.pom[0m
[0m[[0m[0minfo[0m] [0m[0mWrote /Users/adriel/Documents/GitHub/trading/modules/forecasts/target/scala-3.1.2/forecasts_3-0.1.0.pom[0m
[0m[[0m[0minfo[0m] [0m[0mWrote /Users/adriel/Documents/GitHub/trading/modules/tracing/target/scala-3.1.2/tracing_3-0.1.0.pom[0m
[0m[[0m[0minfo[0m] [0m[0mWrote /Users/adriel/Documents/GitHub/trading/modules/processor/target/scala-3.1.2/processor_3-0.1.0.pom[0m
[0m[[0m[0minfo[0m] [0m[0mWrote /Users/adriel/Documents/GitHub/trading/modules/alerts/target/scala-3.1.2/alerts_3-0.1.0.pom[0m
[0m[[0m[0minfo[0m] [0m[0mWrote /Users/adriel/Documents/GitHub/trading/modules/ws-server/target/scala-3.1.2/ws_3-0.1.0.pom[0m
[0m[[0m[0minfo[0m] [0m[0mWrote /Users/adriel/Documents/GitHub/trading/modules/snapshots/target/scala-3.1.2/snapshots_3-0.1.0.pom[0m
[0m[[0m[0minfo[0m] [0m[0mWrote /Users/adriel/Documents/GitHub/trading/modules/x-demo/target/scala-3.1.2/demo_3-0.1.0.pom[0m
[0m[[0m[0minfo[0m] [0m[0m:: delivering :: dev.profunktor#trading-app_3;0.1.0 :: 0.1.0 :: release :: Thu Jun 16 22:14:44 CDT 2022[0m
[0m[[0m[0minfo[0m] [0m[0m	delivering ivy file to /Users/adriel/Documents/GitHub/trading/target/scala-3.1.2/ivy-0.1.0.xml[0m
[0m[[0m[33mwarn[0m] [0m[0mAttempting to overwrite /Users/adriel/.ivy2/local/dev.profunktor/trading-app_3/0.1.0/poms/trading-app_3.pom (non-SNAPSHOT)[0m
[0m[[0m[33mwarn[0m] [0m[0m	You need to remove it from the cache manually to take effect.[0m
[0m[[0m[33mwarn[0m] [0m[0mAttempting to overwrite /Users/adriel/.ivy2/local/dev.profunktor/trading-app_3/0.1.0/poms/trading-app_3.pom.sha1 (non-SNAPSHOT)[0m
[0m[[0m[33mwarn[0m] [0m[0m	You need to remove it from the cache manually to take effect.[0m
[0m[[0m[33mwarn[0m] [0m[0mAttempting to overwrite /Users/adriel/.ivy2/local/dev.profunktor/trading-app_3/0.1.0/poms/trading-app_3.pom.md5 (non-SNAPSHOT)[0m
[0m[[0m[33mwarn[0m] [0m[0m	You need to remove it from the cache manually to take effect.[0m
[0m[[0m[0minfo[0m] [0m[0m	published trading-app_3 to /Users/adriel/.ivy2/local/dev.profunktor/trading-app_3/0.1.0/poms/trading-app_3.pom[0m
[0m[[0m[33mwarn[0m] [0m[0mAttempting to overwrite /Users/adriel/.ivy2/local/dev.profunktor/trading-app_3/0.1.0/jars/trading-app_3.jar (non-SNAPSHOT)[0m
[0m[[0m[33mwarn[0m] [0m[0m	You need to remove it from the cache manually to take effect.[0m
[0m[[0m[33mwarn[0m] [0m[0mAttempting to overwrite /Users/adriel/.ivy2/local/dev.profunktor/trading-app_3/0.1.0/jars/trading-app_3.jar.sha1 (non-SNAPSHOT)[0m
[0m[[0m[33mwarn[0m] [0m[0m	You need to remove it from the cache manually to take effect.[0m
[0m[[0m[33mwarn[0m] [0m[0mAttempting to overwrite /Users/adriel/.ivy2/local/dev.profunktor/trading-app_3/0.1.0/jars/trading-app_3.jar.md5 (non-SNAPSHOT)[0m
[0m[[0m[33mwarn[0m] [0m[0m	You need to remove it from the cache manually to take effect.[0m
[0m[[0m[0minfo[0m] [0m[0m	published trading-app_3 to /Users/adriel/.ivy2/local/dev.profunktor/trading-app_3/0.1.0/jars/trading-app_3.jar[0m
[0m[[0m[33mwarn[0m] [0m[0mAttempting to overwrite /Users/adriel/.ivy2/local/dev.profunktor/trading-app_3/0.1.0/srcs/trading-app_3-sources.jar (non-SNAPSHOT)[0m
[0m[[0m[33mwarn[0m] [0m[0m	You need to remove it from the cache manually to take effect.[0m
[0m[[0m[33mwarn[0m] [0m[0mAttempting to overwrite /Users/adriel/.ivy2/local/dev.profunktor/trading-app_3/0.1.0/srcs/trading-app_3-sources.jar.sha1 (non-SNAPSHOT)[0m
[0m[[0m[33mwarn[0m] [0m[0m	You need to remove it from the cache manually to take effect.[0m
[0m[[0m[33mwarn[0m] [0m[0mAttempting to overwrite /Users/adriel/.ivy2/local/dev.profunktor/trading-app_3/0.1.0/srcs/trading-app_3-sources.jar.md5 (non-SNAPSHOT)[0m
[0m[[0m[33mwarn[0m] [0m[0m	You need to remove it from the cache manually to take effect.[0m
[0m[[0m[0minfo[0m] [0m[0m	published trading-app_3 to /Users/adriel/.ivy2/local/dev.profunktor/trading-app_3/0.1.0/srcs/trading-app_3-sources.jar[0m
[0m[[0m[33mwarn[0m] [0m[0mAttempting to overwrite /Users/adriel/.ivy2/local/dev.profunktor/trading-app_3/0.1.0/docs/trading-app_3-javadoc.jar (non-SNAPSHOT)[0m
[0m[[0m[33mwarn[0m] [0m[0m	You need to remove it from the cache manually to take effect.[0m
[0m[[0m[33mwarn[0m] [0m[0mAttempting to overwrite /Users/adriel/.ivy2/local/dev.profunktor/trading-app_3/0.1.0/docs/trading-app_3-javadoc.jar.sha1 (non-SNAPSHOT)[0m
[0m[[0m[33mwarn[0m] [0m[0m	You need to remove it from the cache manually to take effect.[0m
[0m[[0m[33mwarn[0m] [0m[0mAttempting to overwrite /Users/adriel/.ivy2/local/dev.profunktor/trading-app_3/0.1.0/docs/trading-app_3-javadoc.jar.md5 (non-SNAPSHOT)[0m
[0m[[0m[33mwarn[0m] [0m[0m	You need to remove it from the cache manually to take effect.[0m
[0m[[0m[0minfo[0m] [0m[0m	published trading-app_3 to /Users/adriel/.ivy2/local/dev.profunktor/trading-app_3/0.1.0/docs/trading-app_3-javadoc.jar[0m
[0m[[0m[33mwarn[0m] [0m[0mAttempting to overwrite /Users/adriel/.ivy2/local/dev.profunktor/trading-app_3/0.1.0/ivys/ivy.xml (non-SNAPSHOT)[0m
[0m[[0m[33mwarn[0m] [0m[0m	You need to remove it from the cache manually to take effect.[0m
[0m[[0m[33mwarn[0m] [0m[0mAttempting to overwrite /Users/adriel/.ivy2/local/dev.profunktor/trading-app_3/0.1.0/ivys/ivy.xml.sha1 (non-SNAPSHOT)[0m
[0m[[0m[33mwarn[0m] [0m[0m	You need to remove it from the cache manually to take effect.[0m
[0m[[0m[33mwarn[0m] [0m[0mAttempting to overwrite /Users/adriel/.ivy2/local/dev.profunktor/trading-app_3/0.1.0/ivys/ivy.xml.md5 (non-SNAPSHOT)[0m
[0m[[0m[33mwarn[0m] [0m[0m	You need to remove it from the cache manually to take effect.[0m
[0m[[0m[0minfo[0m] [0m[0m	published ivy to /Users/adriel/.ivy2/local/dev.profunktor/trading-app_3/0.1.0/ivys/ivy.xml[0m
[0m[[0m[0minfo[0m] [0m[0m:: delivering :: dev.profunktor#domain_3;0.1.0 :: 0.1.0 :: release :: Thu Jun 16 22:14:44 CDT 2022[0m
[0m[[0m[0minfo[0m] [0m[0m	delivering ivy file to /Users/adriel/Documents/GitHub/trading/modules/domain/jvm/target/scala-3.1.2/ivy-0.1.0.xml[0m
[0m[[0m[33mwarn[0m] [0m[0mAttempting to overwrite /Users/adriel/.ivy2/local/dev.profunktor/domain_3/0.1.0/poms/domain_3.pom (non-SNAPSHOT)[0m
[0m[[0m[33mwarn[0m] [0m[0m	You need to remove it from the cache manually to take effect.[0m
[0m[[0m[33mwarn[0m] [0m[0mAttempting to overwrite /Users/adriel/.ivy2/local/dev.profunktor/domain_3/0.1.0/poms/domain_3.pom.sha1 (non-SNAPSHOT)[0m
[0m[[0m[33mwarn[0m] [0m[0m	You need to remove it from the cache manually to take effect.[0m
[0m[[0m[33mwarn[0m] [0m[0mAttempting to overwrite /Users/adriel/.ivy2/local/dev.profunktor/domain_3/0.1.0/poms/domain_3.pom.md5 (non-SNAPSHOT)[0m
[0m[[0m[33mwarn[0m] [0m[0m	You need to remove it from the cache manually to take effect.[0m
[0m[[0m[0minfo[0m] [0m[0m	published domain_3 to /Users/adriel/.ivy2/local/dev.profunktor/domain_3/0.1.0/poms/domain_3.pom[0m
[0m[[0m[33mwarn[0m] [0m[0mAttempting to overwrite /Users/adriel/.ivy2/local/dev.profunktor/domain_3/0.1.0/jars/domain_3.jar (non-SNAPSHOT)[0m
[0m[[0m[33mwarn[0m] [0m[0m	You need to remove it from the cache manually to take effect.[0m
[0m[[0m[33mwarn[0m] [0m[0mAttempting to overwrite /Users/adriel/.ivy2/local/dev.profunktor/domain_3/0.1.0/jars/domain_3.jar.sha1 (non-SNAPSHOT)[0m
[0m[[0m[33mwarn[0m] [0m[0m	You need to remove it from the cache manually to take effect.[0m
[0m[[0m[33mwarn[0m] [0m[0mAttempting to overwrite /Users/adriel/.ivy2/local/dev.profunktor/domain_3/0.1.0/jars/domain_3.jar.md5 (non-SNAPSHOT)[0m
[0m[[0m[33mwarn[0m] [0m[0m	You need to remove it from the cache manually to take effect.[0m
[0m[[0m[0minfo[0m] [0m[0m	published domain_3 to /Users/adriel/.ivy2/local/dev.profunktor/domain_3/0.1.0/jars/domain_3.jar[0m
[0m[[0m[33mwarn[0m] [0m[0mAttempting to overwrite /Users/adriel/.ivy2/local/dev.profunktor/domain_3/0.1.0/srcs/domain_3-sources.jar (non-SNAPSHOT)[0m
[0m[[0m[33mwarn[0m] [0m[0m	You need to remove it from the cache manually to take effect.[0m
[0m[[0m[33mwarn[0m] [0m[0mAttempting to overwrite /Users/adriel/.ivy2/local/dev.profunktor/domain_3/0.1.0/srcs/domain_3-sources.jar.sha1 (non-SNAPSHOT)[0m
[0m[[0m[33mwarn[0m] [0m[0m	You need to remove it from the cache manually to take effect.[0m
[0m[[0m[33mwarn[0m] [0m[0mAttempting to overwrite /Users/adriel/.ivy2/local/dev.profunktor/domain_3/0.1.0/srcs/domain_3-sources.jar.md5 (non-SNAPSHOT)[0m
[0m[[0m[33mwarn[0m] [0m[0m	You need to remove it from the cache manually to take effect.[0m
[0m[[0m[0minfo[0m] [0m[0m	published domain_3 to /Users/adriel/.ivy2/local/dev.profunktor/domain_3/0.1.0/srcs/domain_3-sources.jar[0m
[0m[[0m[33mwarn[0m] [0m[0mAttempting to overwrite /Users/adriel/.ivy2/local/dev.profunktor/domain_3/0.1.0/docs/domain_3-javadoc.jar (non-SNAPSHOT)[0m
[0m[[0m[33mwarn[0m] [0m[0m	You need to remove it from the cache manually to take effect.[0m
[0m[[0m[33mwarn[0m] [0m[0mAttempting to overwrite /Users/adriel/.ivy2/local/dev.profunktor/domain_3/0.1.0/docs/domain_3-javadoc.jar.sha1 (non-SNAPSHOT)[0m
[0m[[0m[33mwarn[0m] [0m[0m	You need to remove it from the cache manually to take effect.[0m
[0m[[0m[33mwarn[0m] [0m[0mAttempting to overwrite /Users/adriel/.ivy2/local/dev.profunktor/domain_3/0.1.0/docs/domain_3-javadoc.jar.md5 (non-SNAPSHOT)[0m
[0m[[0m[33mwarn[0m] [0m[0m	You need to remove it from the cache manually to take effect.[0m
[0m[[0m[0minfo[0m] [0m[0m	published domain_3 to /Users/adriel/.ivy2/local/dev.profunktor/domain_3/0.1.0/docs/domain_3-javadoc.jar[0m
[0m[[0m[33mwarn[0m] [0m[0mAttempting to overwrite /Users/adriel/.ivy2/local/dev.profunktor/domain_3/0.1.0/ivys/ivy.xml (non-SNAPSHOT)[0m
[0m[[0m[33mwarn[0m] [0m[0m	You need to remove it from the cache manually to take effect.[0m
[0m[[0m[33mwarn[0m] [0m[0mAttempting to overwrite /Users/adriel/.ivy2/local/dev.profunktor/domain_3/0.1.0/ivys/ivy.xml.sha1 (non-SNAPSHOT)[0m
[0m[[0m[33mwarn[0m] [0m[0m	You need to remove it from the cache manually to take effect.[0m
[0m[[0m[33mwarn[0m] [0m[0mAttempting to overwrite /Users/adriel/.ivy2/local/dev.profunktor/domain_3/0.1.0/ivys/ivy.xml.md5 (non-SNAPSHOT)[0m
[0m[[0m[33mwarn[0m] [0m[0m	You need to remove it from the cache manually to take effect.[0m
[0m[[0m[0minfo[0m] [0m[0m	published ivy to /Users/adriel/.ivy2/local/dev.profunktor/domain_3/0.1.0/ivys/ivy.xml[0m
[0m[[0m[0minfo[0m] [0m[0m:: delivering :: dev.profunktor#core_3;0.1.0 :: 0.1.0 :: release :: Thu Jun 16 22:14:45 CDT 2022[0m
[0m[[0m[0minfo[0m] [0m[0m	delivering ivy file to /Users/adriel/Documents/GitHub/trading/modules/core/target/scala-3.1.2/ivy-0.1.0.xml[0m
[0m[[0m[0minfo[0m] [0m[0m:: delivering :: dev.profunktor#domain_sjs1_3;0.1.0 :: 0.1.0 :: release :: Thu Jun 16 22:14:45 CDT 2022[0m
[0m[[0m[0minfo[0m] [0m[0m	delivering ivy file to /Users/adriel/Documents/GitHub/trading/modules/domain/js/target/scala-3.1.2/ivy-0.1.0.xml[0m
[0m[[0m[0minfo[0m] [0m[0m:: delivering :: dev.profunktor#lib_3;0.1.0 :: 0.1.0 :: release :: Thu Jun 16 22:14:45 CDT 2022[0m
[0m[[0m[0minfo[0m] [0m[0m	delivering ivy file to /Users/adriel/Documents/GitHub/trading/modules/lib/target/scala-3.1.2/ivy-0.1.0.xml[0m
[0m[[0m[33mwarn[0m] [0m[0mAttempting to overwrite /Users/adriel/.ivy2/local/dev.profunktor/lib_3/0.1.0/poms/lib_3.pom (non-SNAPSHOT)[0m
[0m[[0m[33mwarn[0m] [0m[0m	You need to remove it from the cache manually to take effect.[0m
[0m[[0m[33mwarn[0m] [0m[0mAttempting to overwrite /Users/adriel/.ivy2/local/dev.profunktor/lib_3/0.1.0/poms/lib_3.pom.sha1 (non-SNAPSHOT)[0m
[0m[[0m[33mwarn[0m] [0m[0m	You need to remove it from the cache manually to take effect.[0m
[0m[[0m[33mwarn[0m] [0m[0mAttempting to overwrite /Users/adriel/.ivy2/local/dev.profunktor/lib_3/0.1.0/poms/lib_3.pom.md5 (non-SNAPSHOT)[0m
[0m[[0m[33mwarn[0m] [0m[0m	You need to remove it from the cache manually to take effect.[0m
[0m[[0m[0minfo[0m] [0m[0m	published lib_3 to /Users/adriel/.ivy2/local/dev.profunktor/lib_3/0.1.0/poms/lib_3.pom[0m
[0m[[0m[33mwarn[0m] [0m[0mAttempting to overwrite /Users/adriel/.ivy2/local/dev.profunktor/lib_3/0.1.0/jars/lib_3.jar (non-SNAPSHOT)[0m
[0m[[0m[33mwarn[0m] [0m[0m	You need to remove it from the cache manually to take effect.[0m
[0m[[0m[33mwarn[0m] [0m[0mAttempting to overwrite /Users/adriel/.ivy2/local/dev.profunktor/lib_3/0.1.0/jars/lib_3.jar.sha1 (non-SNAPSHOT)[0m
[0m[[0m[33mwarn[0m] [0m[0m	You need to remove it from the cache manually to take effect.[0m
[0m[[0m[33mwarn[0m] [0m[0mAttempting to overwrite /Users/adriel/.ivy2/local/dev.profunktor/lib_3/0.1.0/jars/lib_3.jar.md5 (non-SNAPSHOT)[0m
[0m[[0m[33mwarn[0m] [0m[0m	You need to remove it from the cache manually to take effect.[0m
[0m[[0m[0minfo[0m] [0m[0m	published lib_3 to /Users/adriel/.ivy2/local/dev.profunktor/lib_3/0.1.0/jars/lib_3.jar[0m
[0m[[0m[33mwarn[0m] [0m[0mAttempting to overwrite /Users/adriel/.ivy2/local/dev.profunktor/lib_3/0.1.0/srcs/lib_3-sources.jar (non-SNAPSHOT)[0m
[0m[[0m[33mwarn[0m] [0m[0m	You need to remove it from the cache manually to take effect.[0m
[0m[[0m[33mwarn[0m] [0m[0mAttempting to overwrite /Users/adriel/.ivy2/local/dev.profunktor/lib_3/0.1.0/srcs/lib_3-sources.jar.sha1 (non-SNAPSHOT)[0m
[0m[[0m[33mwarn[0m] [0m[0m	You need to remove it from the cache manually to take effect.[0m
[0m[[0m[33mwarn[0m] [0m[0mAttempting to overwrite /Users/adriel/.ivy2/local/dev.profunktor/lib_3/0.1.0/srcs/lib_3-sources.jar.md5 (non-SNAPSHOT)[0m
[0m[[0m[33mwarn[0m] [0m[0m	You need to remove it from the cache manually to take effect.[0m
[0m[[0m[0minfo[0m] [0m[0m	published lib_3 to /Users/adriel/.ivy2/local/dev.profunktor/lib_3/0.1.0/srcs/lib_3-sources.jar[0m
[0m[[0m[33mwarn[0m] [0m[0mAttempting to overwrite /Users/adriel/.ivy2/local/dev.profunktor/lib_3/0.1.0/docs/lib_3-javadoc.jar (non-SNAPSHOT)[0m
[0m[[0m[33mwarn[0m] [0m[0m	You need to remove it from the cache manually to take effect.[0m
[0m[[0m[33mwarn[0m] [0m[0mAttempting to overwrite /Users/adriel/.ivy2/local/dev.profunktor/lib_3/0.1.0/docs/lib_3-javadoc.jar.sha1 (non-SNAPSHOT)[0m
[0m[[0m[33mwarn[0m] [0m[0m	You need to remove it from the cache manually to take effect.[0m
[0m[[0m[33mwarn[0m] [0m[0mAttempting to overwrite /Users/adriel/.ivy2/local/dev.profunktor/lib_3/0.1.0/docs/lib_3-javadoc.jar.md5 (non-SNAPSHOT)[0m
[0m[[0m[33mwarn[0m] [0m[0m	You need to remove it from the cache manually to take effect.[0m
[0m[[0m[0minfo[0m] [0m[0m	published lib_3 to /Users/adriel/.ivy2/local/dev.profunktor/lib_3/0.1.0/docs/lib_3-javadoc.jar[0m
[0m[[0m[33mwarn[0m] [0m[0mAttempting to overwrite /Users/adriel/.ivy2/local/dev.profunktor/lib_3/0.1.0/ivys/ivy.xml (non-SNAPSHOT)[0m
[0m[[0m[33mwarn[0m] [0m[0m	You need to remove it from the cache manually to take effect.[0m
[0m[[0m[33mwarn[0m] [0m[0mAttempting to overwrite /Users/adriel/.ivy2/local/dev.profunktor/lib_3/0.1.0/ivys/ivy.xml.sha1 (non-SNAPSHOT)[0m
[0m[[0m[33mwarn[0m] [0m[0m	You need to remove it from the cache manually to take effect.[0m
[0m[[0m[33mwarn[0m] [0m[0mAttempting to overwrite /Users/adriel/.ivy2/local/dev.profunktor/lib_3/0.1.0/ivys/ivy.xml.md5 (non-SNAPSHOT)[0m
[0m[[0m[33mwarn[0m] [0m[0m	You need to remove it from the cache manually to take effect.[0m
[0m[[0m[0minfo[0m] [0m[0m	published ivy to /Users/adriel/.ivy2/local/dev.profunktor/lib_3/0.1.0/ivys/ivy.xml[0m
[0m[[0m[33mwarn[0m] [0m[0mAttempting to overwrite /Users/adriel/.ivy2/local/dev.profunktor/domain_sjs1_3/0.1.0/poms/domain_sjs1_3.pom (non-SNAPSHOT)[0m
[0m[[0m[33mwarn[0m] [0m[0m	You need to remove it from the cache manually to take effect.[0m
[0m[[0m[33mwarn[0m] [0m[0mAttempting to overwrite /Users/adriel/.ivy2/local/dev.profunktor/domain_sjs1_3/0.1.0/poms/domain_sjs1_3.pom.sha1 (non-SNAPSHOT)[0m
[0m[[0m[33mwarn[0m] [0m[0m	You need to remove it from the cache manually to take effect.[0m
[0m[[0m[33mwarn[0m] [0m[0mAttempting to overwrite /Users/adriel/.ivy2/local/dev.profunktor/domain_sjs1_3/0.1.0/poms/domain_sjs1_3.pom.md5 (non-SNAPSHOT)[0m
[0m[[0m[33mwarn[0m] [0m[0m	You need to remove it from the cache manually to take effect.[0m
[0m[[0m[0minfo[0m] [0m[0m	published domain_sjs1_3 to /Users/adriel/.ivy2/local/dev.profunktor/domain_sjs1_3/0.1.0/poms/domain_sjs1_3.pom[0m
[0m[[0m[33mwarn[0m] [0m[0mAttempting to overwrite /Users/adriel/.ivy2/local/dev.profunktor/domain_sjs1_3/0.1.0/jars/domain_sjs1_3.jar (non-SNAPSHOT)[0m
[0m[[0m[33mwarn[0m] [0m[0m	You need to remove it from the cache manually to take effect.[0m
[0m[[0m[33mwarn[0m] [0m[0mAttempting to overwrite /Users/adriel/.ivy2/local/dev.profunktor/domain_sjs1_3/0.1.0/jars/domain_sjs1_3.jar.sha1 (non-SNAPSHOT)[0m
[0m[[0m[33mwarn[0m] [0m[0m	You need to remove it from the cache manually to take effect.[0m
[0m[[0m[33mwarn[0m] [0m[0mAttempting to overwrite /Users/adriel/.ivy2/local/dev.profunktor/domain_sjs1_3/0.1.0/jars/domain_sjs1_3.jar.md5 (non-SNAPSHOT)[0m
[0m[[0m[33mwarn[0m] [0m[0m	You need to remove it from the cache manually to take effect.[0m
[0m[[0m[0minfo[0m] [0m[0m	published domain_sjs1_3 to /Users/adriel/.ivy2/local/dev.profunktor/domain_sjs1_3/0.1.0/jars/domain_sjs1_3.jar[0m
[0m[[0m[33mwarn[0m] [0m[0mAttempting to overwrite /Users/adriel/.ivy2/local/dev.profunktor/domain_sjs1_3/0.1.0/srcs/domain_sjs1_3-sources.jar (non-SNAPSHOT)[0m
[0m[[0m[33mwarn[0m] [0m[0m	You need to remove it from the cache manually to take effect.[0m
[0m[[0m[33mwarn[0m] [0m[0mAttempting to overwrite /Users/adriel/.ivy2/local/dev.profunktor/domain_sjs1_3/0.1.0/srcs/domain_sjs1_3-sources.jar.sha1 (non-SNAPSHOT)[0m
[0m[[0m[33mwarn[0m] [0m[0m	You need to remove it from the cache manually to take effect.[0m
[0m[[0m[33mwarn[0m] [0m[0mAttempting to overwrite /Users/adriel/.ivy2/local/dev.profunktor/domain_sjs1_3/0.1.0/srcs/domain_sjs1_3-sources.jar.md5 (non-SNAPSHOT)[0m
[0m[[0m[33mwarn[0m] [0m[0m	You need to remove it from the cache manually to take effect.[0m
[0m[[0m[0minfo[0m] [0m[0m	published domain_sjs1_3 to /Users/adriel/.ivy2/local/dev.profunktor/domain_sjs1_3/0.1.0/srcs/domain_sjs1_3-sources.jar[0m
[0m[[0m[33mwarn[0m] [0m[0mAttempting to overwrite /Users/adriel/.ivy2/local/dev.profunktor/domain_sjs1_3/0.1.0/docs/domain_sjs1_3-javadoc.jar (non-SNAPSHOT)[0m
[0m[[0m[33mwarn[0m] [0m[0m	You need to remove it from the cache manually to take effect.[0m
[0m[[0m[33mwarn[0m] [0m[0mmultiple main classes detected: run 'show discoveredMainClasses' to see the list[0m
[0m[[0m[33mwarn[0m] [0m[0mAttempting to overwrite /Users/adriel/.ivy2/local/dev.profunktor/domain_sjs1_3/0.1.0/docs/domain_sjs1_3-javadoc.jar.sha1 (non-SNAPSHOT)[0m
[0m[[0m[33mwarn[0m] [0m[0m	You need to remove it from the cache manually to take effect.[0m
[0m[[0m[32msuccess[0m] [0m[0mAll package validations passed[0m
[0m[[0m[33mwarn[0m] [0m[0mAttempting to overwrite /Users/adriel/.ivy2/local/dev.profunktor/domain_sjs1_3/0.1.0/docs/domain_sjs1_3-javadoc.jar.md5 (non-SNAPSHOT)[0m
[0m[[0m[33mwarn[0m] [0m[0m	You need to remove it from the cache manually to take effect.[0m
[0m[[0m[0minfo[0m] [0m[0m	published domain_sjs1_3 to /Users/adriel/.ivy2/local/dev.profunktor/domain_sjs1_3/0.1.0/docs/domain_sjs1_3-javadoc.jar[0m
[0m[[0m[33mwarn[0m] [0m[0mAttempting to overwrite /Users/adriel/.ivy2/local/dev.profunktor/domain_sjs1_3/0.1.0/ivys/ivy.xml (non-SNAPSHOT)[0m
[0m[[0m[33mwarn[0m] [0m[0m	You need to remove it from the cache manually to take effect.[0m
[0m[[0m[32msuccess[0m] [0m[0mAll package validations passed[0m
[0m[[0m[33mwarn[0m] [0m[0mAttempting to overwrite /Users/adriel/.ivy2/local/dev.profunktor/domain_sjs1_3/0.1.0/ivys/ivy.xml.sha1 (non-SNAPSHOT)[0m
[0m[[0m[33mwarn[0m] [0m[0m	You need to remove it from the cache manually to take effect.[0m
[0m[[0m[33mwarn[0m] [0m[0mAttempting to overwrite /Users/adriel/.ivy2/local/dev.profunktor/domain_sjs1_3/0.1.0/ivys/ivy.xml.md5 (non-SNAPSHOT)[0m
[0m[[0m[33mwarn[0m] [0m[0m	You need to remove it from the cache manually to take effect.[0m
[0m[[0m[0minfo[0m] [0m[0m	published ivy to /Users/adriel/.ivy2/local/dev.profunktor/domain_sjs1_3/0.1.0/ivys/ivy.xml[0m
[0m[[0m[33mwarn[0m] [0m[0mAttempting to overwrite /Users/adriel/.ivy2/local/dev.profunktor/core_3/0.1.0/poms/core_3.pom (non-SNAPSHOT)[0m
[0m[[0m[33mwarn[0m] [0m[0m	You need to remove it from the cache manually to take effect.[0m
[0m[[0m[33mwarn[0m] [0m[0mAttempting to overwrite /Users/adriel/.ivy2/local/dev.profunktor/core_3/0.1.0/poms/core_3.pom.sha1 (non-SNAPSHOT)[0m
[0m[[0m[33mwarn[0m] [0m[0m	You need to remove it from the cache manually to take effect.[0m
[0m[[0m[32msuccess[0m] [0m[0mAll package validations passed[0m
[0m[[0m[33mwarn[0m] [0m[0mAttempting to overwrite /Users/adriel/.ivy2/local/dev.profunktor/core_3/0.1.0/poms/core_3.pom.md5 (non-SNAPSHOT)[0m
[0m[[0m[33mwarn[0m] [0m[0m	You need to remove it from the cache manually to take effect.[0m
[0m[[0m[0minfo[0m] [0m[0m	published core_3 to /Users/adriel/.ivy2/local/dev.profunktor/core_3/0.1.0/poms/core_3.pom[0m
[0m[[0m[33mwarn[0m] [0m[0mAttempting to overwrite /Users/adriel/.ivy2/local/dev.profunktor/core_3/0.1.0/jars/core_3.jar (non-SNAPSHOT)[0m
[0m[[0m[33mwarn[0m] [0m[0m	You need to remove it from the cache manually to take effect.[0m
[0m[[0m[33mwarn[0m] [0m[0mAttempting to overwrite /Users/adriel/.ivy2/local/dev.profunktor/core_3/0.1.0/jars/core_3.jar.sha1 (non-SNAPSHOT)[0m
[0m[[0m[33mwarn[0m] [0m[0m	You need to remove it from the cache manually to take effect.[0m
[0m[[0m[32msuccess[0m] [0m[0mAll package validations passed[0m
[0m[[0m[33mwarn[0m] [0m[0mAttempting to overwrite /Users/adriel/.ivy2/local/dev.profunktor/core_3/0.1.0/jars/core_3.jar.md5 (non-SNAPSHOT)[0m
[0m[[0m[33mwarn[0m] [0m[0m	You need to remove it from the cache manually to take effect.[0m
[0m[[0m[0minfo[0m] [0m[0m	published core_3 to /Users/adriel/.ivy2/local/dev.profunktor/core_3/0.1.0/jars/core_3.jar[0m
[0m[[0m[33mwarn[0m] [0m[0mAttempting to overwrite /Users/adriel/.ivy2/local/dev.profunktor/core_3/0.1.0/srcs/core_3-sources.jar (non-SNAPSHOT)[0m
[0m[[0m[33mwarn[0m] [0m[0m	You need to remove it from the cache manually to take effect.[0m
[0m[[0m[33mwarn[0m] [0m[0mAttempting to overwrite /Users/adriel/.ivy2/local/dev.profunktor/core_3/0.1.0/srcs/core_3-sources.jar.sha1 (non-SNAPSHOT)[0m
[0m[[0m[33mwarn[0m] [0m[0m	You need to remove it from the cache manually to take effect.[0m
[0m[[0m[32msuccess[0m] [0m[0mAll package validations passed[0m
[0m[[0m[33mwarn[0m] [0m[0mAttempting to overwrite /Users/adriel/.ivy2/local/dev.profunktor/core_3/0.1.0/srcs/core_3-sources.jar.md5 (non-SNAPSHOT)[0m
[0m[[0m[33mwarn[0m] [0m[0m	You need to remove it from the cache manually to take effect.[0m
[0m[[0m[0minfo[0m] [0m[0m	published core_3 to /Users/adriel/.ivy2/local/dev.profunktor/core_3/0.1.0/srcs/core_3-sources.jar[0m
[0m[[0m[33mwarn[0m] [0m[0mAttempting to overwrite /Users/adriel/.ivy2/local/dev.profunktor/core_3/0.1.0/docs/core_3-javadoc.jar (non-SNAPSHOT)[0m
[0m[[0m[33mwarn[0m] [0m[0m	You need to remove it from the cache manually to take effect.[0m
[0m[[0m[32msuccess[0m] [0m[0mAll package validations passed[0m
[0m[[0m[33mwarn[0m] [0m[0mAttempting to overwrite /Users/adriel/.ivy2/local/dev.profunktor/core_3/0.1.0/docs/core_3-javadoc.jar.sha1 (non-SNAPSHOT)[0m
[0m[[0m[33mwarn[0m] [0m[0m	You need to remove it from the cache manually to take effect.[0m
[0m[[0m[33mwarn[0m] [0m[0mAttempting to overwrite /Users/adriel/.ivy2/local/dev.profunktor/core_3/0.1.0/docs/core_3-javadoc.jar.md5 (non-SNAPSHOT)[0m
[0m[[0m[33mwarn[0m] [0m[0m	You need to remove it from the cache manually to take effect.[0m
[0m[[0m[0minfo[0m] [0m[0m	published core_3 to /Users/adriel/.ivy2/local/dev.profunktor/core_3/0.1.0/docs/core_3-javadoc.jar[0m
[0m[[0m[33mwarn[0m] [0m[0mAttempting to overwrite /Users/adriel/.ivy2/local/dev.profunktor/core_3/0.1.0/ivys/ivy.xml (non-SNAPSHOT)[0m
[0m[[0m[33mwarn[0m] [0m[0m	You need to remove it from the cache manually to take effect.[0m
[0m[[0m[33mwarn[0m] [0m[0mAttempting to overwrite /Users/adriel/.ivy2/local/dev.profunktor/core_3/0.1.0/ivys/ivy.xml.sha1 (non-SNAPSHOT)[0m
[0m[[0m[33mwarn[0m] [0m[0m	You need to remove it from the cache manually to take effect.[0m
[0m[[0m[33mwarn[0m] [0m[0mAttempting to overwrite /Users/adriel/.ivy2/local/dev.profunktor/core_3/0.1.0/ivys/ivy.xml.md5 (non-SNAPSHOT)[0m
[0m[[0m[33mwarn[0m] [0m[0m	You need to remove it from the cache manually to take effect.[0m
[0m[[0m[0minfo[0m] [0m[0m	published ivy to /Users/adriel/.ivy2/local/dev.profunktor/core_3/0.1.0/ivys/ivy.xml[0m
[0m[[0m[0minfo[0m] [0m[0m:: delivering :: dev.profunktor#demo_3;0.1.0 :: 0.1.0 :: release :: Thu Jun 16 22:14:46 CDT 2022[0m
[0m[[0m[32msuccess[0m] [0m[0mAll package validations passed[0m
[0m[[0m[0minfo[0m] [0m[0m	delivering ivy file to /Users/adriel/Documents/GitHub/trading/modules/x-demo/target/scala-3.1.2/ivy-0.1.0.xml[0m
[0m[[0m[33mwarn[0m] [0m[0mAttempting to overwrite /Users/adriel/.ivy2/local/dev.profunktor/demo_3/0.1.0/poms/demo_3.pom (non-SNAPSHOT)[0m
[0m[[0m[33mwarn[0m] [0m[0m	You need to remove it from the cache manually to take effect.[0m
[0m[[0m[33mwarn[0m] [0m[0mAttempting to overwrite /Users/adriel/.ivy2/local/dev.profunktor/demo_3/0.1.0/poms/demo_3.pom.sha1 (non-SNAPSHOT)[0m
[0m[[0m[33mwarn[0m] [0m[0m	You need to remove it from the cache manually to take effect.[0m
[0m[[0m[33mwarn[0m] [0m[0mAttempting to overwrite /Users/adriel/.ivy2/local/dev.profunktor/demo_3/0.1.0/poms/demo_3.pom.md5 (non-SNAPSHOT)[0m
[0m[[0m[33mwarn[0m] [0m[0m	You need to remove it from the cache manually to take effect.[0m
[0m[[0m[0minfo[0m] [0m[0m	published demo_3 to /Users/adriel/.ivy2/local/dev.profunktor/demo_3/0.1.0/poms/demo_3.pom[0m
[0m[[0m[33mwarn[0m] [0m[0mAttempting to overwrite /Users/adriel/.ivy2/local/dev.profunktor/demo_3/0.1.0/jars/demo_3.jar (non-SNAPSHOT)[0m
[0m[[0m[33mwarn[0m] [0m[0m	You need to remove it from the cache manually to take effect.[0m
[0m[[0m[33mwarn[0m] [0m[0mAttempting to overwrite /Users/adriel/.ivy2/local/dev.profunktor/demo_3/0.1.0/jars/demo_3.jar.sha1 (non-SNAPSHOT)[0m
[0m[[0m[33mwarn[0m] [0m[0m	You need to remove it from the cache manually to take effect.[0m
[0m[[0m[33mwarn[0m] [0m[0mAttempting to overwrite /Users/adriel/.ivy2/local/dev.profunktor/demo_3/0.1.0/jars/demo_3.jar.md5 (non-SNAPSHOT)[0m
[0m[[0m[33mwarn[0m] [0m[0m	You need to remove it from the cache manually to take effect.[0m
[0m[[0m[0minfo[0m] [0m[0m	published demo_3 to /Users/adriel/.ivy2/local/dev.profunktor/demo_3/0.1.0/jars/demo_3.jar[0m
[0m[[0m[33mwarn[0m] [0m[0mAttempting to overwrite /Users/adriel/.ivy2/local/dev.profunktor/demo_3/0.1.0/srcs/demo_3-sources.jar (non-SNAPSHOT)[0m
[0m[[0m[33mwarn[0m] [0m[0m	You need to remove it from the cache manually to take effect.[0m
[0m[[0m[33mwarn[0m] [0m[0mAttempting to overwrite /Users/adriel/.ivy2/local/dev.profunktor/demo_3/0.1.0/srcs/demo_3-sources.jar.sha1 (non-SNAPSHOT)[0m
[0m[[0m[33mwarn[0m] [0m[0m	You need to remove it from the cache manually to take effect.[0m
[0m[[0m[33mwarn[0m] [0m[0mAttempting to overwrite /Users/adriel/.ivy2/local/dev.profunktor/demo_3/0.1.0/srcs/demo_3-sources.jar.md5 (non-SNAPSHOT)[0m
[0m[[0m[33mwarn[0m] [0m[0m	You need to remove it from the cache manually to take effect.[0m
[0m[[0m[0minfo[0m] [0m[0m	published demo_3 to /Users/adriel/.ivy2/local/dev.profunktor/demo_3/0.1.0/srcs/demo_3-sources.jar[0m
[0m[[0m[33mwarn[0m] [0m[0mAttempting to overwrite /Users/adriel/.ivy2/local/dev.profunktor/demo_3/0.1.0/docs/demo_3-javadoc.jar (non-SNAPSHOT)[0m
[0m[[0m[33mwarn[0m] [0m[0m	You need to remove it from the cache manually to take effect.[0m
[0m[[0m[33mwarn[0m] [0m[0mAttempting to overwrite /Users/adriel/.ivy2/local/dev.profunktor/demo_3/0.1.0/docs/demo_3-javadoc.jar.sha1 (non-SNAPSHOT)[0m
[0m[[0m[33mwarn[0m] [0m[0m	You need to remove it from the cache manually to take effect.[0m
[0m[[0m[33mwarn[0m] [0m[0mAttempting to overwrite /Users/adriel/.ivy2/local/dev.profunktor/demo_3/0.1.0/docs/demo_3-javadoc.jar.md5 (non-SNAPSHOT)[0m
[0m[[0m[33mwarn[0m] [0m[0m	You need to remove it from the cache manually to take effect.[0m
[0m[[0m[0minfo[0m] [0m[0m	published demo_3 to /Users/adriel/.ivy2/local/dev.profunktor/demo_3/0.1.0/docs/demo_3-javadoc.jar[0m
[0m[[0m[33mwarn[0m] [0m[0mAttempting to overwrite /Users/adriel/.ivy2/local/dev.profunktor/demo_3/0.1.0/ivys/ivy.xml (non-SNAPSHOT)[0m
[0m[[0m[33mwarn[0m] [0m[0m	You need to remove it from the cache manually to take effect.[0m
[0m[[0m[33mwarn[0m] [0m[0mAttempting to overwrite /Users/adriel/.ivy2/local/dev.profunktor/demo_3/0.1.0/ivys/ivy.xml.sha1 (non-SNAPSHOT)[0m
[0m[[0m[33mwarn[0m] [0m[0m	You need to remove it from the cache manually to take effect.[0m
[0m[[0m[33mwarn[0m] [0m[0mAttempting to overwrite /Users/adriel/.ivy2/local/dev.profunktor/demo_3/0.1.0/ivys/ivy.xml.md5 (non-SNAPSHOT)[0m
[0m[[0m[33mwarn[0m] [0m[0m	You need to remove it from the cache manually to take effect.[0m
[0m[[0m[0minfo[0m] [0m[0m	published ivy to /Users/adriel/.ivy2/local/dev.profunktor/demo_3/0.1.0/ivys/ivy.xml[0m
[0m[[0m[31merror[0m] [0m[0m#1 [internal] load build definition from Dockerfile[0m
[0m[[0m[31merror[0m] [0m[0m#1 sha256:8f6192f125688911ef3e1ce9fed22c159fce2105702a385af140dc36a5d58eda[0m
[0m[[0m[31merror[0m] [0m[0m#1 transferring dockerfile: 1.00kB 0.0s done[0m
[0m[[0m[31merror[0m] [0m[0m#1 DONE 0.0s[0m
[0m[[0m[31merror[0m] [0m[0m#1 [internal] load build definition from Dockerfile[0m
[0m[[0m[31merror[0m] [0m[0m#1 sha256:ad99b0acfe20d889c64ff28bb19067d65e8d0df533b907c931472484299d58b8[0m
[0m[[0m[31merror[0m] [0m[0m#1 transferring dockerfile: 997B done[0m
[0m[[0m[31merror[0m] [0m[0m#1 DONE 0.0s[0m
[0m[[0m[31merror[0m] [0m[0m#1 [internal] load build definition from Dockerfile[0m
[0m[[0m[31merror[0m] [0m[0m#1 sha256:1bd7e62095f7b0b6165fb93b6e0990851259e29421112acec994adba33b9bf44[0m
[0m[[0m[31merror[0m] [0m[0m#1 transferring dockerfile: 1.01kB done[0m
[0m[[0m[31merror[0m] [0m[0m#1 DONE 0.0s[0m
[0m[[0m[31merror[0m] [0m[0m#1 [internal] load build definition from Dockerfile[0m
[0m[[0m[31merror[0m] [0m[0m#1 sha256:eaf870782f33b1bc1bb2ced6f54bd302ac19c0207ea5af5bea62df3a9911149c[0m
[0m[[0m[31merror[0m] [0m[0m#1 transferring dockerfile: 1.01kB 0.0s done[0m
[0m[[0m[31merror[0m] [0m[0m#1 DONE 0.0s[0m
[0m[[0m[31merror[0m] [0m[0m#1 [internal] load build definition from Dockerfile[0m
[0m[[0m[31merror[0m] [0m[0m#1 sha256:946541cf8fa04f06f1d4b0e59406f7fac7d4d79d98f5c5f7489529dba5e41b6a[0m
[0m[[0m[31merror[0m] [0m[0m#1 transferring dockerfile: 1.00kB done[0m
[0m[[0m[31merror[0m] [0m[0m#1 DONE 0.1s[0m
[0m[[0m[31merror[0m] [0m[0m#1 [internal] load build definition from Dockerfile[0m
[0m[[0m[31merror[0m] [0m[0m#1 sha256:f9fdb5100717fb7f2101f7fa948901a1f71a00e423d418b6de593a16a14c04fc[0m
[0m[[0m[31merror[0m] [0m[0m#1 transferring dockerfile: 993B done[0m
[0m[[0m[31merror[0m] [0m[0m#1 DONE 0.1s[0m
[0m[[0m[31merror[0m] [0m[0m#1 [internal] load build definition from Dockerfile[0m
[0m[[0m[31merror[0m] [0m[0m#1 sha256:c8939eb96441449a0cac7a9f586c12fe2fa9e19daa63886eb8c0ceb9502828b7[0m
[0m[[0m[31merror[0m] [0m[0m#1 transferring dockerfile: 1.01kB 0.0s done[0m
[0m[[0m[31merror[0m] [0m[0m#1 DONE 0.0s[0m
[0m[[0m[31merror[0m] [0m[0m#2 [internal] load .dockerignore[0m
[0m[[0m[31merror[0m] [0m[0m#2 sha256:724ae0be7063a7adfb17d8d97222b6765ec4912fcd2736a96366b041b6c473c3[0m
[0m[[0m[31merror[0m] [0m[0m#2 transferring context: 2B done[0m
[0m[[0m[31merror[0m] [0m[0m#2 DONE 0.0s[0m
[0m[[0m[31merror[0m] [0m[0m#2 [internal] load .dockerignore[0m
[0m[[0m[31merror[0m] [0m[0m#2 sha256:4b460174c7f480a7708b19f385be9488cb55f78077a89d559ae2296f76634571[0m
[0m[[0m[31merror[0m] [0m[0m#2 transferring context: 2B done[0m
[0m[[0m[31merror[0m] [0m[0m#2 DONE 0.0s[0m
[0m[[0m[31merror[0m] [0m[0m#2 [internal] load .dockerignore[0m
[0m[[0m[31merror[0m] [0m[0m#2 sha256:9b6b9bbae3fc1fed891c22a9ad271d2fe51b610b4e54eb4388db2050f3160613[0m
[0m[[0m[31merror[0m] [0m[0m#2 transferring context: 2B done[0m
[0m[[0m[31merror[0m] [0m[0m#2 DONE 0.0s[0m
[0m[[0m[31merror[0m] [0m[0m#2 [internal] load .dockerignore[0m
[0m[[0m[31merror[0m] [0m[0m#2 sha256:4b5739495599984c328d72af194c7347cd48d717f2f058c5104087031f261f5a[0m
[0m[[0m[31merror[0m] [0m[0m#2 transferring context:[0m
[0m[[0m[31merror[0m] [0m[0m#2 transferring context: 2B done[0m
[0m[[0m[31merror[0m] [0m[0m#2 DONE 0.0s[0m
[0m[[0m[31merror[0m] [0m[0m#2 [internal] load .dockerignore[0m
[0m[[0m[31merror[0m] [0m[0m#2 sha256:3c92fb7f4048d0be72f4713fce579cc0663c53f3591c7c5c59c6aef6cb911d83[0m
[0m[[0m[31merror[0m] [0m[0m#2 transferring context: 2B done[0m
[0m[[0m[31merror[0m] [0m[0m#2 DONE 0.0s[0m
[0m[[0m[31merror[0m] [0m[0m#2 [internal] load .dockerignore[0m
[0m[[0m[31merror[0m] [0m[0m#2 sha256:434b2b7ffc1bffba19effb00efe7d77e9efbab6fb43d4c0238e1565997250fff[0m
[0m[[0m[31merror[0m] [0m[0m#2 transferring context: 2B done[0m
[0m[[0m[31merror[0m] [0m[0m#2 DONE 0.0s[0m
[0m[[0m[31merror[0m] [0m[0m#2 [internal] load .dockerignore[0m
[0m[[0m[31merror[0m] [0m[0m#2 sha256:d493e982e574aa3abbd2094893a2e9d682d737c94b8ba61af77fbac35841f356[0m
[0m[[0m[31merror[0m] [0m[0m#2 transferring context: 2B done[0m
[0m[[0m[31merror[0m] [0m[0m#2 DONE 0.0s[0m
[0m[[0m[31merror[0m] [0m[0m#3 [internal] load metadata for docker.io/library/openjdk:17-slim-buster[0m
[0m[[0m[31merror[0m] [0m[0m#3 sha256:c5e78c43c8242948b279b9e1fc5dc268bcc471c0c1a7b45dc05a6b32d37a869c[0m
[0m[[0m[31merror[0m] [0m[0m#3 [internal] load metadata for docker.io/library/openjdk:17-slim-buster[0m
[0m[[0m[31merror[0m] [0m[0m#3 sha256:c5e78c43c8242948b279b9e1fc5dc268bcc471c0c1a7b45dc05a6b32d37a869c[0m
[0m[[0m[31merror[0m] [0m[0m#3 [internal] load metadata for docker.io/library/openjdk:17-slim-buster[0m
[0m[[0m[31merror[0m] [0m[0m#3 sha256:c5e78c43c8242948b279b9e1fc5dc268bcc471c0c1a7b45dc05a6b32d37a869c[0m
[0m[[0m[31merror[0m] [0m[0m#3 [internal] load metadata for docker.io/library/openjdk:17-slim-buster[0m
[0m[[0m[31merror[0m] [0m[0m#3 sha256:c5e78c43c8242948b279b9e1fc5dc268bcc471c0c1a7b45dc05a6b32d37a869c[0m
[0m[[0m[31merror[0m] [0m[0m#3 ...[0m
[0m[[0m[31merror[0m] [0m[0m#4 [auth] library/openjdk:pull token for registry-1.docker.io[0m
[0m[[0m[31merror[0m] [0m[0m#4 sha256:919d0829fb3d61cf05d4ff07c37ad2ab59091dd1740dd97f834dabb4ed106a58[0m
[0m[[0m[31merror[0m] [0m[0m#4 DONE 0.0s[0m
[0m[[0m[31merror[0m] [0m[0m#3 [internal] load metadata for docker.io/library/openjdk:17-slim-buster[0m
[0m[[0m[31merror[0m] [0m[0m#3 sha256:c5e78c43c8242948b279b9e1fc5dc268bcc471c0c1a7b45dc05a6b32d37a869c[0m
[0m[[0m[31merror[0m] [0m[0m#3 [internal] load metadata for docker.io/library/openjdk:17-slim-buster[0m
[0m[[0m[31merror[0m] [0m[0m#3 sha256:c5e78c43c8242948b279b9e1fc5dc268bcc471c0c1a7b45dc05a6b32d37a869c[0m
[0m[[0m[31merror[0m] [0m[0m#3 [internal] load metadata for docker.io/library/openjdk:17-slim-buster[0m
[0m[[0m[31merror[0m] [0m[0m#3 sha256:c5e78c43c8242948b279b9e1fc5dc268bcc471c0c1a7b45dc05a6b32d37a869c[0m
[0m[[0m[31merror[0m] [0m[0m#3 [internal] load metadata for docker.io/library/openjdk:17-slim-buster[0m
[0m[[0m[31merror[0m] [0m[0m#3 sha256:c5e78c43c8242948b279b9e1fc5dc268bcc471c0c1a7b45dc05a6b32d37a869c[0m
[0m[[0m[31merror[0m] [0m[0m#3 DONE 1.7s[0m
[0m[[0m[31merror[0m] [0m[0m#3 DONE 1.2s[0m
[0m[[0m[31merror[0m] [0m[0m#15 [stage0 1/7] FROM docker.io/library/openjdk:17-slim-buster@sha256:2e7658fb62d1c6f319ff9870614deaf8e06038dd41eec3d1ecdcfabd186234fd[0m
[0m[[0m[31merror[0m] [0m[0m#15 sha256:46b819bc32dacf32508bad935ddc29e54e4eb6e50fac0838baf1afc74c96a090[0m
[0m[[0m[31merror[0m] [0m[0m#15 DONE 0.0s[0m
[0m[[0m[31merror[0m] [0m[0m#3 DONE 1.0s[0m
[0m[[0m[31merror[0m] [0m[0m#4 [stage0 1/7] FROM docker.io/library/openjdk:17-slim-buster@sha256:2e7658fb62d1c6f319ff9870614deaf8e06038dd41eec3d1ecdcfabd186234fd[0m
[0m[[0m[31merror[0m] [0m[0m#4 sha256:46b819bc32dacf32508bad935ddc29e54e4eb6e50fac0838baf1afc74c96a090[0m
[0m[[0m[31merror[0m] [0m[0m#4 DONE 0.0s[0m
[0m[[0m[31merror[0m] [0m[0m#8 [internal] load build context[0m
[0m[[0m[31merror[0m] [0m[0m#8 sha256:79f21d3a8462b686c1f317c58c17f70283fb22a8b8af457eb140834914050374[0m
[0m[[0m[31merror[0m] [0m[0m#3 DONE 1.0s[0m
[0m[[0m[31merror[0m] [0m[0m#14 [stage0 1/7] FROM docker.io/library/openjdk:17-slim-buster@sha256:2e7658fb62d1c6f319ff9870614deaf8e06038dd41eec3d1ecdcfabd186234fd[0m
[0m[[0m[31merror[0m] [0m[0m#14 sha256:46b819bc32dacf32508bad935ddc29e54e4eb6e50fac0838baf1afc74c96a090[0m
[0m[[0m[31merror[0m] [0m[0m#14 DONE 0.0s[0m
[0m[[0m[31merror[0m] [0m[0m#7 [internal] load build context[0m
[0m[[0m[31merror[0m] [0m[0m#7 sha256:de07bad1c91cb557fac1981f6c5b97fb30a64ac09b919844db8d7bd61ccea69b[0m
[0m[[0m[31merror[0m] [0m[0m#3 DONE 1.1s[0m
[0m[[0m[31merror[0m] [0m[0m#4 [stage0 1/7] FROM docker.io/library/openjdk:17-slim-buster@sha256:2e7658fb62d1c6f319ff9870614deaf8e06038dd41eec3d1ecdcfabd186234fd[0m
[0m[[0m[31merror[0m] [0m[0m#4 sha256:46b819bc32dacf32508bad935ddc29e54e4eb6e50fac0838baf1afc74c96a090[0m
[0m[[0m[31merror[0m] [0m[0m#4 DONE 0.0s[0m
[0m[[0m[31merror[0m] [0m[0m#3 DONE 0.9s[0m
[0m[[0m[31merror[0m] [0m[0m#4 [stage0 1/7] FROM docker.io/library/openjdk:17-slim-buster@sha256:2e7658fb62d1c6f319ff9870614deaf8e06038dd41eec3d1ecdcfabd186234fd[0m
[0m[[0m[31merror[0m] [0m[0m#4 sha256:46b819bc32dacf32508bad935ddc29e54e4eb6e50fac0838baf1afc74c96a090[0m
[0m[[0m[31merror[0m] [0m[0m#4 DONE 0.0s[0m
[0m[[0m[31merror[0m] [0m[0m#8 [internal] load build context[0m
[0m[[0m[31merror[0m] [0m[0m#8 sha256:03d7a4fd3c6b87974106c238e271e2976d29ab39928c031f742a91b55714250c[0m
[0m[[0m[31merror[0m] [0m[0m#7 [internal] load build context[0m
[0m[[0m[31merror[0m] [0m[0m#7 sha256:569b7cc4332d90e773fb848dc4851014252a7342e78d68b9ab88adb819d85a12[0m
[0m[[0m[31merror[0m] [0m[0m#3 DONE 1.1s[0m
[0m[[0m[31merror[0m] [0m[0m#4 [stage0 1/7] FROM docker.io/library/openjdk:17-slim-buster@sha256:2e7658fb62d1c6f319ff9870614deaf8e06038dd41eec3d1ecdcfabd186234fd[0m
[0m[[0m[31merror[0m] [0m[0m#4 sha256:46b819bc32dacf32508bad935ddc29e54e4eb6e50fac0838baf1afc74c96a090[0m
[0m[[0m[31merror[0m] [0m[0m#4 DONE 0.0s[0m
[0m[[0m[31merror[0m] [0m[0m#3 [internal] load metadata for docker.io/library/openjdk:17-slim-buster[0m
[0m[[0m[31merror[0m] [0m[0m#3 sha256:c5e78c43c8242948b279b9e1fc5dc268bcc471c0c1a7b45dc05a6b32d37a869c[0m
[0m[[0m[31merror[0m] [0m[0m#3 DONE 1.7s[0m
[0m[[0m[31merror[0m] [0m[0m#5 [stage0 1/7] FROM docker.io/library/openjdk:17-slim-buster@sha256:2e7658fb62d1c6f319ff9870614deaf8e06038dd41eec3d1ecdcfabd186234fd[0m
[0m[[0m[31merror[0m] [0m[0m#5 sha256:46b819bc32dacf32508bad935ddc29e54e4eb6e50fac0838baf1afc74c96a090[0m
[0m[[0m[31merror[0m] [0m[0m#5 DONE 0.0s[0m
[0m[[0m[31merror[0m] [0m[0m#9 [internal] load build context[0m
[0m[[0m[31merror[0m] [0m[0m#9 sha256:d5866a655d1d00381075d669cb8148bb3aabe3b19cff4296e894f67e3691f3e6[0m
[0m[[0m[31merror[0m] [0m[0m#8 [internal] load build context[0m
[0m[[0m[31merror[0m] [0m[0m#8 sha256:b3e74e0543627f2f26d02cba35f21931d34fa9b4b5ff303417acb8347688ba84[0m
[0m[[0m[31merror[0m] [0m[0m#8 [internal] load build context[0m
[0m[[0m[31merror[0m] [0m[0m#8 sha256:b76f287d074fc78712b6d96e05cb0e76961b4d89174197b85667ec645d08bb28[0m
[0m[[0m[31merror[0m] [0m[0m#8 transferring context: 60.77kB 0.1s done[0m
[0m[[0m[31merror[0m] [0m[0m#8 transferring context: 70.38kB 0.2s done[0m
[0m[[0m[31merror[0m] [0m[0m#8 transferring context: 203.75kB 0.3s done[0m
[0m[[0m[31merror[0m] [0m[0m#7 transferring context: 377.57kB 0.4s done[0m
[0m[[0m[31merror[0m] [0m[0m#9 transferring context: 66.62kB 0.2s done[0m
[0m[[0m[31merror[0m] [0m[0m#8 DONE 0.3s[0m
[0m[[0m[31merror[0m] [0m[0m#10 [stage0 4/7] COPY 4/opt /4/opt[0m
[0m[[0m[31merror[0m] [0m[0m#10 sha256:afdf1f42696f545cc97830aa17873cef78320f0422db79fe1ca56849dd1dc7b9[0m
[0m[[0m[31merror[0m] [0m[0m#10 CACHED[0m
[0m[[0m[31merror[0m] [0m[0m#11 [stage0 5/7] RUN ["chmod", "-R", "u=rX,g=rX", "/2/opt/docker"][0m
[0m[[0m[31merror[0m] [0m[0m#11 sha256:7e630dccfceffbac892b50dc085f3000ee30231b691b439de1ff6ccc67bfc11c[0m
[0m[[0m[31merror[0m] [0m[0m#11 CACHED[0m
[0m[[0m[31merror[0m] [0m[0m#9 [stage0 3/7] COPY 2/opt /2/opt[0m
[0m[[0m[31merror[0m] [0m[0m#9 sha256:b6135c9c33fc7526fdddef27729b053fc3ef98f47b713115b9e6678829921351[0m
[0m[[0m[31merror[0m] [0m[0m#9 CACHED[0m
[0m[[0m[31merror[0m] [0m[0m#12 [stage0 6/7] RUN ["chmod", "-R", "u=rX,g=rX", "/4/opt/docker"][0m
[0m[[0m[31merror[0m] [0m[0m#12 sha256:01400d3826c581e601a3cb7fff4794ff6aff3d9d9273427c6480ea77a437fb21[0m
[0m[[0m[31merror[0m] [0m[0m#12 CACHED[0m
[0m[[0m[31merror[0m] [0m[0m#6 [mainstage 3/5] WORKDIR /opt/docker[0m
[0m[[0m[31merror[0m] [0m[0m#6 sha256:edbe99f7e4170c0eb6aea3367e086a95d567b639243db4460b202cb23755d25a[0m
[0m[[0m[31merror[0m] [0m[0m#6 CACHED[0m
[0m[[0m[31merror[0m] [0m[0m#14 [mainstage 4/5] COPY --from=stage0 --chown=demiourgos728:root /2/opt/docker /opt/docker[0m
[0m[[0m[31merror[0m] [0m[0m#14 sha256:d2f0828b3874949a9caedf58c24864fd2bf1204001faaaf04e53753efe0ae54b[0m
[0m[[0m[31merror[0m] [0m[0m#14 CACHED[0m
[0m[[0m[31merror[0m] [0m[0m#5 [mainstage 2/5] RUN id -u demiourgos728 1>/dev/null 2>&1 || (( getent group 0 1>/dev/null 2>&1 || ( type groupadd 1>/dev/null 2>&1 && groupadd -g 0 root || addgroup -g 0 -S root )) && ( type useradd 1>/dev/null 2>&1 && useradd --system --create-home --uid 1001 --gid 0 demiourgos728 || adduser -S -u 1001 -G root demiourgos728 ))[0m
[0m[[0m[31merror[0m] [0m[0m#5 sha256:740c6fb31cf9c62b98ac2997a42fb18012ad54cc1e1e3cacf483c2caec9b9297[0m
[0m[[0m[31merror[0m] [0m[0m#5 CACHED[0m
[0m[[0m[31merror[0m] [0m[0m#7 [stage0 2/7] WORKDIR /opt/docker[0m
[0m[[0m[31merror[0m] [0m[0m#7 sha256:daf6d0678d6b541a18bdb361f9256b73eeeb25e6e25544f7132880dbf86d1c4e[0m
[0m[[0m[31merror[0m] [0m[0m#7 CACHED[0m
[0m[[0m[31merror[0m] [0m[0m#13 [stage0 7/7] RUN ["chmod", "u+x,g+x", "/4/opt/docker/bin/processor"][0m
[0m[[0m[31merror[0m] [0m[0m#13 sha256:a7e5bd997db7416626bcf74f58a0075e6b8f24fc5c1611c3f0715f3c8588802e[0m
[0m[[0m[31merror[0m] [0m[0m#13 CACHED[0m
[0m[[0m[31merror[0m] [0m[0m#15 [mainstage 5/5] COPY --from=stage0 --chown=demiourgos728:root /4/opt/docker /opt/docker[0m
[0m[[0m[31merror[0m] [0m[0m#15 sha256:32a13a2e916a6fcd8b50392e984b4a10513cb7cc244c462ca55f6a1c891025a3[0m
[0m[[0m[31merror[0m] [0m[0m#8 DONE 0.5s[0m
[0m[[0m[31merror[0m] [0m[0m#8 DONE 0.4s[0m
[0m[[0m[31merror[0m] [0m[0m#15 CACHED[0m
[0m[[0m[31merror[0m] [0m[0m#9 DONE 0.5s[0m
[0m[[0m[31merror[0m] [0m[0m#9 [stage0 3/7] COPY 2/opt /2/opt[0m
[0m[[0m[31merror[0m] [0m[0m#9 sha256:84bc85c4df864c7b908c0da7783bdea0d4369cbf710738637280f22d8c922850[0m
[0m[[0m[31merror[0m] [0m[0m#9 CACHED[0m
[0m[[0m[31merror[0m] [0m[0m#12 [stage0 6/7] RUN ["chmod", "-R", "u=rX,g=rX", "/4/opt/docker"][0m
[0m[[0m[31merror[0m] [0m[0m#12 sha256:4d4bd7020943c6aa3b59000ce8f4bcdbbfd2fccb81c1ed3ca879b7fdb13e18ea[0m
[0m[[0m[31merror[0m] [0m[0m#12 CACHED[0m
[0m[[0m[31merror[0m] [0m[0m#13 [stage0 7/7] RUN ["chmod", "u+x,g+x", "/4/opt/docker/bin/snapshots"][0m
[0m[[0m[31merror[0m] [0m[0m#13 sha256:1a8c172c5c2047b9a8f4459308b1db0fc36e2c3a3467309c2e50c503ba482f47[0m
[0m[[0m[31merror[0m] [0m[0m#13 CACHED[0m
[0m[[0m[31merror[0m] [0m[0m#14 [mainstage 4/5] COPY --from=stage0 --chown=demiourgos728:root /2/opt/docker /opt/docker[0m
[0m[[0m[31merror[0m] [0m[0m#14 sha256:38129c239fcb96582a3b8edbd674daebbfcd31f4fc2ad876ac565b2510efcab5[0m
[0m[[0m[31merror[0m] [0m[0m#14 CACHED[0m
[0m[[0m[31merror[0m] [0m[0m#7 [stage0 2/7] WORKDIR /opt/docker[0m
[0m[[0m[31merror[0m] [0m[0m#7 sha256:daf6d0678d6b541a18bdb361f9256b73eeeb25e6e25544f7132880dbf86d1c4e[0m
[0m[[0m[31merror[0m] [0m[0m#7 CACHED[0m
[0m[[0m[31merror[0m] [0m[0m#6 [mainstage 3/5] WORKDIR /opt/docker[0m
[0m[[0m[31merror[0m] [0m[0m#6 sha256:edbe99f7e4170c0eb6aea3367e086a95d567b639243db4460b202cb23755d25a[0m
[0m[[0m[31merror[0m] [0m[0m#6 CACHED[0m
[0m[[0m[31merror[0m] [0m[0m#10 [stage0 4/7] COPY 4/opt /4/opt[0m
[0m[[0m[31merror[0m] [0m[0m#10 sha256:abe9643e99acf57901a5b9eb21deba20de2e5b61cb8ffc127936eb90addf8640[0m
[0m[[0m[31merror[0m] [0m[0m#10 CACHED[0m
[0m[[0m[31merror[0m] [0m[0m#11 [stage0 5/7] RUN ["chmod", "-R", "u=rX,g=rX", "/2/opt/docker"][0m
[0m[[0m[31merror[0m] [0m[0m#11 sha256:b2e0d666b495ec2fae3b9a4648ecd169ef96b13d68c3f6430146c20470ee3603[0m
[0m[[0m[31merror[0m] [0m[0m#11 CACHED[0m
[0m[[0m[31merror[0m] [0m[0m#5 [mainstage 2/5] RUN id -u demiourgos728 1>/dev/null 2>&1 || (( getent group 0 1>/dev/null 2>&1 || ( type groupadd 1>/dev/null 2>&1 && groupadd -g 0 root || addgroup -g 0 -S root )) && ( type useradd 1>/dev/null 2>&1 && useradd --system --create-home --uid 1001 --gid 0 demiourgos728 || adduser -S -u 1001 -G root demiourgos728 ))[0m
[0m[[0m[31merror[0m] [0m[0m#5 sha256:740c6fb31cf9c62b98ac2997a42fb18012ad54cc1e1e3cacf483c2caec9b9297[0m
[0m[[0m[31merror[0m] [0m[0m#5 CACHED[0m
[0m[[0m[31merror[0m] [0m[0m#15 [mainstage 5/5] COPY --from=stage0 --chown=demiourgos728:root /4/opt/docker /opt/docker[0m
[0m[[0m[31merror[0m] [0m[0m#15 sha256:69acf2eaef074c6c2db8e5ee3b12d2e8798ca6705469f0704455c404118c57f5[0m
[0m[[0m[31merror[0m] [0m[0m#15 CACHED[0m
[0m[[0m[31merror[0m] [0m[0m#16 exporting to image[0m
[0m[[0m[31merror[0m] [0m[0m#16 sha256:e8c613e07b0b7ff33893b694f7759a10d42e180f2b4dc349fb57dc6b71dcab00[0m
[0m[[0m[31merror[0m] [0m[0m#16 exporting layers done[0m
[0m[[0m[31merror[0m] [0m[0m#7 DONE 0.6s[0m
[0m[[0m[31merror[0m] [0m[0m#16 exporting to image[0m
[0m[[0m[31merror[0m] [0m[0m#16 sha256:e8c613e07b0b7ff33893b694f7759a10d42e180f2b4dc349fb57dc6b71dcab00[0m
[0m[[0m[31merror[0m] [0m[0m#16 exporting layers done[0m
[0m[[0m[31merror[0m] [0m[0m#16 writing image sha256:975e2fea1c2942debac67740b2843f9c300f131e3e0766e29acc75a937ce8b2c 0.0s done[0m
[0m[[0m[31merror[0m] [0m[0m#16 naming to docker.io/library/trading-snapshots:0.1.0 done[0m
[0m[[0m[31merror[0m] [0m[0m#16 naming to docker.io/library/trading-snapshots:latest done[0m
[0m[[0m[31merror[0m] [0m[0m#16 DONE 0.1s[0m
[0m[[0m[31merror[0m] [0m[0m#6 [mainstage 3/5] WORKDIR /opt/docker[0m
[0m[[0m[31merror[0m] [0m[0m#6 sha256:edbe99f7e4170c0eb6aea3367e086a95d567b639243db4460b202cb23755d25a[0m
[0m[[0m[31merror[0m] [0m[0m#6 CACHED[0m
[0m[[0m[31merror[0m] [0m[0m#9 [stage0 3/7] COPY 2/opt /2/opt[0m
[0m[[0m[31merror[0m] [0m[0m#9 sha256:efa1d9bae1f932366859816583988cb2dc64b6acd8f789aa0310462fa0e3b6a7[0m
[0m[[0m[31merror[0m] [0m[0m#9 CACHED[0m
[0m[[0m[31merror[0m] [0m[0m#11 [stage0 5/7] RUN ["chmod", "-R", "u=rX,g=rX", "/2/opt/docker"][0m
[0m[[0m[31merror[0m] [0m[0m#11 sha256:3092fbd80a62c39dda3dff606dfd1b2cae45024dfe9d18dd85e77a15331f9cd6[0m
[0m[[0m[31merror[0m] [0m[0m#11 CACHED[0m
[0m[[0m[31merror[0m] [0m[0m#12 [stage0 6/7] RUN ["chmod", "-R", "u=rX,g=rX", "/4/opt/docker"][0m
[0m[[0m[31merror[0m] [0m[0m#12 sha256:b0e3a7edcca789c9859b694cb98116387aa01bc0adc7d1432cc8405cc35acf19[0m
[0m[[0m[31merror[0m] [0m[0m#12 CACHED[0m
[0m[[0m[31merror[0m] [0m[0m#10 [stage0 4/7] COPY 4/opt /4/opt[0m
[0m[[0m[31merror[0m] [0m[0m#10 sha256:bdecfafcfea377e889d00ccd34222ced1d6b59ef3fe14ebcbe981b277311343b[0m
[0m[[0m[31merror[0m] [0m[0m#10 CACHED[0m
[0m[[0m[31merror[0m] [0m[0m#14 [mainstage 4/5] COPY --from=stage0 --chown=demiourgos728:root /2/opt/docker /opt/docker[0m
[0m[[0m[31merror[0m] [0m[0m#14 sha256:8b11d657589dc89c291633eaa6f2e86a57ec9808a75af423001960364f980208[0m
[0m[[0m[31merror[0m] [0m[0m#14 CACHED[0m
[0m[[0m[31merror[0m] [0m[0m#7 [stage0 2/7] WORKDIR /opt/docker[0m
[0m[[0m[31merror[0m] [0m[0m#7 sha256:daf6d0678d6b541a18bdb361f9256b73eeeb25e6e25544f7132880dbf86d1c4e[0m
[0m[[0m[31merror[0m] [0m[0m#7 CACHED[0m
[0m[[0m[31merror[0m] [0m[0m#13 [stage0 7/7] RUN ["chmod", "u+x,g+x", "/4/opt/docker/bin/ws"][0m
[0m[[0m[31merror[0m] [0m[0m#13 sha256:75f281b14b2f51d5288c52183b8ab4cb29ae075e1af46d467414c12c0f6dc5a2[0m
[0m[[0m[31merror[0m] [0m[0m#13 CACHED[0m
[0m[[0m[31merror[0m] [0m[0m#5 [mainstage 2/5] RUN id -u demiourgos728 1>/dev/null 2>&1 || (( getent group 0 1>/dev/null 2>&1 || ( type groupadd 1>/dev/null 2>&1 && groupadd -g 0 root || addgroup -g 0 -S root )) && ( type useradd 1>/dev/null 2>&1 && useradd --system --create-home --uid 1001 --gid 0 demiourgos728 || adduser -S -u 1001 -G root demiourgos728 ))[0m
[0m[[0m[31merror[0m] [0m[0m#5 sha256:740c6fb31cf9c62b98ac2997a42fb18012ad54cc1e1e3cacf483c2caec9b9297[0m
[0m[[0m[31merror[0m] [0m[0m#5 CACHED[0m
[0m[[0m[31merror[0m] [0m[0m#15 [mainstage 5/5] COPY --from=stage0 --chown=demiourgos728:root /4/opt/docker /opt/docker[0m
[0m[[0m[31merror[0m] [0m[0m#15 sha256:59307c046ea6d6e032a1a78cebd2fe0f9f3456c653a3fdc4137f43909a3f454a[0m
[0m[[0m[31merror[0m] [0m[0m#15 CACHED[0m
[0m[[0m[31merror[0m] [0m[0m#16 exporting to image[0m
[0m[[0m[31merror[0m] [0m[0m#16 sha256:e8c613e07b0b7ff33893b694f7759a10d42e180f2b4dc349fb57dc6b71dcab00[0m
[0m[[0m[31merror[0m] [0m[0m#16 exporting layers done[0m
[0m[[0m[31merror[0m] [0m[0m#16 writing image sha256:812a25cfd9f13c1bc66c51093fd222134386a66f43ac4ae324b0713b45c4db73[0m
[0m[[0m[31merror[0m] [0m[0m#7 transferring context: 4.54MB 1.0s done[0m
[0m[[0m[31merror[0m] [0m[0m#5 [mainstage 3/5] WORKDIR /opt/docker[0m
[0m[[0m[31merror[0m] [0m[0m#5 sha256:edbe99f7e4170c0eb6aea3367e086a95d567b639243db4460b202cb23755d25a[0m
[0m[[0m[31merror[0m] [0m[0m#5 CACHED[0m
[0m[[0m[31merror[0m] [0m[0m#12 [stage0 7/7] RUN ["chmod", "u+x,g+x", "/4/opt/docker/bin/feed"][0m
[0m[[0m[31merror[0m] [0m[0m#12 sha256:46adaf151f1ca0b10abdc6f0bddbae3b7978fd3e16f3e0dd9e19d1b380acd5d6[0m
[0m[[0m[31merror[0m] [0m[0m#10 [stage0 3/7] COPY 2/opt /2/opt[0m
[0m[[0m[31merror[0m] [0m[0m#12 CACHED[0m
[0m[[0m[31merror[0m] [0m[0m#4 [mainstage 2/5] RUN id -u demiourgos728 1>/dev/null 2>&1 || (( getent group 0 1>/dev/null 2>&1 || ( type groupadd 1>/dev/null 2>&1 && groupadd -g 0 root || addgroup -g 0 -S root )) && ( type useradd 1>/dev/null 2>&1 && useradd --system --create-home --uid 1001 --gid 0 demiourgos728 || adduser -S -u 1001 -G root demiourgos728 ))[0m
[0m[[0m[31merror[0m] [0m[0m#10 sha256:f7b3d082ca599c7732bad6671848de8949969b2502503483b6a5629aff627532[0m
[0m[[0m[31merror[0m] [0m[0m#4 sha256:740c6fb31cf9c62b98ac2997a42fb18012ad54cc1e1e3cacf483c2caec9b9297[0m
[0m[[0m[31merror[0m] [0m[0m#10 CACHED[0m
[0m[[0m[31merror[0m] [0m[0m#4 CACHED[0m
[0m[[0m[31merror[0m] [0m[0m#8 [stage0 3/7] COPY 2/opt /2/opt[0m
[0m[[0m[31merror[0m] [0m[0m#8 [stage0 2/7] WORKDIR /opt/docker[0m
[0m[[0m[31merror[0m] [0m[0m#8 sha256:c22cde721661b30f4e1713cd4f39d03cce6adc1302f0ac6a44cf2799a79e0450[0m
[0m[[0m[31merror[0m] [0m[0m#8 sha256:daf6d0678d6b541a18bdb361f9256b73eeeb25e6e25544f7132880dbf86d1c4e[0m
[0m[[0m[31merror[0m] [0m[0m#8 CACHED[0m
[0m[[0m[31merror[0m] [0m[0m#8 CACHED[0m
[0m[[0m[31merror[0m] [0m[0m#6 [mainstage 2/5] RUN id -u demiourgos728 1>/dev/null 2>&1 || (( getent group 0 1>/dev/null 2>&1 || ( type groupadd 1>/dev/null 2>&1 && groupadd -g 0 root || addgroup -g 0 -S root )) && ( type useradd 1>/dev/null 2>&1 && useradd --system --create-home --uid 1001 --gid 0 demiourgos728 || adduser -S -u 1001 -G root demiourgos728 ))[0m
[0m[[0m[31merror[0m] [0m[0m#13 [mainstage 4/5] COPY --from=stage0 --chown=demiourgos728:root /2/opt/docker /opt/docker[0m
[0m[[0m[31merror[0m] [0m[0m#6 sha256:740c6fb31cf9c62b98ac2997a42fb18012ad54cc1e1e3cacf483c2caec9b9297[0m
[0m[[0m[31merror[0m] [0m[0m#13 sha256:444544631017bf8de35cd7ee809ac033c5561aac18d801ca152270741eabafde[0m
[0m[[0m[31merror[0m] [0m[0m#6 CACHED[0m
[0m[[0m[31merror[0m] [0m[0m#13 CACHED[0m
[0m[[0m[31merror[0m] [0m[0m#13 [stage0 6/7] RUN ["chmod", "-R", "u=rX,g=rX", "/4/opt/docker"][0m
[0m[[0m[31merror[0m] [0m[0m#6 [stage0 2/7] WORKDIR /opt/docker[0m
[0m[[0m[31merror[0m] [0m[0m#13 sha256:d831d459d1a5390e41b11aed8fe604203cee152548a92b76c2f38f9a728a65f4[0m
[0m[[0m[31merror[0m] [0m[0m#6 sha256:daf6d0678d6b541a18bdb361f9256b73eeeb25e6e25544f7132880dbf86d1c4e[0m
[0m[[0m[31merror[0m] [0m[0m#13 CACHED[0m
[0m[[0m[31merror[0m] [0m[0m#6 CACHED[0m
[0m[[0m[31merror[0m] [0m[0m#14 [stage0 7/7] RUN ["chmod", "u+x,g+x", "/4/opt/docker/bin/alerts"][0m
[0m[[0m[31merror[0m] [0m[0m#10 [stage0 5/7] RUN ["chmod", "-R", "u=rX,g=rX", "/2/opt/docker"][0m
[0m[[0m[31merror[0m] [0m[0m#14 sha256:55fe99c8924714d0b1cda0ba052d3d812a5d61aaa42014d2811e893a007a34c8[0m
[0m[[0m[31merror[0m] [0m[0m#10 sha256:a5114de4dea5865e0e679cd0f2150974dbb4534c41daa01702b2c4149e9d9fe0[0m
[0m[[0m[31merror[0m] [0m[0m#10 CACHED[0m
[0m[[0m[31merror[0m] [0m[0m#14 CACHED[0m
[0m[[0m[31merror[0m] [0m[0m#11 [stage0 6/7] RUN ["chmod", "-R", "u=rX,g=rX", "/4/opt/docker"][0m
[0m[[0m[31merror[0m] [0m[0m#7 [mainstage 3/5] WORKDIR /opt/docker[0m
[0m[[0m[31merror[0m] [0m[0m#11 sha256:ac4b1c3416d24559cfdbdfcb5c0607eec74382fd99e3b26f1c1ff9e69b7ff73b[0m
[0m[[0m[31merror[0m] [0m[0m#7 sha256:edbe99f7e4170c0eb6aea3367e086a95d567b639243db4460b202cb23755d25a[0m
[0m[[0m[31merror[0m] [0m[0m#11 CACHED[0m
[0m[[0m[31merror[0m] [0m[0m#7 CACHED[0m
[0m[[0m[31merror[0m] [0m[0m#9 [stage0 4/7] COPY 4/opt /4/opt[0m
[0m[[0m[31merror[0m] [0m[0m#11 [stage0 4/7] COPY 4/opt /4/opt[0m
[0m[[0m[31merror[0m] [0m[0m#9 sha256:5aeac9c614c4bb8d8a2a615db0d543e78fd88428305013cad3227f41d3357aec[0m
[0m[[0m[31merror[0m] [0m[0m#11 sha256:7fd3fe0b932369cd939569dc986b6975212595f957a0382021331cc9d300c159[0m
[0m[[0m[31merror[0m] [0m[0m#9 CACHED[0m
[0m[[0m[31merror[0m] [0m[0m#11 CACHED[0m
[0m[[0m[31merror[0m] [0m[0m#14 [mainstage 5/5] COPY --from=stage0 --chown=demiourgos728:root /4/opt/docker /opt/docker[0m
[0m[[0m[31merror[0m] [0m[0m#12 [stage0 5/7] RUN ["chmod", "-R", "u=rX,g=rX", "/2/opt/docker"][0m
[0m[[0m[31merror[0m] [0m[0m#14 sha256:e1a32b1521cf4aa06631079766d1964a64a3f8530cc645501429061d64ec1abf[0m
[0m[[0m[31merror[0m] [0m[0m#12 sha256:69331a18d12dd3b5d36e93da7383b73f41c7c926d656c9e81f7216a7fa8252bf[0m
[0m[[0m[31merror[0m] [0m[0m#14 CACHED[0m
[0m[[0m[31merror[0m] [0m[0m#12 CACHED[0m
[0m[[0m[31merror[0m] [0m[0m#16 exporting to image[0m
[0m[[0m[31merror[0m] [0m[0m#15 [mainstage 4/5] COPY --from=stage0 --chown=demiourgos728:root /2/opt/docker /opt/docker[0m
[0m[[0m[31merror[0m] [0m[0m#16 sha256:e8c613e07b0b7ff33893b694f7759a10d42e180f2b4dc349fb57dc6b71dcab00[0m
[0m[[0m[31merror[0m] [0m[0m#15 sha256:6ccd435ed5bae13c57402dfd468a75efbda750b8ab81c8d27042bb4c5f9f1e74[0m
[0m[[0m[31merror[0m] [0m[0m#16 exporting layers done[0m
[0m[[0m[31merror[0m] [0m[0m#15 CACHED[0m
[0m[[0m[31merror[0m] [0m[0m#16 [mainstage 5/5] COPY --from=stage0 --chown=demiourgos728:root /4/opt/docker /opt/docker[0m
[0m[[0m[31merror[0m] [0m[0m#16 sha256:268658c1896568dd0bde4d72e3d92d481bd4d25ba201d2705a024345dd9f4761[0m
[0m[[0m[31merror[0m] [0m[0m#16 CACHED[0m
[0m[[0m[31merror[0m] [0m[0m#17 exporting to image[0m
[0m[[0m[31merror[0m] [0m[0m#17 sha256:e8c613e07b0b7ff33893b694f7759a10d42e180f2b4dc349fb57dc6b71dcab00[0m
[0m[[0m[31merror[0m] [0m[0m#17 exporting layers done[0m
[0m[[0m[31merror[0m] [0m[0m#7 DONE 1.2s[0m
[0m[[0m[31merror[0m] [0m[0m#16 writing image sha256:a4105c02ff72c8789ffeae3ca7f97aca876e9ca3c336f0918a31fa0f33489614[0m
[0m[[0m[31merror[0m] [0m[0m#17 writing image sha256:2ba63d03ef06221d41a55aabf27103e5d70afcdf689d31738d0fac6b7b3e66af[0m
[0m[[0m[31merror[0m] [0m[0m#16 writing image sha256:3833637aa27d233c3059683b345c2fe09359f73c3c01936dfa66e4fd1571f7b9[0m
[0m[[0m[31merror[0m] [0m[0m#5 [mainstage 3/5] WORKDIR /opt/docker[0m
[0m[[0m[31merror[0m] [0m[0m#5 sha256:edbe99f7e4170c0eb6aea3367e086a95d567b639243db4460b202cb23755d25a[0m
[0m[[0m[31merror[0m] [0m[0m#5 CACHED[0m
[0m[[0m[31merror[0m] [0m[0m#6 [stage0 2/7] WORKDIR /opt/docker[0m
[0m[[0m[31merror[0m] [0m[0m#6 sha256:daf6d0678d6b541a18bdb361f9256b73eeeb25e6e25544f7132880dbf86d1c4e[0m
[0m[[0m[31merror[0m] [0m[0m#6 CACHED[0m
[0m[[0m[31merror[0m] [0m[0m#8 [stage0 3/7] COPY 2/opt /2/opt[0m
[0m[[0m[31merror[0m] [0m[0m#8 sha256:05412811ea3e9c42c5029c082b592d7a4d1d370ffa68737918f0ffc11eb6b898[0m
[0m[[0m[31merror[0m] [0m[0m#8 CACHED[0m
[0m[[0m[31merror[0m] [0m[0m#9 [stage0 4/7] COPY 4/opt /4/opt[0m
[0m[[0m[31merror[0m] [0m[0m#9 sha256:740e29f9aeb34d2d2a5b95e3861c6e064339f24475c44c483680a5520b8e4c50[0m
[0m[[0m[31merror[0m] [0m[0m#9 CACHED[0m
[0m[[0m[31merror[0m] [0m[0m#11 [stage0 6/7] RUN ["chmod", "-R", "u=rX,g=rX", "/4/opt/docker"][0m
[0m[[0m[31merror[0m] [0m[0m#11 sha256:41eabc28a65d75f67463a78fa8068c63d5385ca10becfe38f47003ad2e8f4f6e[0m
[0m[[0m[31merror[0m] [0m[0m#11 CACHED[0m
[0m[[0m[31merror[0m] [0m[0m#4 [mainstage 2/5] RUN id -u demiourgos728 1>/dev/null 2>&1 || (( getent group 0 1>/dev/null 2>&1 || ( type groupadd 1>/dev/null 2>&1 && groupadd -g 0 root || addgroup -g 0 -S root )) && ( type useradd 1>/dev/null 2>&1 && useradd --system --create-home --uid 1001 --gid 0 demiourgos728 || adduser -S -u 1001 -G root demiourgos728 ))[0m
[0m[[0m[31merror[0m] [0m[0m#4 sha256:740c6fb31cf9c62b98ac2997a42fb18012ad54cc1e1e3cacf483c2caec9b9297[0m
[0m[[0m[31merror[0m] [0m[0m#4 CACHED[0m
[0m[[0m[31merror[0m] [0m[0m#12 [stage0 7/7] RUN ["chmod", "u+x,g+x", "/4/opt/docker/bin/tracing"][0m
[0m[[0m[31merror[0m] [0m[0m#12 sha256:5e9afb7605822226d43b87165808750984c2591c68573ce86d5690511bf377e9[0m
[0m[[0m[31merror[0m] [0m[0m#12 CACHED[0m
[0m[[0m[31merror[0m] [0m[0m#10 [stage0 5/7] RUN ["chmod", "-R", "u=rX,g=rX", "/2/opt/docker"][0m
[0m[[0m[31merror[0m] [0m[0m#10 sha256:3c7a486833a916d13ffcfc776bf25ad5087ef6a89a8a1e62e6158b14d3ef20c5[0m
[0m[[0m[31merror[0m] [0m[0m#10 CACHED[0m
[0m[[0m[31merror[0m] [0m[0m#13 [mainstage 4/5] COPY --from=stage0 --chown=demiourgos728:root /2/opt/docker /opt/docker[0m
[0m[[0m[31merror[0m] [0m[0m#13 sha256:c3c95378c18310698ca7a24f02c31901f0486fd959584407feb41ed8407938f2[0m
[0m[[0m[31merror[0m] [0m[0m#13 CACHED[0m
[0m[[0m[31merror[0m] [0m[0m#15 [mainstage 5/5] COPY --from=stage0 --chown=demiourgos728:root /4/opt/docker /opt/docker[0m
[0m[[0m[31merror[0m] [0m[0m#15 sha256:131dccbf62347836a7519ed8320825fdd758661a0725fcb2d8eb92d38f63317e[0m
[0m[[0m[31merror[0m] [0m[0m#15 CACHED[0m
[0m[[0m[31merror[0m] [0m[0m#16 exporting to image[0m
[0m[[0m[31merror[0m] [0m[0m#16 sha256:e8c613e07b0b7ff33893b694f7759a10d42e180f2b4dc349fb57dc6b71dcab00[0m
[0m[[0m[31merror[0m] [0m[0m#16 exporting layers done[0m
[0m[[0m[31merror[0m] [0m[0m#16 writing image sha256:32705a5ae689030506c392cc66c7b3320911cd161cb9eb04a5826dfcff039434[0m
[0m[[0m[31merror[0m] [0m[0m#16 writing image sha256:812a25cfd9f13c1bc66c51093fd222134386a66f43ac4ae324b0713b45c4db73 0.3s done[0m
[0m[[0m[31merror[0m] [0m[0m#16 naming to docker.io/library/trading-processor:0.1.0 done[0m
[0m[[0m[31merror[0m] [0m[0m#16 naming to docker.io/library/trading-processor:latest done[0m
[0m[[0m[31merror[0m] [0m[0m#16 DONE 0.7s[0m
[0m[[0m[31merror[0m] [0m[0m#8 transferring context: 8.55MB 1.3s done[0m
[0m[[0m[31merror[0m] [0m[0m#16 writing image sha256:32705a5ae689030506c392cc66c7b3320911cd161cb9eb04a5826dfcff039434 0.3s done[0m
[0m[[0m[31merror[0m] [0m[0m#16 naming to docker.io/library/trading-tracing:0.1.0 done[0m
[0m[[0m[31merror[0m] [0m[0m#16 naming to docker.io/library/trading-tracing:latest done[0m
[0m[[0m[31merror[0m] [0m[0m#16 DONE 0.4s[0m
[0m[[0m[31merror[0m] [0m[0m#16 writing image sha256:3833637aa27d233c3059683b345c2fe09359f73c3c01936dfa66e4fd1571f7b9 0.4s done[0m
[0m[[0m[31merror[0m] [0m[0m#16 naming to docker.io/library/trading-feed:0.1.0 done[0m
[0m[[0m[31merror[0m] [0m[0m#16 naming to docker.io/library/trading-feed:latest done[0m
[0m[[0m[31merror[0m] [0m[0m#16 DONE 0.5s[0m
[0m[[0m[31merror[0m] [0m[0m#16 writing image sha256:a4105c02ff72c8789ffeae3ca7f97aca876e9ca3c336f0918a31fa0f33489614 0.5s done[0m
[0m[[0m[31merror[0m] [0m[0m#16 naming to docker.io/library/trading-ws:0.1.0 done[0m
[0m[[0m[31merror[0m] [0m[0m#16 naming to docker.io/library/trading-ws:latest done[0m
[0m[[0m[31merror[0m] [0m[0m#16 DONE 0.7s[0m
[0m[[0m[31merror[0m] [0m[0m#17 writing image sha256:2ba63d03ef06221d41a55aabf27103e5d70afcdf689d31738d0fac6b7b3e66af 0.4s done[0m
[0m[[0m[31merror[0m] [0m[0m#17 naming to docker.io/library/trading-alerts:0.1.0 done[0m
[0m[[0m[31merror[0m] [0m[0m#17 naming to docker.io/library/trading-alerts:latest done[0m
[0m[[0m[31merror[0m] [0m[0m#17 DONE 0.5s[0m
[0m[[0m[31merror[0m] [0m[0m#8 DONE 1.8s[0m
[0m[[0m[31merror[0m] [0m[0mUse 'docker scan' to run Snyk tests against images to find vulnerabilities and learn how to fix them[0m
[0m[[0m[31merror[0m] [0m[0mUse 'docker scan' to run Snyk tests against images to find vulnerabilities and learn how to fix them[0m
[0m[[0m[0minfo[0m] [0m[0mRemoving intermediate image(s) (labeled "snp-multi-stage-id=f9f4d235-166a-421e-a7fa-cb3d3f65cc7c") [0m
[0m[[0m[0minfo[0m] [0m[0mRemoving intermediate image(s) (labeled "snp-multi-stage-id=69be1e5a-295c-470a-bf8f-28cc16bc976b") [0m
[0m[[0m[31merror[0m] [0m[0mUse 'docker scan' to run Snyk tests against images to find vulnerabilities and learn how to fix them[0m
[0m[[0m[31merror[0m] [0m[0mUse 'docker scan' to run Snyk tests against images to find vulnerabilities and learn how to fix them[0m
[0m[[0m[31merror[0m] [0m[0mUse 'docker scan' to run Snyk tests against images to find vulnerabilities and learn how to fix them[0m
[0m[[0m[0minfo[0m] [0m[0mRemoving intermediate image(s) (labeled "snp-multi-stage-id=f8dff872-ee9c-4140-a7d8-86480c37217f") [0m
[0m[[0m[0minfo[0m] [0m[0mRemoving intermediate image(s) (labeled "snp-multi-stage-id=048e2e77-6794-4b87-b057-a31b2cc4fde2") [0m
[0m[[0m[0minfo[0m] [0m[0mRemoving intermediate image(s) (labeled "snp-multi-stage-id=c3954f86-1b3e-4fe9-a943-a187c1961eb6") [0m
[0m[[0m[31merror[0m] [0m[0mUse 'docker scan' to run Snyk tests against images to find vulnerabilities and learn how to fix them[0m
[0m[[0m[0minfo[0m] [0m[0mRemoving intermediate image(s) (labeled "snp-multi-stage-id=305bb278-1e3f-4f04-8d63-f975cc0911d0") [0m
[0m[[0m[31merror[0m] [0m[0mError response from daemon: a prune operation is already running[0m
[0m[[0m[31merror[0m] [0m[0mSomething went wrong while removing multi-stage intermediate image(s)[0m
[0m[[0m[0minfo[0m] [0m[0mBuilt image trading-ws with tags [0.1.0, latest][0m
[0m[[0m[31merror[0m] [0m[0mError response from daemon: a prune operation is already running[0m
[0m[[0m[31merror[0m] [0m[0mSomething went wrong while removing multi-stage intermediate image(s)[0m
[0m[[0m[0minfo[0m] [0m[0mBuilt image trading-tracing with tags [0.1.0, latest][0m
[0m[[0m[31merror[0m] [0m[0mError response from daemon: a prune operation is already running[0m
[0m[[0m[31merror[0m] [0m[0mError response from daemon: a prune operation is already running[0m
[0m[[0m[31merror[0m] [0m[0mError response from daemon: a prune operation is already running[0m
[0m[[0m[31merror[0m] [0m[0mSomething went wrong while removing multi-stage intermediate image(s)[0m
[0m[[0m[0minfo[0m] [0m[0mBuilt image trading-feed with tags [0.1.0, latest][0m
[0m[[0m[31merror[0m] [0m[0mSomething went wrong while removing multi-stage intermediate image(s)[0m
[0m[[0m[0minfo[0m] [0m[0mBuilt image trading-snapshots with tags [0.1.0, latest][0m
[0m[[0m[31merror[0m] [0m[0mSomething went wrong while removing multi-stage intermediate image(s)[0m
[0m[[0m[0minfo[0m] [0m[0mBuilt image trading-alerts with tags [0.1.0, latest][0m
[0m[[0m[31merror[0m] [0m[0m#6 [mainstage 3/5] WORKDIR /opt/docker[0m
[0m[[0m[31merror[0m] [0m[0m#6 sha256:edbe99f7e4170c0eb6aea3367e086a95d567b639243db4460b202cb23755d25a[0m
[0m[[0m[31merror[0m] [0m[0m#6 CACHED[0m
[0m[[0m[31merror[0m] [0m[0m#12 [stage0 6/7] RUN ["chmod", "-R", "u=rX,g=rX", "/4/opt/docker"][0m
[0m[[0m[31merror[0m] [0m[0m#12 sha256:b34a6d7aa359297afc8885f5686c1379dfe59e986e70ede187c49985af71a9ff[0m
[0m[[0m[31merror[0m] [0m[0m#12 CACHED[0m
[0m[[0m[31merror[0m] [0m[0m#14 [mainstage 4/5] COPY --from=stage0 --chown=demiourgos728:root /2/opt/docker /opt/docker[0m
[0m[[0m[31merror[0m] [0m[0m#14 sha256:a919bcc5697d36d6dce6533e53caaddb4b4d3c5e152b4330d8e8638a5561666f[0m
[0m[[0m[31merror[0m] [0m[0m#14 CACHED[0m
[0m[[0m[31merror[0m] [0m[0m#5 [mainstage 2/5] RUN id -u demiourgos728 1>/dev/null 2>&1 || (( getent group 0 1>/dev/null 2>&1 || ( type groupadd 1>/dev/null 2>&1 && groupadd -g 0 root || addgroup -g 0 -S root )) && ( type useradd 1>/dev/null 2>&1 && useradd --system --create-home --uid 1001 --gid 0 demiourgos728 || adduser -S -u 1001 -G root demiourgos728 ))[0m
[0m[[0m[31merror[0m] [0m[0m#5 sha256:740c6fb31cf9c62b98ac2997a42fb18012ad54cc1e1e3cacf483c2caec9b9297[0m
[0m[[0m[31merror[0m] [0m[0m#5 CACHED[0m
[0m[[0m[31merror[0m] [0m[0m#9 [stage0 3/7] COPY 2/opt /2/opt[0m
[0m[[0m[31merror[0m] [0m[0m#9 sha256:1fb1933912075ddc5d3da2552ca1cc85c0fef8ed2fb8832ca2056e75560d69b6[0m
[0m[[0m[31merror[0m] [0m[0m#9 CACHED[0m
[0m[[0m[31merror[0m] [0m[0m#11 [stage0 5/7] RUN ["chmod", "-R", "u=rX,g=rX", "/2/opt/docker"][0m
[0m[[0m[31merror[0m] [0m[0m#11 sha256:a80e56b6b3f77ab31eba34311aae76b1ffb4f4428319012eea77f2254d81a323[0m
[0m[[0m[31merror[0m] [0m[0m#11 CACHED[0m
[0m[[0m[31merror[0m] [0m[0m#10 [stage0 4/7] COPY 4/opt /4/opt[0m
[0m[[0m[31merror[0m] [0m[0m#10 sha256:e4c92388629ee312e86527caf2898d22c8a0590328283cbf7f05dc0bedf9dc51[0m
[0m[[0m[31merror[0m] [0m[0m#10 CACHED[0m
[0m[[0m[31merror[0m] [0m[0m#13 [stage0 7/7] RUN ["chmod", "u+x,g+x", "/4/opt/docker/bin/forecasts"][0m
[0m[[0m[31merror[0m] [0m[0m#13 sha256:139ef4b8e01505864e09ed189a55433b8a1ff59dacc8c7e80267e76df88b85ab[0m
[0m[[0m[31merror[0m] [0m[0m#13 CACHED[0m
[0m[[0m[31merror[0m] [0m[0m#7 [stage0 2/7] WORKDIR /opt/docker[0m
[0m[[0m[31merror[0m] [0m[0m#7 sha256:daf6d0678d6b541a18bdb361f9256b73eeeb25e6e25544f7132880dbf86d1c4e[0m
[0m[[0m[31merror[0m] [0m[0m#7 CACHED[0m
[0m[[0m[31merror[0m] [0m[0m#15 [mainstage 5/5] COPY --from=stage0 --chown=demiourgos728:root /4/opt/docker /opt/docker[0m
[0m[[0m[31merror[0m] [0m[0m#15 sha256:18096741367c6527662085fbedcf57bb21eaee61c725e8b9f82dc7c9d18cd672[0m
[0m[[0m[31merror[0m] [0m[0m#15 CACHED[0m
[0m[[0m[31merror[0m] [0m[0m#16 exporting to image[0m
[0m[[0m[31merror[0m] [0m[0m#16 sha256:e8c613e07b0b7ff33893b694f7759a10d42e180f2b4dc349fb57dc6b71dcab00[0m
[0m[[0m[31merror[0m] [0m[0m#16 exporting layers done[0m
[0m[[0m[0minfo[0m] [0m[0mTotal reclaimed space: 0B[0m
[0m[[0m[0minfo[0m] [0m[0mBuilt image trading-processor with tags [0.1.0, latest][0m
[0m[[0m[31merror[0m] [0m[0m#16 writing image sha256:7d0fdf2236812864ff90e8a8d06c96363ce3f96e47e56c2cd5f31f3724a4220b[0m
[0m[[0m[31merror[0m] [0m[0m#16 writing image sha256:7d0fdf2236812864ff90e8a8d06c96363ce3f96e47e56c2cd5f31f3724a4220b 0.3s done[0m
[0m[[0m[31merror[0m] [0m[0m#16 naming to docker.io/library/trading-forecasts:0.1.0 done[0m
[0m[[0m[31merror[0m] [0m[0m#16 naming to docker.io/library/trading-forecasts:latest done[0m
[0m[[0m[31merror[0m] [0m[0m#16 DONE 1.5s[0m
[0m[[0m[31merror[0m] [0m[0mUse 'docker scan' to run Snyk tests against images to find vulnerabilities and learn how to fix them[0m
[0m[[0m[0minfo[0m] [0m[0mRemoving intermediate image(s) (labeled "snp-multi-stage-id=c2c5ac90-7c65-4dd6-a172-10b91ef6e6e4") [0m
[0m[[0m[0minfo[0m] [0m[0mTotal reclaimed space: 0B[0m
[0m[[0m[0minfo[0m] [0m[0mBuilt image trading-forecasts with tags [0.1.0, latest][0m
[0m[[0m[0mdebug[0m] [0m[0mForcing garbage collection...[0m
[0m[[0m[32msuccess[0m] [0m[0mTotal time: 29 s, completed Jun 16, 2022, 10:15:10 PM[0m
[0m[[0m[0mdebug[0m] [0m[0m> Exec(idea-shell, None, None)[0m
