[0m[[0m[0mdebug[0m] [0m[0m> Exec(docker:publishLocal, None, None)[0m
[0m[[0m[0mdebug[0m] [0m[0mEvaluating tasks: alerts / Docker / publishLocal, snapshots / Docker / publishLocal, core / Docker / publishLocal, feed / Docker / publishLocal, forecasts / Docker / publishLocal, processor / Docker / publishLocal, domainJVM / Docker / publishLocal, domainJS / Docker / publishLocal, tracing / Docker / publishLocal, ws / Docker / publishLocal, lib / Docker / publishLocal, demo / Docker / publishLocal, Docker / publishLocal[0m
[0m[[0m[33mwarn[0m] [0m[0msbt 0.13 shell syntax is deprecated; use slash syntax instead: alerts / Docker / publishLocal, snapshots / Docker / publishLocal, core / Docker / publishLocal, feed / Docker / publishLocal, forecasts / Docker / publishLocal, processor / Docker / publishLocal, domainJVM / Docker / publishLocal, domainJS / Docker / publishLocal, tracing / Docker / publishLocal, ws / Docker / publishLocal, lib / Docker / publishLocal, demo / Docker / publishLocal, Docker / publishLocal[0m
[0m[[0m[0mdebug[0m] [0m[0mRunning task... Cancel: Signal, check cycles: false, forcegc: true[0m
[0m[[0m[0minfo[0m] [0m[0mWrote /Users/adriel/Documents/GitHub/trading/modules/tracing/target/scala-3.1.2/tracing_3-0.1.0.pom[0m
[0m[[0m[0minfo[0m] [0m[0mWrote /Users/adriel/Documents/GitHub/trading/modules/alerts/target/scala-3.1.2/alerts_3-0.1.0.pom[0m
[0m[[0m[0minfo[0m] [0m[0mWrote /Users/adriel/Documents/GitHub/trading/modules/forecasts/target/scala-3.1.2/forecasts_3-0.1.0.pom[0m
[0m[[0m[0minfo[0m] [0m[0mWrote /Users/adriel/Documents/GitHub/trading/modules/processor/target/scala-3.1.2/processor_3-0.1.0.pom[0m
[0m[[0m[0minfo[0m] [0m[0mWrote /Users/adriel/Documents/GitHub/trading/modules/snapshots/target/scala-3.1.2/snapshots_3-0.1.0.pom[0m
[0m[[0m[0minfo[0m] [0m[0mWrote /Users/adriel/Documents/GitHub/trading/modules/ws-server/target/scala-3.1.2/ws_3-0.1.0.pom[0m
[0m[[0m[0minfo[0m] [0m[0mWrote /Users/adriel/Documents/GitHub/trading/modules/feed/target/scala-3.1.2/feed_3-0.1.0.pom[0m
[0m[[0m[0minfo[0m] [0m[0mWrote /Users/adriel/Documents/GitHub/trading/modules/lib/target/scala-3.1.2/lib_3-0.1.0.pom[0m
[0m[[0m[0minfo[0m] [0m[0mWrote /Users/adriel/Documents/GitHub/trading/modules/domain/jvm/target/scala-3.1.2/domain_3-0.1.0.pom[0m
[0m[[0m[0minfo[0m] [0m[0mWrote /Users/adriel/Documents/GitHub/trading/modules/core/target/scala-3.1.2/core_3-0.1.0.pom[0m
[0m[[0m[0minfo[0m] [0m[0mWrote /Users/adriel/Documents/GitHub/trading/target/scala-3.1.2/trading-app_3-0.1.0.pom[0m
[0m[[0m[0minfo[0m] [0m[0mWrote /Users/adriel/Documents/GitHub/trading/modules/domain/js/target/scala-3.1.2/domain_sjs1_3-0.1.0.pom[0m
[0m[[0m[0minfo[0m] [0m[0mWrote /Users/adriel/Documents/GitHub/trading/modules/x-demo/target/scala-3.1.2/demo_3-0.1.0.pom[0m
[0m[[0m[0minfo[0m] [0m[0m:: delivering :: dev.profunktor#trading-app_3;0.1.0 :: 0.1.0 :: release :: Thu Jun 16 22:03:43 CDT 2022[0m
[0m[[0m[0minfo[0m] [0m[0m	delivering ivy file to /Users/adriel/Documents/GitHub/trading/target/scala-3.1.2/ivy-0.1.0.xml[0m
[0m[[0m[33mwarn[0m] [0m[0mAttempting to overwrite /Users/adriel/.ivy2/local/dev.profunktor/trading-app_3/0.1.0/poms/trading-app_3.pom (non-SNAPSHOT)[0m
[0m[[0m[33mwarn[0m] [0m[0m	You need to remove it from the cache manually to take effect.[0m
[0m[[0m[33mwarn[0m] [0m[0mAttempting to overwrite /Users/adriel/.ivy2/local/dev.profunktor/trading-app_3/0.1.0/poms/trading-app_3.pom.sha1 (non-SNAPSHOT)[0m
[0m[[0m[33mwarn[0m] [0m[0m	You need to remove it from the cache manually to take effect.[0m
[0m[[0m[33mwarn[0m] [0m[0mAttempting to overwrite /Users/adriel/.ivy2/local/dev.profunktor/trading-app_3/0.1.0/poms/trading-app_3.pom.md5 (non-SNAPSHOT)[0m
[0m[[0m[33mwarn[0m] [0m[0m	You need to remove it from the cache manually to take effect.[0m
[0m[[0m[0minfo[0m] [0m[0m	published trading-app_3 to /Users/adriel/.ivy2/local/dev.profunktor/trading-app_3/0.1.0/poms/trading-app_3.pom[0m
[0m[[0m[33mwarn[0m] [0m[0mAttempting to overwrite /Users/adriel/.ivy2/local/dev.profunktor/trading-app_3/0.1.0/jars/trading-app_3.jar (non-SNAPSHOT)[0m
[0m[[0m[33mwarn[0m] [0m[0m	You need to remove it from the cache manually to take effect.[0m
[0m[[0m[33mwarn[0m] [0m[0mAttempting to overwrite /Users/adriel/.ivy2/local/dev.profunktor/trading-app_3/0.1.0/jars/trading-app_3.jar.sha1 (non-SNAPSHOT)[0m
[0m[[0m[33mwarn[0m] [0m[0m	You need to remove it from the cache manually to take effect.[0m
[0m[[0m[33mwarn[0m] [0m[0mAttempting to overwrite /Users/adriel/.ivy2/local/dev.profunktor/trading-app_3/0.1.0/jars/trading-app_3.jar.md5 (non-SNAPSHOT)[0m
[0m[[0m[33mwarn[0m] [0m[0m	You need to remove it from the cache manually to take effect.[0m
[0m[[0m[0minfo[0m] [0m[0m	published trading-app_3 to /Users/adriel/.ivy2/local/dev.profunktor/trading-app_3/0.1.0/jars/trading-app_3.jar[0m
[0m[[0m[33mwarn[0m] [0m[0mAttempting to overwrite /Users/adriel/.ivy2/local/dev.profunktor/trading-app_3/0.1.0/srcs/trading-app_3-sources.jar (non-SNAPSHOT)[0m
[0m[[0m[33mwarn[0m] [0m[0m	You need to remove it from the cache manually to take effect.[0m
[0m[[0m[33mwarn[0m] [0m[0mAttempting to overwrite /Users/adriel/.ivy2/local/dev.profunktor/trading-app_3/0.1.0/srcs/trading-app_3-sources.jar.sha1 (non-SNAPSHOT)[0m
[0m[[0m[33mwarn[0m] [0m[0m	You need to remove it from the cache manually to take effect.[0m
[0m[[0m[33mwarn[0m] [0m[0mAttempting to overwrite /Users/adriel/.ivy2/local/dev.profunktor/trading-app_3/0.1.0/srcs/trading-app_3-sources.jar.md5 (non-SNAPSHOT)[0m
[0m[[0m[33mwarn[0m] [0m[0m	You need to remove it from the cache manually to take effect.[0m
[0m[[0m[0minfo[0m] [0m[0m	published trading-app_3 to /Users/adriel/.ivy2/local/dev.profunktor/trading-app_3/0.1.0/srcs/trading-app_3-sources.jar[0m
[0m[[0m[33mwarn[0m] [0m[0mAttempting to overwrite /Users/adriel/.ivy2/local/dev.profunktor/trading-app_3/0.1.0/docs/trading-app_3-javadoc.jar (non-SNAPSHOT)[0m
[0m[[0m[33mwarn[0m] [0m[0m	You need to remove it from the cache manually to take effect.[0m
[0m[[0m[33mwarn[0m] [0m[0mAttempting to overwrite /Users/adriel/.ivy2/local/dev.profunktor/trading-app_3/0.1.0/docs/trading-app_3-javadoc.jar.sha1 (non-SNAPSHOT)[0m
[0m[[0m[33mwarn[0m] [0m[0m	You need to remove it from the cache manually to take effect.[0m
[0m[[0m[33mwarn[0m] [0m[0mAttempting to overwrite /Users/adriel/.ivy2/local/dev.profunktor/trading-app_3/0.1.0/docs/trading-app_3-javadoc.jar.md5 (non-SNAPSHOT)[0m
[0m[[0m[33mwarn[0m] [0m[0m	You need to remove it from the cache manually to take effect.[0m
[0m[[0m[0minfo[0m] [0m[0m	published trading-app_3 to /Users/adriel/.ivy2/local/dev.profunktor/trading-app_3/0.1.0/docs/trading-app_3-javadoc.jar[0m
[0m[[0m[33mwarn[0m] [0m[0mAttempting to overwrite /Users/adriel/.ivy2/local/dev.profunktor/trading-app_3/0.1.0/ivys/ivy.xml (non-SNAPSHOT)[0m
[0m[[0m[33mwarn[0m] [0m[0m	You need to remove it from the cache manually to take effect.[0m
[0m[[0m[33mwarn[0m] [0m[0mAttempting to overwrite /Users/adriel/.ivy2/local/dev.profunktor/trading-app_3/0.1.0/ivys/ivy.xml.sha1 (non-SNAPSHOT)[0m
[0m[[0m[33mwarn[0m] [0m[0m	You need to remove it from the cache manually to take effect.[0m
[0m[[0m[33mwarn[0m] [0m[0mAttempting to overwrite /Users/adriel/.ivy2/local/dev.profunktor/trading-app_3/0.1.0/ivys/ivy.xml.md5 (non-SNAPSHOT)[0m
[0m[[0m[33mwarn[0m] [0m[0m	You need to remove it from the cache manually to take effect.[0m
[0m[[0m[0minfo[0m] [0m[0m	published ivy to /Users/adriel/.ivy2/local/dev.profunktor/trading-app_3/0.1.0/ivys/ivy.xml[0m
[0m[[0m[0minfo[0m] [0m[0m:: delivering :: dev.profunktor#domain_sjs1_3;0.1.0 :: 0.1.0 :: release :: Thu Jun 16 22:03:43 CDT 2022[0m
[0m[[0m[0minfo[0m] [0m[0m	delivering ivy file to /Users/adriel/Documents/GitHub/trading/modules/domain/js/target/scala-3.1.2/ivy-0.1.0.xml[0m
[0m[[0m[0minfo[0m] [0m[0m:: delivering :: dev.profunktor#lib_3;0.1.0 :: 0.1.0 :: release :: Thu Jun 16 22:03:43 CDT 2022[0m
[0m[[0m[0minfo[0m] [0m[0m	delivering ivy file to /Users/adriel/Documents/GitHub/trading/modules/lib/target/scala-3.1.2/ivy-0.1.0.xml[0m
[0m[[0m[33mwarn[0m] [0m[0mAttempting to overwrite /Users/adriel/.ivy2/local/dev.profunktor/domain_sjs1_3/0.1.0/poms/domain_sjs1_3.pom (non-SNAPSHOT)[0m
[0m[[0m[33mwarn[0m] [0m[0m	You need to remove it from the cache manually to take effect.[0m
[0m[[0m[33mwarn[0m] [0m[0mAttempting to overwrite /Users/adriel/.ivy2/local/dev.profunktor/domain_sjs1_3/0.1.0/poms/domain_sjs1_3.pom.sha1 (non-SNAPSHOT)[0m
[0m[[0m[33mwarn[0m] [0m[0m	You need to remove it from the cache manually to take effect.[0m
[0m[[0m[33mwarn[0m] [0m[0mAttempting to overwrite /Users/adriel/.ivy2/local/dev.profunktor/domain_sjs1_3/0.1.0/poms/domain_sjs1_3.pom.md5 (non-SNAPSHOT)[0m
[0m[[0m[33mwarn[0m] [0m[0m	You need to remove it from the cache manually to take effect.[0m
[0m[[0m[0minfo[0m] [0m[0m	published domain_sjs1_3 to /Users/adriel/.ivy2/local/dev.profunktor/domain_sjs1_3/0.1.0/poms/domain_sjs1_3.pom[0m
[0m[[0m[33mwarn[0m] [0m[0mAttempting to overwrite /Users/adriel/.ivy2/local/dev.profunktor/domain_sjs1_3/0.1.0/jars/domain_sjs1_3.jar (non-SNAPSHOT)[0m
[0m[[0m[33mwarn[0m] [0m[0m	You need to remove it from the cache manually to take effect.[0m
[0m[[0m[0minfo[0m] [0m[0mMain Scala API documentation to /Users/adriel/Documents/GitHub/trading/modules/core/target/scala-3.1.2/api...[0m
[0m[[0m[33mwarn[0m] [0m[0mAttempting to overwrite /Users/adriel/.ivy2/local/dev.profunktor/domain_sjs1_3/0.1.0/jars/domain_sjs1_3.jar.sha1 (non-SNAPSHOT)[0m
[0m[[0m[33mwarn[0m] [0m[0m	You need to remove it from the cache manually to take effect.[0m
[0m[[0m[33mwarn[0m] [0m[0mAttempting to overwrite /Users/adriel/.ivy2/local/dev.profunktor/domain_sjs1_3/0.1.0/jars/domain_sjs1_3.jar.md5 (non-SNAPSHOT)[0m
[0m[[0m[33mwarn[0m] [0m[0m	You need to remove it from the cache manually to take effect.[0m
[0m[[0m[0minfo[0m] [0m[0m	published domain_sjs1_3 to /Users/adriel/.ivy2/local/dev.profunktor/domain_sjs1_3/0.1.0/jars/domain_sjs1_3.jar[0m
[0m[[0m[33mwarn[0m] [0m[0mAttempting to overwrite /Users/adriel/.ivy2/local/dev.profunktor/domain_sjs1_3/0.1.0/srcs/domain_sjs1_3-sources.jar (non-SNAPSHOT)[0m
[0m[[0m[33mwarn[0m] [0m[0m	You need to remove it from the cache manually to take effect.[0m
[0m[[0m[33mwarn[0m] [0m[0mAttempting to overwrite /Users/adriel/.ivy2/local/dev.profunktor/domain_sjs1_3/0.1.0/srcs/domain_sjs1_3-sources.jar.sha1 (non-SNAPSHOT)[0m
[0m[[0m[33mwarn[0m] [0m[0m	You need to remove it from the cache manually to take effect.[0m
[0m[[0m[0minfo[0m] [0m[0mMain Scala API documentation to /Users/adriel/Documents/GitHub/trading/modules/alerts/target/scala-3.1.2/api...[0m
[0m[[0m[33mwarn[0m] [0m[0mAttempting to overwrite /Users/adriel/.ivy2/local/dev.profunktor/domain_sjs1_3/0.1.0/srcs/domain_sjs1_3-sources.jar.md5 (non-SNAPSHOT)[0m
[0m[[0m[33mwarn[0m] [0m[0m	You need to remove it from the cache manually to take effect.[0m
[0m[[0m[0minfo[0m] [0m[0mMain Scala API documentation to /Users/adriel/Documents/GitHub/trading/modules/tracing/target/scala-3.1.2/api...[0m
[0m[[0m[0minfo[0m] [0m[0m	published domain_sjs1_3 to /Users/adriel/.ivy2/local/dev.profunktor/domain_sjs1_3/0.1.0/srcs/domain_sjs1_3-sources.jar[0m
[0m[[0m[33mwarn[0m] [0m[0mAttempting to overwrite /Users/adriel/.ivy2/local/dev.profunktor/domain_sjs1_3/0.1.0/docs/domain_sjs1_3-javadoc.jar (non-SNAPSHOT)[0m
[0m[[0m[33mwarn[0m] [0m[0m	You need to remove it from the cache manually to take effect.[0m
[0m[[0m[0minfo[0m] [0m[0mMain Scala API documentation to /Users/adriel/Documents/GitHub/trading/modules/snapshots/target/scala-3.1.2/api...[0m
[0m[[0m[33mwarn[0m] [0m[0mAttempting to overwrite /Users/adriel/.ivy2/local/dev.profunktor/domain_sjs1_3/0.1.0/docs/domain_sjs1_3-javadoc.jar.sha1 (non-SNAPSHOT)[0m
[0m[[0m[33mwarn[0m] [0m[0m	You need to remove it from the cache manually to take effect.[0m
[0m[[0m[33mwarn[0m] [0m[0mAttempting to overwrite /Users/adriel/.ivy2/local/dev.profunktor/domain_sjs1_3/0.1.0/docs/domain_sjs1_3-javadoc.jar.md5 (non-SNAPSHOT)[0m
[0m[[0m[33mwarn[0m] [0m[0m	You need to remove it from the cache manually to take effect.[0m
[0m[[0m[0minfo[0m] [0m[0m	published domain_sjs1_3 to /Users/adriel/.ivy2/local/dev.profunktor/domain_sjs1_3/0.1.0/docs/domain_sjs1_3-javadoc.jar[0m
[0m[[0m[33mwarn[0m] [0m[0mAttempting to overwrite /Users/adriel/.ivy2/local/dev.profunktor/domain_sjs1_3/0.1.0/ivys/ivy.xml (non-SNAPSHOT)[0m
[0m[[0m[33mwarn[0m] [0m[0m	You need to remove it from the cache manually to take effect.[0m
[0m[[0m[33mwarn[0m] [0m[0mAttempting to overwrite /Users/adriel/.ivy2/local/dev.profunktor/domain_sjs1_3/0.1.0/ivys/ivy.xml.sha1 (non-SNAPSHOT)[0m
[0m[[0m[33mwarn[0m] [0m[0m	You need to remove it from the cache manually to take effect.[0m
[0m[[0m[33mwarn[0m] [0m[0mAttempting to overwrite /Users/adriel/.ivy2/local/dev.profunktor/domain_sjs1_3/0.1.0/ivys/ivy.xml.md5 (non-SNAPSHOT)[0m
[0m[[0m[33mwarn[0m] [0m[0m	You need to remove it from the cache manually to take effect.[0m
[0m[[0m[0minfo[0m] [0m[0m	published ivy to /Users/adriel/.ivy2/local/dev.profunktor/domain_sjs1_3/0.1.0/ivys/ivy.xml[0m
[0m[[0m[0minfo[0m] [0m[0m:: delivering :: dev.profunktor#domain_3;0.1.0 :: 0.1.0 :: release :: Thu Jun 16 22:03:44 CDT 2022[0m
[0m[[0m[0minfo[0m] [0m[0m	delivering ivy file to /Users/adriel/Documents/GitHub/trading/modules/domain/jvm/target/scala-3.1.2/ivy-0.1.0.xml[0m
[0m[[0m[0minfo[0m] [0m[0mSkipping unused scalacOptions: -Werror, -Xsemanticdb, -Ykind-projector, -semanticdb-target, -source[0m
[0m[[0m[0minfo[0m] [0m[0mSkipping unused scalacOptions: -Werror, -Xsemanticdb, -Ykind-projector, -semanticdb-target, -source[0m
[0m[[0m[0minfo[0m] [0m[0mSkipping unused scalacOptions: -Werror, -Xsemanticdb, -Ykind-projector, -semanticdb-target, -source[0m
[0m[[0m[0minfo[0m] [0m[0mSkipping unused scalacOptions: -Werror, -Xsemanticdb, -Ykind-projector, -semanticdb-target, -source[0m
[0m[[0m[33mwarn[0m] [0m[0mAttempting to overwrite /Users/adriel/.ivy2/local/dev.profunktor/lib_3/0.1.0/poms/lib_3.pom (non-SNAPSHOT)[0m
[0m[[0m[33mwarn[0m] [0m[0m	You need to remove it from the cache manually to take effect.[0m
[0m[[0m[33mwarn[0m] [0m[0mAttempting to overwrite /Users/adriel/.ivy2/local/dev.profunktor/lib_3/0.1.0/poms/lib_3.pom.sha1 (non-SNAPSHOT)[0m
[0m[[0m[33mwarn[0m] [0m[0m	You need to remove it from the cache manually to take effect.[0m
[0m[[0m[33mwarn[0m] [0m[0mAttempting to overwrite /Users/adriel/.ivy2/local/dev.profunktor/lib_3/0.1.0/poms/lib_3.pom.md5 (non-SNAPSHOT)[0m
[0m[[0m[33mwarn[0m] [0m[0m	You need to remove it from the cache manually to take effect.[0m
[0m[[0m[0minfo[0m] [0m[0m	published lib_3 to /Users/adriel/.ivy2/local/dev.profunktor/lib_3/0.1.0/poms/lib_3.pom[0m
[0m[[0m[33mwarn[0m] [0m[0mAttempting to overwrite /Users/adriel/.ivy2/local/dev.profunktor/lib_3/0.1.0/jars/lib_3.jar (non-SNAPSHOT)[0m
[0m[[0m[33mwarn[0m] [0m[0m	You need to remove it from the cache manually to take effect.[0m
[0m[[0m[33mwarn[0m] [0m[0mAttempting to overwrite /Users/adriel/.ivy2/local/dev.profunktor/lib_3/0.1.0/jars/lib_3.jar.sha1 (non-SNAPSHOT)[0m
[0m[[0m[33mwarn[0m] [0m[0m	You need to remove it from the cache manually to take effect.[0m
[0m[[0m[33mwarn[0m] [0m[0mAttempting to overwrite /Users/adriel/.ivy2/local/dev.profunktor/lib_3/0.1.0/jars/lib_3.jar.md5 (non-SNAPSHOT)[0m
[0m[[0m[33mwarn[0m] [0m[0m	You need to remove it from the cache manually to take effect.[0m
[0m[[0m[0minfo[0m] [0m[0m	published lib_3 to /Users/adriel/.ivy2/local/dev.profunktor/lib_3/0.1.0/jars/lib_3.jar[0m
[0m[[0m[33mwarn[0m] [0m[0mAttempting to overwrite /Users/adriel/.ivy2/local/dev.profunktor/lib_3/0.1.0/srcs/lib_3-sources.jar (non-SNAPSHOT)[0m
[0m[[0m[33mwarn[0m] [0m[0m	You need to remove it from the cache manually to take effect.[0m
[0m[[0m[33mwarn[0m] [0m[0mAttempting to overwrite /Users/adriel/.ivy2/local/dev.profunktor/lib_3/0.1.0/srcs/lib_3-sources.jar.sha1 (non-SNAPSHOT)[0m
[0m[[0m[33mwarn[0m] [0m[0m	You need to remove it from the cache manually to take effect.[0m
[0m[[0m[33mwarn[0m] [0m[0mAttempting to overwrite /Users/adriel/.ivy2/local/dev.profunktor/lib_3/0.1.0/srcs/lib_3-sources.jar.md5 (non-SNAPSHOT)[0m
[0m[[0m[33mwarn[0m] [0m[0m	You need to remove it from the cache manually to take effect.[0m
[0m[[0m[0minfo[0m] [0m[0m	published lib_3 to /Users/adriel/.ivy2/local/dev.profunktor/lib_3/0.1.0/srcs/lib_3-sources.jar[0m
[0m[[0m[33mwarn[0m] [0m[0mAttempting to overwrite /Users/adriel/.ivy2/local/dev.profunktor/lib_3/0.1.0/docs/lib_3-javadoc.jar (non-SNAPSHOT)[0m
[0m[[0m[33mwarn[0m] [0m[0m	You need to remove it from the cache manually to take effect.[0m
[0m[[0m[33mwarn[0m] [0m[0mAttempting to overwrite /Users/adriel/.ivy2/local/dev.profunktor/lib_3/0.1.0/docs/lib_3-javadoc.jar.sha1 (non-SNAPSHOT)[0m
[0m[[0m[33mwarn[0m] [0m[0m	You need to remove it from the cache manually to take effect.[0m
[0m[[0m[0minfo[0m] [0m[0mMain Scala API documentation to /Users/adriel/Documents/GitHub/trading/modules/feed/target/scala-3.1.2/api...[0m
[0m[[0m[33mwarn[0m] [0m[0mAttempting to overwrite /Users/adriel/.ivy2/local/dev.profunktor/lib_3/0.1.0/docs/lib_3-javadoc.jar.md5 (non-SNAPSHOT)[0m
[0m[[0m[33mwarn[0m] [0m[0m	You need to remove it from the cache manually to take effect.[0m
[0m[[0m[0minfo[0m] [0m[0m	published lib_3 to /Users/adriel/.ivy2/local/dev.profunktor/lib_3/0.1.0/docs/lib_3-javadoc.jar[0m
[0m[[0m[33mwarn[0m] [0m[0mAttempting to overwrite /Users/adriel/.ivy2/local/dev.profunktor/lib_3/0.1.0/ivys/ivy.xml (non-SNAPSHOT)[0m
[0m[[0m[33mwarn[0m] [0m[0m	You need to remove it from the cache manually to take effect.[0m
[0m[[0m[33mwarn[0m] [0m[0mAttempting to overwrite /Users/adriel/.ivy2/local/dev.profunktor/lib_3/0.1.0/ivys/ivy.xml.sha1 (non-SNAPSHOT)[0m
[0m[[0m[33mwarn[0m] [0m[0m	You need to remove it from the cache manually to take effect.[0m
[0m[[0m[0minfo[0m] [0m[0mSkipping unused scalacOptions: -Werror, -Xsemanticdb, -Ykind-projector, -semanticdb-target, -source[0m
[0m[[0m[33mwarn[0m] [0m[0mAttempting to overwrite /Users/adriel/.ivy2/local/dev.profunktor/lib_3/0.1.0/ivys/ivy.xml.md5 (non-SNAPSHOT)[0m
[0m[[0m[33mwarn[0m] [0m[0m	You need to remove it from the cache manually to take effect.[0m
[0m[[0m[0minfo[0m] [0m[0m	published ivy to /Users/adriel/.ivy2/local/dev.profunktor/lib_3/0.1.0/ivys/ivy.xml[0m
[0m[[0m[33mwarn[0m] [0m[0mAttempting to overwrite /Users/adriel/.ivy2/local/dev.profunktor/domain_3/0.1.0/poms/domain_3.pom (non-SNAPSHOT)[0m
[0m[[0m[33mwarn[0m] [0m[0m	You need to remove it from the cache manually to take effect.[0m
[0m[[0m[33mwarn[0m] [0m[0mAttempting to overwrite /Users/adriel/.ivy2/local/dev.profunktor/domain_3/0.1.0/poms/domain_3.pom.sha1 (non-SNAPSHOT)[0m
[0m[[0m[33mwarn[0m] [0m[0m	You need to remove it from the cache manually to take effect.[0m
[0m[[0m[33mwarn[0m] [0m[0mAttempting to overwrite /Users/adriel/.ivy2/local/dev.profunktor/domain_3/0.1.0/poms/domain_3.pom.md5 (non-SNAPSHOT)[0m
[0m[[0m[33mwarn[0m] [0m[0m	You need to remove it from the cache manually to take effect.[0m
[0m[[0m[0minfo[0m] [0m[0m	published domain_3 to /Users/adriel/.ivy2/local/dev.profunktor/domain_3/0.1.0/poms/domain_3.pom[0m
[0m[[0m[33mwarn[0m] [0m[0mAttempting to overwrite /Users/adriel/.ivy2/local/dev.profunktor/domain_3/0.1.0/jars/domain_3.jar (non-SNAPSHOT)[0m
[0m[[0m[33mwarn[0m] [0m[0m	You need to remove it from the cache manually to take effect.[0m
[0m[[0m[33mwarn[0m] [0m[0mAttempting to overwrite /Users/adriel/.ivy2/local/dev.profunktor/domain_3/0.1.0/jars/domain_3.jar.sha1 (non-SNAPSHOT)[0m
[0m[[0m[33mwarn[0m] [0m[0m	You need to remove it from the cache manually to take effect.[0m
[0m[[0m[33mwarn[0m] [0m[0mAttempting to overwrite /Users/adriel/.ivy2/local/dev.profunktor/domain_3/0.1.0/jars/domain_3.jar.md5 (non-SNAPSHOT)[0m
[0m[[0m[33mwarn[0m] [0m[0m	You need to remove it from the cache manually to take effect.[0m
[0m[[0m[0minfo[0m] [0m[0m	published domain_3 to /Users/adriel/.ivy2/local/dev.profunktor/domain_3/0.1.0/jars/domain_3.jar[0m
[0m[[0m[33mwarn[0m] [0m[0mAttempting to overwrite /Users/adriel/.ivy2/local/dev.profunktor/domain_3/0.1.0/srcs/domain_3-sources.jar (non-SNAPSHOT)[0m
[0m[[0m[33mwarn[0m] [0m[0m	You need to remove it from the cache manually to take effect.[0m
[0m[[0m[33mwarn[0m] [0m[0mAttempting to overwrite /Users/adriel/.ivy2/local/dev.profunktor/domain_3/0.1.0/srcs/domain_3-sources.jar.sha1 (non-SNAPSHOT)[0m
[0m[[0m[33mwarn[0m] [0m[0m	You need to remove it from the cache manually to take effect.[0m
[0m[[0m[33mwarn[0m] [0m[0mAttempting to overwrite /Users/adriel/.ivy2/local/dev.profunktor/domain_3/0.1.0/srcs/domain_3-sources.jar.md5 (non-SNAPSHOT)[0m
[0m[[0m[33mwarn[0m] [0m[0m	You need to remove it from the cache manually to take effect.[0m
[0m[[0m[0minfo[0m] [0m[0m	published domain_3 to /Users/adriel/.ivy2/local/dev.profunktor/domain_3/0.1.0/srcs/domain_3-sources.jar[0m
[0m[[0m[0minfo[0m] [0m[0mMain Scala API documentation to /Users/adriel/Documents/GitHub/trading/modules/forecasts/target/scala-3.1.2/api...[0m
[0m[[0m[33mwarn[0m] [0m[0mAttempting to overwrite /Users/adriel/.ivy2/local/dev.profunktor/domain_3/0.1.0/docs/domain_3-javadoc.jar (non-SNAPSHOT)[0m
[0m[[0m[33mwarn[0m] [0m[0m	You need to remove it from the cache manually to take effect.[0m
[0m[[0m[0minfo[0m] [0m[0mSkipping unused scalacOptions: -Werror, -Xsemanticdb, -Ykind-projector, -semanticdb-target, -source[0m
[0m[[0m[33mwarn[0m] [0m[0mAttempting to overwrite /Users/adriel/.ivy2/local/dev.profunktor/domain_3/0.1.0/docs/domain_3-javadoc.jar.sha1 (non-SNAPSHOT)[0m
[0m[[0m[33mwarn[0m] [0m[0m	You need to remove it from the cache manually to take effect.[0m
[0m[[0m[33mwarn[0m] [0m[0mAttempting to overwrite /Users/adriel/.ivy2/local/dev.profunktor/domain_3/0.1.0/docs/domain_3-javadoc.jar.md5 (non-SNAPSHOT)[0m
[0m[[0m[33mwarn[0m] [0m[0m	You need to remove it from the cache manually to take effect.[0m
[0m[[0m[0minfo[0m] [0m[0m	published domain_3 to /Users/adriel/.ivy2/local/dev.profunktor/domain_3/0.1.0/docs/domain_3-javadoc.jar[0m
[0m[[0m[33mwarn[0m] [0m[0mAttempting to overwrite /Users/adriel/.ivy2/local/dev.profunktor/domain_3/0.1.0/ivys/ivy.xml (non-SNAPSHOT)[0m
[0m[[0m[33mwarn[0m] [0m[0m	You need to remove it from the cache manually to take effect.[0m
[0m[[0m[33mwarn[0m] [0m[0mAttempting to overwrite /Users/adriel/.ivy2/local/dev.profunktor/domain_3/0.1.0/ivys/ivy.xml.sha1 (non-SNAPSHOT)[0m
[0m[[0m[33mwarn[0m] [0m[0m	You need to remove it from the cache manually to take effect.[0m
[0m[[0m[33mwarn[0m] [0m[0mAttempting to overwrite /Users/adriel/.ivy2/local/dev.profunktor/domain_3/0.1.0/ivys/ivy.xml.md5 (non-SNAPSHOT)[0m
[0m[[0m[33mwarn[0m] [0m[0m	You need to remove it from the cache manually to take effect.[0m
[0m[[0m[0minfo[0m] [0m[0m	published ivy to /Users/adriel/.ivy2/local/dev.profunktor/domain_3/0.1.0/ivys/ivy.xml[0m
[0m[[0m[0minfo[0m] [0m[0mMain Scala API documentation to /Users/adriel/Documents/GitHub/trading/modules/ws-server/target/scala-3.1.2/api...[0m
[0m[[0m[0minfo[0m] [0m[0mSkipping unused scalacOptions: -Werror, -Xsemanticdb, -Ykind-projector, -semanticdb-target, -source[0m
[0m[[0m[0minfo[0m] [0m[0mMain Scala API documentation to /Users/adriel/Documents/GitHub/trading/modules/processor/target/scala-3.1.2/api...[0m
[0m[[0m[0minfo[0m] [0m[0mSkipping unused scalacOptions: -Werror, -Xsemanticdb, -Ykind-projector, -semanticdb-target, -source[0m
[0m[[0m[0minfo[0m] [0m[0mMain Scala API documentation successful.[0m
[0m[[0m[0minfo[0m] [0m[0mMain Scala API documentation successful.[0m
[0m[[0m[0minfo[0m] [0m[0mMain Scala API documentation successful.[0m
[0m[[0m[0minfo[0m] [0m[0mMain Scala API documentation successful.[0m
[0m[[0m[0minfo[0m] [0m[0mMain Scala API documentation successful.[0m
[0m[[0m[0minfo[0m] [0m[0mMain Scala API documentation successful.[0m
[0m[[0m[33mwarn[0m] [0m[0mmultiple main classes detected: run 'show discoveredMainClasses' to see the list[0m
[0m[[0m[0minfo[0m] [0m[0mMain Scala API documentation successful.[0m
[0m[[0m[0minfo[0m] [0m[0mMain Scala API documentation to /Users/adriel/Documents/GitHub/trading/modules/x-demo/target/scala-3.1.2/api...[0m
[0m[[0m[0minfo[0m] [0m[0mSkipping unused scalacOptions: -Werror, -Xsemanticdb, -Ykind-projector, -semanticdb-target, -source[0m
[0m[[0m[0minfo[0m] [0m[0mMain Scala API documentation successful.[0m
[0m[[0m[0minfo[0m] [0m[0m:: delivering :: dev.profunktor#core_3;0.1.0 :: 0.1.0 :: release :: Thu Jun 16 22:03:53 CDT 2022[0m
[0m[[0m[0minfo[0m] [0m[0m	delivering ivy file to /Users/adriel/Documents/GitHub/trading/modules/core/target/scala-3.1.2/ivy-0.1.0.xml[0m
[0m[[0m[33mwarn[0m] [0m[0mAttempting to overwrite /Users/adriel/.ivy2/local/dev.profunktor/core_3/0.1.0/poms/core_3.pom (non-SNAPSHOT)[0m
[0m[[0m[33mwarn[0m] [0m[0m	You need to remove it from the cache manually to take effect.[0m
[0m[[0m[33mwarn[0m] [0m[0mAttempting to overwrite /Users/adriel/.ivy2/local/dev.profunktor/core_3/0.1.0/poms/core_3.pom.sha1 (non-SNAPSHOT)[0m
[0m[[0m[33mwarn[0m] [0m[0m	You need to remove it from the cache manually to take effect.[0m
[0m[[0m[33mwarn[0m] [0m[0mAttempting to overwrite /Users/adriel/.ivy2/local/dev.profunktor/core_3/0.1.0/poms/core_3.pom.md5 (non-SNAPSHOT)[0m
[0m[[0m[33mwarn[0m] [0m[0m	You need to remove it from the cache manually to take effect.[0m
[0m[[0m[0minfo[0m] [0m[0m	published core_3 to /Users/adriel/.ivy2/local/dev.profunktor/core_3/0.1.0/poms/core_3.pom[0m
[0m[[0m[33mwarn[0m] [0m[0mAttempting to overwrite /Users/adriel/.ivy2/local/dev.profunktor/core_3/0.1.0/jars/core_3.jar (non-SNAPSHOT)[0m
[0m[[0m[33mwarn[0m] [0m[0m	You need to remove it from the cache manually to take effect.[0m
[0m[[0m[33mwarn[0m] [0m[0mAttempting to overwrite /Users/adriel/.ivy2/local/dev.profunktor/core_3/0.1.0/jars/core_3.jar.sha1 (non-SNAPSHOT)[0m
[0m[[0m[33mwarn[0m] [0m[0m	You need to remove it from the cache manually to take effect.[0m
[0m[[0m[33mwarn[0m] [0m[0mAttempting to overwrite /Users/adriel/.ivy2/local/dev.profunktor/core_3/0.1.0/jars/core_3.jar.md5 (non-SNAPSHOT)[0m
[0m[[0m[33mwarn[0m] [0m[0m	You need to remove it from the cache manually to take effect.[0m
[0m[[0m[0minfo[0m] [0m[0m	published core_3 to /Users/adriel/.ivy2/local/dev.profunktor/core_3/0.1.0/jars/core_3.jar[0m
[0m[[0m[33mwarn[0m] [0m[0mAttempting to overwrite /Users/adriel/.ivy2/local/dev.profunktor/core_3/0.1.0/srcs/core_3-sources.jar (non-SNAPSHOT)[0m
[0m[[0m[33mwarn[0m] [0m[0m	You need to remove it from the cache manually to take effect.[0m
[0m[[0m[33mwarn[0m] [0m[0mAttempting to overwrite /Users/adriel/.ivy2/local/dev.profunktor/core_3/0.1.0/srcs/core_3-sources.jar.sha1 (non-SNAPSHOT)[0m
[0m[[0m[33mwarn[0m] [0m[0m	You need to remove it from the cache manually to take effect.[0m
[0m[[0m[33mwarn[0m] [0m[0mAttempting to overwrite /Users/adriel/.ivy2/local/dev.profunktor/core_3/0.1.0/srcs/core_3-sources.jar.md5 (non-SNAPSHOT)[0m
[0m[[0m[33mwarn[0m] [0m[0m	You need to remove it from the cache manually to take effect.[0m
[0m[[0m[0minfo[0m] [0m[0m	published core_3 to /Users/adriel/.ivy2/local/dev.profunktor/core_3/0.1.0/srcs/core_3-sources.jar[0m
[0m[[0m[33mwarn[0m] [0m[0mAttempting to overwrite /Users/adriel/.ivy2/local/dev.profunktor/core_3/0.1.0/docs/core_3-javadoc.jar (non-SNAPSHOT)[0m
[0m[[0m[33mwarn[0m] [0m[0m	You need to remove it from the cache manually to take effect.[0m
[0m[[0m[33mwarn[0m] [0m[0mAttempting to overwrite /Users/adriel/.ivy2/local/dev.profunktor/core_3/0.1.0/docs/core_3-javadoc.jar.sha1 (non-SNAPSHOT)[0m
[0m[[0m[33mwarn[0m] [0m[0m	You need to remove it from the cache manually to take effect.[0m
[0m[[0m[33mwarn[0m] [0m[0mAttempting to overwrite /Users/adriel/.ivy2/local/dev.profunktor/core_3/0.1.0/docs/core_3-javadoc.jar.md5 (non-SNAPSHOT)[0m
[0m[[0m[33mwarn[0m] [0m[0m	You need to remove it from the cache manually to take effect.[0m
[0m[[0m[0minfo[0m] [0m[0m	published core_3 to /Users/adriel/.ivy2/local/dev.profunktor/core_3/0.1.0/docs/core_3-javadoc.jar[0m
[0m[[0m[33mwarn[0m] [0m[0mAttempting to overwrite /Users/adriel/.ivy2/local/dev.profunktor/core_3/0.1.0/ivys/ivy.xml (non-SNAPSHOT)[0m
[0m[[0m[33mwarn[0m] [0m[0m	You need to remove it from the cache manually to take effect.[0m
[0m[[0m[33mwarn[0m] [0m[0mAttempting to overwrite /Users/adriel/.ivy2/local/dev.profunktor/core_3/0.1.0/ivys/ivy.xml.sha1 (non-SNAPSHOT)[0m
[0m[[0m[33mwarn[0m] [0m[0m	You need to remove it from the cache manually to take effect.[0m
[0m[[0m[33mwarn[0m] [0m[0mAttempting to overwrite /Users/adriel/.ivy2/local/dev.profunktor/core_3/0.1.0/ivys/ivy.xml.md5 (non-SNAPSHOT)[0m
[0m[[0m[33mwarn[0m] [0m[0m	You need to remove it from the cache manually to take effect.[0m
[0m[[0m[0minfo[0m] [0m[0m	published ivy to /Users/adriel/.ivy2/local/dev.profunktor/core_3/0.1.0/ivys/ivy.xml[0m
[0m[[0m[32msuccess[0m] [0m[0mAll package validations passed[0m
[0m[[0m[32msuccess[0m] [0m[0mAll package validations passed[0m
[0m[[0m[32msuccess[0m] [0m[0mAll package validations passed[0m
[0m[[0m[32msuccess[0m] [0m[0mAll package validations passed[0m
[0m[[0m[32msuccess[0m] [0m[0mAll package validations passed[0m
[0m[[0m[32msuccess[0m] [0m[0mAll package validations passed[0m
[0m[[0m[32msuccess[0m] [0m[0mAll package validations passed[0m
[0m[[0m[0minfo[0m] [0m[0mMain Scala API documentation successful.[0m
[0m[[0m[0minfo[0m] [0m[0m:: delivering :: dev.profunktor#demo_3;0.1.0 :: 0.1.0 :: release :: Thu Jun 16 22:03:59 CDT 2022[0m
[0m[[0m[0minfo[0m] [0m[0m	delivering ivy file to /Users/adriel/Documents/GitHub/trading/modules/x-demo/target/scala-3.1.2/ivy-0.1.0.xml[0m
[0m[[0m[33mwarn[0m] [0m[0mAttempting to overwrite /Users/adriel/.ivy2/local/dev.profunktor/demo_3/0.1.0/poms/demo_3.pom (non-SNAPSHOT)[0m
[0m[[0m[33mwarn[0m] [0m[0m	You need to remove it from the cache manually to take effect.[0m
[0m[[0m[33mwarn[0m] [0m[0mAttempting to overwrite /Users/adriel/.ivy2/local/dev.profunktor/demo_3/0.1.0/poms/demo_3.pom.sha1 (non-SNAPSHOT)[0m
[0m[[0m[33mwarn[0m] [0m[0m	You need to remove it from the cache manually to take effect.[0m
[0m[[0m[33mwarn[0m] [0m[0mAttempting to overwrite /Users/adriel/.ivy2/local/dev.profunktor/demo_3/0.1.0/poms/demo_3.pom.md5 (non-SNAPSHOT)[0m
[0m[[0m[33mwarn[0m] [0m[0m	You need to remove it from the cache manually to take effect.[0m
[0m[[0m[0minfo[0m] [0m[0m	published demo_3 to /Users/adriel/.ivy2/local/dev.profunktor/demo_3/0.1.0/poms/demo_3.pom[0m
[0m[[0m[33mwarn[0m] [0m[0mAttempting to overwrite /Users/adriel/.ivy2/local/dev.profunktor/demo_3/0.1.0/jars/demo_3.jar (non-SNAPSHOT)[0m
[0m[[0m[33mwarn[0m] [0m[0m	You need to remove it from the cache manually to take effect.[0m
[0m[[0m[33mwarn[0m] [0m[0mAttempting to overwrite /Users/adriel/.ivy2/local/dev.profunktor/demo_3/0.1.0/jars/demo_3.jar.sha1 (non-SNAPSHOT)[0m
[0m[[0m[33mwarn[0m] [0m[0m	You need to remove it from the cache manually to take effect.[0m
[0m[[0m[33mwarn[0m] [0m[0mAttempting to overwrite /Users/adriel/.ivy2/local/dev.profunktor/demo_3/0.1.0/jars/demo_3.jar.md5 (non-SNAPSHOT)[0m
[0m[[0m[33mwarn[0m] [0m[0m	You need to remove it from the cache manually to take effect.[0m
[0m[[0m[0minfo[0m] [0m[0m	published demo_3 to /Users/adriel/.ivy2/local/dev.profunktor/demo_3/0.1.0/jars/demo_3.jar[0m
[0m[[0m[33mwarn[0m] [0m[0mAttempting to overwrite /Users/adriel/.ivy2/local/dev.profunktor/demo_3/0.1.0/srcs/demo_3-sources.jar (non-SNAPSHOT)[0m
[0m[[0m[33mwarn[0m] [0m[0m	You need to remove it from the cache manually to take effect.[0m
[0m[[0m[33mwarn[0m] [0m[0mAttempting to overwrite /Users/adriel/.ivy2/local/dev.profunktor/demo_3/0.1.0/srcs/demo_3-sources.jar.sha1 (non-SNAPSHOT)[0m
[0m[[0m[33mwarn[0m] [0m[0m	You need to remove it from the cache manually to take effect.[0m
[0m[[0m[33mwarn[0m] [0m[0mAttempting to overwrite /Users/adriel/.ivy2/local/dev.profunktor/demo_3/0.1.0/srcs/demo_3-sources.jar.md5 (non-SNAPSHOT)[0m
[0m[[0m[33mwarn[0m] [0m[0m	You need to remove it from the cache manually to take effect.[0m
[0m[[0m[0minfo[0m] [0m[0m	published demo_3 to /Users/adriel/.ivy2/local/dev.profunktor/demo_3/0.1.0/srcs/demo_3-sources.jar[0m
[0m[[0m[33mwarn[0m] [0m[0mAttempting to overwrite /Users/adriel/.ivy2/local/dev.profunktor/demo_3/0.1.0/docs/demo_3-javadoc.jar (non-SNAPSHOT)[0m
[0m[[0m[33mwarn[0m] [0m[0m	You need to remove it from the cache manually to take effect.[0m
[0m[[0m[33mwarn[0m] [0m[0mAttempting to overwrite /Users/adriel/.ivy2/local/dev.profunktor/demo_3/0.1.0/docs/demo_3-javadoc.jar.sha1 (non-SNAPSHOT)[0m
[0m[[0m[33mwarn[0m] [0m[0m	You need to remove it from the cache manually to take effect.[0m
[0m[[0m[33mwarn[0m] [0m[0mAttempting to overwrite /Users/adriel/.ivy2/local/dev.profunktor/demo_3/0.1.0/docs/demo_3-javadoc.jar.md5 (non-SNAPSHOT)[0m
[0m[[0m[33mwarn[0m] [0m[0m	You need to remove it from the cache manually to take effect.[0m
[0m[[0m[0minfo[0m] [0m[0m	published demo_3 to /Users/adriel/.ivy2/local/dev.profunktor/demo_3/0.1.0/docs/demo_3-javadoc.jar[0m
[0m[[0m[33mwarn[0m] [0m[0mAttempting to overwrite /Users/adriel/.ivy2/local/dev.profunktor/demo_3/0.1.0/ivys/ivy.xml (non-SNAPSHOT)[0m
[0m[[0m[33mwarn[0m] [0m[0m	You need to remove it from the cache manually to take effect.[0m
[0m[[0m[33mwarn[0m] [0m[0mAttempting to overwrite /Users/adriel/.ivy2/local/dev.profunktor/demo_3/0.1.0/ivys/ivy.xml.sha1 (non-SNAPSHOT)[0m
[0m[[0m[33mwarn[0m] [0m[0m	You need to remove it from the cache manually to take effect.[0m
[0m[[0m[33mwarn[0m] [0m[0mAttempting to overwrite /Users/adriel/.ivy2/local/dev.profunktor/demo_3/0.1.0/ivys/ivy.xml.md5 (non-SNAPSHOT)[0m
[0m[[0m[33mwarn[0m] [0m[0m	You need to remove it from the cache manually to take effect.[0m
[0m[[0m[0minfo[0m] [0m[0m	published ivy to /Users/adriel/.ivy2/local/dev.profunktor/demo_3/0.1.0/ivys/ivy.xml[0m
[0m[[0m[31merror[0m] [0m[0m#1 [internal] load build definition from Dockerfile[0m
[0m[[0m[31merror[0m] [0m[0m#1 sha256:6f0b09b36cf33e13d5d41b763829b0be02198b1e50aa2fc2a96d8153d023e876[0m
[0m[[0m[31merror[0m] [0m[0m#1 transferring dockerfile: 1.00kB 0.0s done[0m
[0m[[0m[31merror[0m] [0m[0m#1 DONE 0.1s[0m
[0m[[0m[31merror[0m] [0m[0m#1 [internal] load build definition from Dockerfile[0m
[0m[[0m[31merror[0m] [0m[0m#1 sha256:865a38f785df6522d521875ba451963dd4bc266ed53721103715ba537626a592[0m
[0m[[0m[31merror[0m] [0m[0m#1 transferring dockerfile: 993B 0.0s done[0m
[0m[[0m[31merror[0m] [0m[0m#1 DONE 0.1s[0m
[0m[[0m[31merror[0m] [0m[0m#1 [internal] load build definition from Dockerfile[0m
[0m[[0m[31merror[0m] [0m[0m#1 sha256:82446085d2cdf666262025262a961bb6bec931c069a207107709cfc76dc1524b[0m
[0m[[0m[31merror[0m] [0m[0m#1 transferring dockerfile: 1.01kB 0.0s done[0m
[0m[[0m[31merror[0m] [0m[0m#1 [internal] load build definition from Dockerfile[0m
[0m[[0m[31merror[0m] [0m[0m#1 sha256:15c4a9f37d1f41e25a3861235da589a210f99ac6139d90761b68554e1a7bbd13[0m
[0m[[0m[31merror[0m] [0m[0m#1 [internal] load build definition from Dockerfile[0m
[0m[[0m[31merror[0m] [0m[0m#1 sha256:6180546e9396f1e534d58360a2126fe927cd028a4bbbc6e46c43d1a46fababd6[0m
[0m[[0m[31merror[0m] [0m[0m#1 transferring dockerfile:[0m
[0m[[0m[31merror[0m] [0m[0m#1 DONE 0.6s[0m
[0m[[0m[31merror[0m] [0m[0m#1 transferring dockerfile: 1.01kB 0.0s done[0m
[0m[[0m[31merror[0m] [0m[0m#1 transferring dockerfile: 997B 0.0s done[0m
[0m[[0m[31merror[0m] [0m[0m#1 DONE 0.3s[0m
[0m[[0m[31merror[0m] [0m[0m#1 [internal] load build definition from Dockerfile[0m
[0m[[0m[31merror[0m] [0m[0m#1 sha256:e9d8d0d0296f6fff61cca7b1365bfaff610202d63c280a59ad0188a717efa29b[0m
[0m[[0m[31merror[0m] [0m[0m#1 transferring dockerfile: 1.01kB 0.0s done[0m
[0m[[0m[31merror[0m] [0m[0m#1 DONE 0.5s[0m
[0m[[0m[31merror[0m] [0m[0m#1 DONE 0.8s[0m
[0m[[0m[31merror[0m] [0m[0m#1 [internal] load build definition from Dockerfile[0m
[0m[[0m[31merror[0m] [0m[0m#1 sha256:eb6db3be628a8f59155735ec924f14c58b616456c20c016125fcc8907a4f90bc[0m
[0m[[0m[31merror[0m] [0m[0m#1 transferring dockerfile: 1.00kB 0.0s done[0m
[0m[[0m[31merror[0m] [0m[0m#1 DONE 0.1s[0m
[0m[[0m[31merror[0m] [0m[0m#2 [internal] load .dockerignore[0m
[0m[[0m[31merror[0m] [0m[0m#2 sha256:34421f0955d7540450724ee76fe8008c1ab4e681b33db65200309dec8378373b[0m
[0m[[0m[31merror[0m] [0m[0m#2 DONE 0.0s[0m
[0m[[0m[31merror[0m] [0m[0m#2 [internal] load .dockerignore[0m
[0m[[0m[31merror[0m] [0m[0m#2 sha256:34421f0955d7540450724ee76fe8008c1ab4e681b33db65200309dec8378373b[0m
[0m[[0m[31merror[0m] [0m[0m#2 transferring context: 2B 0.0s done[0m
[0m[[0m[31merror[0m] [0m[0m#2 DONE 0.1s[0m
[0m[[0m[31merror[0m] [0m[0m#2 [internal] load .dockerignore[0m
[0m[[0m[31merror[0m] [0m[0m#2 sha256:e585e349dc6422e9a08b575a49fff019e436343eeb513b92c3a3337891c0c17d[0m
[0m[[0m[31merror[0m] [0m[0m#2 transferring context: 2B done[0m
[0m[[0m[31merror[0m] [0m[0m#2 DONE 0.0s[0m
[0m[[0m[31merror[0m] [0m[0m#2 [internal] load .dockerignore[0m
[0m[[0m[31merror[0m] [0m[0m#2 sha256:266b3719e4a51df9a337b725ba930e091f9778aab43396ae0f1224471392a9a8[0m
[0m[[0m[31merror[0m] [0m[0m#2 transferring context: 2B done[0m
[0m[[0m[31merror[0m] [0m[0m#2 DONE 0.0s[0m
[0m[[0m[31merror[0m] [0m[0m#2 [internal] load .dockerignore[0m
[0m[[0m[31merror[0m] [0m[0m#2 sha256:53201c30e74e0699dac02dd0e20c2a249663c3aebc549959e28779dbadb1af5b[0m
[0m[[0m[31merror[0m] [0m[0m#2 transferring context: 2B done[0m
[0m[[0m[31merror[0m] [0m[0m#2 DONE 0.0s[0m
[0m[[0m[31merror[0m] [0m[0m#2 [internal] load .dockerignore[0m
[0m[[0m[31merror[0m] [0m[0m#2 sha256:4f239dd97c7f4b0e5a02f683657a31740ad10fd98249ae5792d29a82428c9030[0m
[0m[[0m[31merror[0m] [0m[0m#2 transferring context: 2B done[0m
[0m[[0m[31merror[0m] [0m[0m#2 DONE 0.0s[0m
[0m[[0m[31merror[0m] [0m[0m#2 [internal] load .dockerignore[0m
[0m[[0m[31merror[0m] [0m[0m#2 sha256:2c9e01ae9d53f1a2250b6b13343ed264dda0474f2a33042b055d96926b16806a[0m
[0m[[0m[31merror[0m] [0m[0m#2 transferring context: 2B done[0m
[0m[[0m[31merror[0m] [0m[0m#2 DONE 0.0s[0m
[0m[[0m[31merror[0m] [0m[0m#2 [internal] load .dockerignore[0m
[0m[[0m[31merror[0m] [0m[0m#2 sha256:9d2bf3f54cff0115613b2d497e576bf3bcfa1e8651ea210539a56cdfe6b54161[0m
[0m[[0m[31merror[0m] [0m[0m#2 transferring context: 2B done[0m
[0m[[0m[31merror[0m] [0m[0m#2 DONE 0.0s[0m
[0m[[0m[31merror[0m] [0m[0m#3 [internal] load metadata for docker.io/library/openjdk:17-slim-buster[0m
[0m[[0m[31merror[0m] [0m[0m#3 sha256:c5e78c43c8242948b279b9e1fc5dc268bcc471c0c1a7b45dc05a6b32d37a869c[0m
[0m[[0m[31merror[0m] [0m[0m#3 [internal] load metadata for docker.io/library/openjdk:17-slim-buster[0m
[0m[[0m[31merror[0m] [0m[0m#3 sha256:c5e78c43c8242948b279b9e1fc5dc268bcc471c0c1a7b45dc05a6b32d37a869c[0m
[0m[[0m[31merror[0m] [0m[0m#3 [internal] load metadata for docker.io/library/openjdk:17-slim-buster[0m
[0m[[0m[31merror[0m] [0m[0m#3 sha256:c5e78c43c8242948b279b9e1fc5dc268bcc471c0c1a7b45dc05a6b32d37a869c[0m
[0m[[0m[31merror[0m] [0m[0m#3 [internal] load metadata for docker.io/library/openjdk:17-slim-buster[0m
[0m[[0m[31merror[0m] [0m[0m#3 sha256:c5e78c43c8242948b279b9e1fc5dc268bcc471c0c1a7b45dc05a6b32d37a869c[0m
[0m[[0m[31merror[0m] [0m[0m#3 [internal] load metadata for docker.io/library/openjdk:17-slim-buster[0m
[0m[[0m[31merror[0m] [0m[0m#3 sha256:c5e78c43c8242948b279b9e1fc5dc268bcc471c0c1a7b45dc05a6b32d37a869c[0m
[0m[[0m[31merror[0m] [0m[0m#3 [internal] load metadata for docker.io/library/openjdk:17-slim-buster[0m
[0m[[0m[31merror[0m] [0m[0m#3 sha256:c5e78c43c8242948b279b9e1fc5dc268bcc471c0c1a7b45dc05a6b32d37a869c[0m
[0m[[0m[31merror[0m] [0m[0m#3 [internal] load metadata for docker.io/library/openjdk:17-slim-buster[0m
[0m[[0m[31merror[0m] [0m[0m#3 sha256:c5e78c43c8242948b279b9e1fc5dc268bcc471c0c1a7b45dc05a6b32d37a869c[0m
[0m[[0m[31merror[0m] [0m[0m#3 ...[0m
[0m[[0m[31merror[0m] [0m[0m#4 [auth] library/openjdk:pull token for registry-1.docker.io[0m
[0m[[0m[31merror[0m] [0m[0m#4 sha256:36b003fed42d638ed34a0a249260c25328ca7d5f053254edc497b793690ea247[0m
[0m[[0m[31merror[0m] [0m[0m#4 DONE 0.0s[0m
[0m[[0m[31merror[0m] [0m[0m#3 [internal] load metadata for docker.io/library/openjdk:17-slim-buster[0m
[0m[[0m[31merror[0m] [0m[0m#3 sha256:c5e78c43c8242948b279b9e1fc5dc268bcc471c0c1a7b45dc05a6b32d37a869c[0m
[0m[[0m[31merror[0m] [0m[0m#3 DONE 1.3s[0m
[0m[[0m[31merror[0m] [0m[0m#3 DONE 1.1s[0m
[0m[[0m[31merror[0m] [0m[0m#4 [stage0 1/7] FROM docker.io/library/openjdk:17-slim-buster@sha256:2e7658fb62d1c6f319ff9870614deaf8e06038dd41eec3d1ecdcfabd186234fd[0m
[0m[[0m[31merror[0m] [0m[0m#4 sha256:46b819bc32dacf32508bad935ddc29e54e4eb6e50fac0838baf1afc74c96a090[0m
[0m[[0m[31merror[0m] [0m[0m#4 DONE 0.0s[0m
[0m[[0m[31merror[0m] [0m[0m#8 [internal] load build context[0m
[0m[[0m[31merror[0m] [0m[0m#8 sha256:173903bab0134f5e5d3552e0cb38589e0d55639f372e3af38a2692ced1061e7c[0m
[0m[[0m[31merror[0m] [0m[0m#8 DONE 0.0s[0m
[0m[[0m[31merror[0m] [0m[0m#3 DONE 1.0s[0m
[0m[[0m[31merror[0m] [0m[0m#4 [stage0 1/7] FROM docker.io/library/openjdk:17-slim-buster@sha256:2e7658fb62d1c6f319ff9870614deaf8e06038dd41eec3d1ecdcfabd186234fd[0m
[0m[[0m[31merror[0m] [0m[0m#4 sha256:46b819bc32dacf32508bad935ddc29e54e4eb6e50fac0838baf1afc74c96a090[0m
[0m[[0m[31merror[0m] [0m[0m#4 DONE 0.0s[0m
[0m[[0m[31merror[0m] [0m[0m#8 [internal] load build context[0m
[0m[[0m[31merror[0m] [0m[0m#8 sha256:d63313c2a737d7e790883ecae471e53c021535f9607824969d9b13308798b4b7[0m
[0m[[0m[31merror[0m] [0m[0m#3 DONE 1.2s[0m
[0m[[0m[31merror[0m] [0m[0m#4 [stage0 1/7] FROM docker.io/library/openjdk:17-slim-buster@sha256:2e7658fb62d1c6f319ff9870614deaf8e06038dd41eec3d1ecdcfabd186234fd[0m
[0m[[0m[31merror[0m] [0m[0m#4 sha256:46b819bc32dacf32508bad935ddc29e54e4eb6e50fac0838baf1afc74c96a090[0m
[0m[[0m[31merror[0m] [0m[0m#4 DONE 0.0s[0m
[0m[[0m[31merror[0m] [0m[0m#8 [internal] load build context[0m
[0m[[0m[31merror[0m] [0m[0m#8 sha256:4b4afe9fbb70183335810943736fba5edeb014068aa58f7a16f47290939b18ca[0m
[0m[[0m[31merror[0m] [0m[0m#3 DONE 1.4s[0m
[0m[[0m[31merror[0m] [0m[0m#3 DONE 1.8s[0m
[0m[[0m[31merror[0m] [0m[0m#3 DONE 1.2s[0m
[0m[[0m[31merror[0m] [0m[0m#4 [stage0 1/7] FROM docker.io/library/openjdk:17-slim-buster@sha256:2e7658fb62d1c6f319ff9870614deaf8e06038dd41eec3d1ecdcfabd186234fd[0m
[0m[[0m[31merror[0m] [0m[0m#4 [stage0 1/7] FROM docker.io/library/openjdk:17-slim-buster@sha256:2e7658fb62d1c6f319ff9870614deaf8e06038dd41eec3d1ecdcfabd186234fd[0m
[0m[[0m[31merror[0m] [0m[0m#5 [stage0 1/7] FROM docker.io/library/openjdk:17-slim-buster@sha256:2e7658fb62d1c6f319ff9870614deaf8e06038dd41eec3d1ecdcfabd186234fd[0m
[0m[[0m[31merror[0m] [0m[0m#4 sha256:46b819bc32dacf32508bad935ddc29e54e4eb6e50fac0838baf1afc74c96a090[0m
[0m[[0m[31merror[0m] [0m[0m#5 sha256:46b819bc32dacf32508bad935ddc29e54e4eb6e50fac0838baf1afc74c96a090[0m
[0m[[0m[31merror[0m] [0m[0m#4 DONE 0.0s[0m
[0m[[0m[31merror[0m] [0m[0m#4 sha256:46b819bc32dacf32508bad935ddc29e54e4eb6e50fac0838baf1afc74c96a090[0m
[0m[[0m[31merror[0m] [0m[0m#8 [internal] load build context[0m
[0m[[0m[31merror[0m] [0m[0m#5 DONE 0.0s[0m
[0m[[0m[31merror[0m] [0m[0m#4 DONE 0.0s[0m
[0m[[0m[31merror[0m] [0m[0m#9 [internal] load build context[0m
[0m[[0m[31merror[0m] [0m[0m#8 sha256:d2c7e66ebe8fb9a58c91852fe620f12aa1c86b5e49ca9f12719b36f9e925007e[0m
[0m[[0m[31merror[0m] [0m[0m#8 [internal] load build context[0m
[0m[[0m[31merror[0m] [0m[0m#9 sha256:987bfff559b799abf1cd058fe046776ef6a8bfb8855e496fdbef1adaa1369efe[0m
[0m[[0m[31merror[0m] [0m[0m#8 sha256:8f996c5d7286a38b497014e684702cc71154130de6d849ea0b3718e16efb2702[0m
[0m[[0m[31merror[0m] [0m[0m#3 [internal] load metadata for docker.io/library/openjdk:17-slim-buster[0m
[0m[[0m[31merror[0m] [0m[0m#3 sha256:c5e78c43c8242948b279b9e1fc5dc268bcc471c0c1a7b45dc05a6b32d37a869c[0m
[0m[[0m[31merror[0m] [0m[0m#3 DONE 1.3s[0m
[0m[[0m[31merror[0m] [0m[0m#4 [stage0 1/7] FROM docker.io/library/openjdk:17-slim-buster@sha256:2e7658fb62d1c6f319ff9870614deaf8e06038dd41eec3d1ecdcfabd186234fd[0m
[0m[[0m[31merror[0m] [0m[0m#4 sha256:46b819bc32dacf32508bad935ddc29e54e4eb6e50fac0838baf1afc74c96a090[0m
[0m[[0m[31merror[0m] [0m[0m#4 DONE 0.0s[0m
[0m[[0m[31merror[0m] [0m[0m#8 [internal] load build context[0m
[0m[[0m[31merror[0m] [0m[0m#8 sha256:c297a4f34d654ccfc91fffad12519a7fa60b1531afda4c412174b7b5ee9ad3db[0m
[0m[[0m[31merror[0m] [0m[0m#8 [internal] load build context[0m
[0m[[0m[31merror[0m] [0m[0m#8 sha256:173903bab0134f5e5d3552e0cb38589e0d55639f372e3af38a2692ced1061e7c[0m
[0m[[0m[31merror[0m] [0m[0m#8 transferring context: 165.77kB 0.4s done[0m
[0m[[0m[31merror[0m] [0m[0m#8 transferring context: 156.15kB 0.3s done[0m
[0m[[0m[31merror[0m] [0m[0m#9 transferring context: 162.00kB 0.9s done[0m
[0m[[0m[31merror[0m] [0m[0m#8 DONE 1.3s[0m
[0m[[0m[31merror[0m] [0m[0m#8 DONE 1.3s[0m
[0m[[0m[31merror[0m] [0m[0m#7 [stage0 2/7] WORKDIR /opt/docker[0m
[0m[[0m[31merror[0m] [0m[0m#7 sha256:daf6d0678d6b541a18bdb361f9256b73eeeb25e6e25544f7132880dbf86d1c4e[0m
[0m[[0m[31merror[0m] [0m[0m#7 CACHED[0m
[0m[[0m[31merror[0m] [0m[0m#9 [stage0 3/7] COPY 2/opt /2/opt[0m
[0m[[0m[31merror[0m] [0m[0m#9 sha256:fb7842ea0dfa09a51dfede05cfdb9fa384deaac61070995c35fd7bd21632819d[0m
[0m[[0m[31merror[0m] [0m[0m#9 CACHED[0m
[0m[[0m[31merror[0m] [0m[0m#10 [stage0 4/7] COPY 4/opt /4/opt[0m
[0m[[0m[31merror[0m] [0m[0m#10 sha256:843e30059ec711dae7bfa77a9469c0522f43a210669a07f429d76c4017b982c6[0m
[0m[[0m[31merror[0m] [0m[0m#7 [stage0 2/7] WORKDIR /opt/docker[0m
[0m[[0m[31merror[0m] [0m[0m#7 sha256:daf6d0678d6b541a18bdb361f9256b73eeeb25e6e25544f7132880dbf86d1c4e[0m
[0m[[0m[31merror[0m] [0m[0m#7 CACHED[0m
[0m[[0m[31merror[0m] [0m[0m#9 [stage0 3/7] COPY 2/opt /2/opt[0m
[0m[[0m[31merror[0m] [0m[0m#9 sha256:02fc9135a82c615398962b8ab5347d432babc19afff8eff1ed0b2e7b2a051408[0m
[0m[[0m[31merror[0m] [0m[0m#9 CACHED[0m
[0m[[0m[31merror[0m] [0m[0m#10 [stage0 4/7] COPY 4/opt /4/opt[0m
[0m[[0m[31merror[0m] [0m[0m#10 sha256:8a5703c8dccd603f3d414df6bdcec82106f05106ee289720cd464d1732f7794a[0m
[0m[[0m[31merror[0m] [0m[0m#9 DONE 1.3s[0m
[0m[[0m[31merror[0m] [0m[0m#8 [stage0 2/7] WORKDIR /opt/docker[0m
[0m[[0m[31merror[0m] [0m[0m#8 sha256:daf6d0678d6b541a18bdb361f9256b73eeeb25e6e25544f7132880dbf86d1c4e[0m
[0m[[0m[31merror[0m] [0m[0m#8 CACHED[0m
[0m[[0m[31merror[0m] [0m[0m#10 [stage0 3/7] COPY 2/opt /2/opt[0m
[0m[[0m[31merror[0m] [0m[0m#10 sha256:5425b44da54d0f1420b23ae116c01508df58bc9bd14a5bd8761f9a729d22ccb4[0m
[0m[[0m[31merror[0m] [0m[0m#10 CACHED[0m
[0m[[0m[31merror[0m] [0m[0m#11 [stage0 4/7] COPY 4/opt /4/opt[0m
[0m[[0m[31merror[0m] [0m[0m#11 sha256:81c7c7ea8660544920677e3026accb4337d779dda0a1b23589a265b5e1e2977d[0m
[0m[[0m[31merror[0m] [0m[0m#8 transferring context: 172.61kB 1.6s done[0m
[0m[[0m[31merror[0m] [0m[0m#8 transferring context: 472.95kB 1.9s done[0m
[0m[[0m[31merror[0m] [0m[0m#8 transferring context: 4.64MB 1.9s done[0m
[0m[[0m[31merror[0m] [0m[0m#8 DONE 2.1s[0m
[0m[[0m[31merror[0m] [0m[0m#8 DONE 2.2s[0m
[0m[[0m[31merror[0m] [0m[0m#10 DONE 0.8s[0m
[0m[[0m[31merror[0m] [0m[0m#11 [stage0 5/7] RUN ["chmod", "-R", "u=rX,g=rX", "/2/opt/docker"][0m
[0m[[0m[31merror[0m] [0m[0m#11 sha256:f4a36b0518c7266e8ab7bd9c9c8faf5e360dfe870d4a1d2673e9d8d577d97e73[0m
[0m[[0m[31merror[0m] [0m[0m#8 transferring context: 8.65MB 2.3s done[0m
[0m[[0m[31merror[0m] [0m[0m#10 DONE 0.8s[0m
[0m[[0m[31merror[0m] [0m[0m#11 [stage0 5/7] RUN ["chmod", "-R", "u=rX,g=rX", "/2/opt/docker"][0m
[0m[[0m[31merror[0m] [0m[0m#11 sha256:1b3613a46f179822ca55552cff575cdb8246141a1a2c436493c74e13e38d5d42[0m
[0m[[0m[31merror[0m] [0m[0m#11 DONE 0.8s[0m
[0m[[0m[31merror[0m] [0m[0m#12 [stage0 5/7] RUN ["chmod", "-R", "u=rX,g=rX", "/2/opt/docker"][0m
[0m[[0m[31merror[0m] [0m[0m#12 sha256:c7833c6437af103fb86d57a4e61aea7195ae699b3e16398adea977d567c4711d[0m
[0m[[0m[31merror[0m] [0m[0m#7 [stage0 2/7] WORKDIR /opt/docker[0m
[0m[[0m[31merror[0m] [0m[0m#7 [stage0 2/7] WORKDIR /opt/docker[0m
[0m[[0m[31merror[0m] [0m[0m#7 sha256:daf6d0678d6b541a18bdb361f9256b73eeeb25e6e25544f7132880dbf86d1c4e[0m
[0m[[0m[31merror[0m] [0m[0m#7 sha256:daf6d0678d6b541a18bdb361f9256b73eeeb25e6e25544f7132880dbf86d1c4e[0m
[0m[[0m[31merror[0m] [0m[0m#7 CACHED[0m
[0m[[0m[31merror[0m] [0m[0m#7 CACHED[0m
[0m[[0m[31merror[0m] [0m[0m#9 [stage0 3/7] COPY 2/opt /2/opt[0m
[0m[[0m[31merror[0m] [0m[0m#9 [stage0 3/7] COPY 2/opt /2/opt[0m
[0m[[0m[31merror[0m] [0m[0m#9 sha256:7edeb81837283f9519ce7835fd88906a13e360d4f8fcdac156c963fca9659846[0m
[0m[[0m[31merror[0m] [0m[0m#9 sha256:34fc3552c0b49247485f5cb8d109a64960952e6679e7073f09e7a4cf5db695fc[0m
[0m[[0m[31merror[0m] [0m[0m#9 CACHED[0m
[0m[[0m[31merror[0m] [0m[0m#9 CACHED[0m
[0m[[0m[31merror[0m] [0m[0m#10 [stage0 4/7] COPY 4/opt /4/opt[0m
[0m[[0m[31merror[0m] [0m[0m#10 sha256:11470496dfd8c21827cc61235aaa1e64dea5d3f50fa882eb863b4c060747fc52[0m
[0m[[0m[31merror[0m] [0m[0m#8 DONE 2.3s[0m
[0m[[0m[31merror[0m] [0m[0m#7 [stage0 2/7] WORKDIR /opt/docker[0m
[0m[[0m[31merror[0m] [0m[0m#7 sha256:daf6d0678d6b541a18bdb361f9256b73eeeb25e6e25544f7132880dbf86d1c4e[0m
[0m[[0m[31merror[0m] [0m[0m#7 CACHED[0m
[0m[[0m[31merror[0m] [0m[0m#9 [stage0 3/7] COPY 2/opt /2/opt[0m
[0m[[0m[31merror[0m] [0m[0m#9 sha256:52b53b27d0ae8e40e7ceb3f3e8b222a102aa8aecf53c6d2ccac77349168c5856[0m
[0m[[0m[31merror[0m] [0m[0m#9 CACHED[0m
[0m[[0m[31merror[0m] [0m[0m#10 [stage0 4/7] COPY 4/opt /4/opt[0m
[0m[[0m[31merror[0m] [0m[0m#10 sha256:6f123223ac7532bae307df6c40999818ca34cddbbaf1c0151c99b8df9d94034d[0m
[0m[[0m[31merror[0m] [0m[0m#8 DONE 2.3s[0m
[0m[[0m[31merror[0m] [0m[0m#7 [stage0 2/7] WORKDIR /opt/docker[0m
[0m[[0m[31merror[0m] [0m[0m#7 sha256:daf6d0678d6b541a18bdb361f9256b73eeeb25e6e25544f7132880dbf86d1c4e[0m
[0m[[0m[31merror[0m] [0m[0m#7 CACHED[0m
[0m[[0m[31merror[0m] [0m[0m#9 [stage0 3/7] COPY 2/opt /2/opt[0m
[0m[[0m[31merror[0m] [0m[0m#9 sha256:0a2992af6f12b2bb562b9f1d06c757440b8e7680090f1bf8cf8c3f255a06835f[0m
[0m[[0m[31merror[0m] [0m[0m#9 CACHED[0m
[0m[[0m[31merror[0m] [0m[0m#10 [stage0 4/7] COPY 4/opt /4/opt[0m
[0m[[0m[31merror[0m] [0m[0m#10 sha256:e1772211f474f3971fd76dc124b078742fe84822f55a65924f91f62b584a534a[0m
[0m[[0m[31merror[0m] [0m[0m#10 [stage0 4/7] COPY 4/opt /4/opt[0m
[0m[[0m[31merror[0m] [0m[0m#10 sha256:38a67dd306394ef1170f1b2220ab0fded12ec98400a3d0f334fac49d18f31e35[0m
[0m[[0m[31merror[0m] [0m[0m#10 DONE 0.4s[0m
[0m[[0m[31merror[0m] [0m[0m#11 [stage0 5/7] RUN ["chmod", "-R", "u=rX,g=rX", "/2/opt/docker"][0m
[0m[[0m[31merror[0m] [0m[0m#11 sha256:54e3f9aa570f519a84bede1499d88e550fe819498d5ef354819d88b657a8ce5b[0m
[0m[[0m[31merror[0m] [0m[0m#10 DONE 0.3s[0m
[0m[[0m[31merror[0m] [0m[0m#11 [stage0 5/7] RUN ["chmod", "-R", "u=rX,g=rX", "/2/opt/docker"][0m
[0m[[0m[31merror[0m] [0m[0m#11 sha256:2a86c0bea0c24c6fa607e76783fe00a55b58765f15692960f651e35b4d78dab4[0m
[0m[[0m[31merror[0m] [0m[0m#10 DONE 0.5s[0m
[0m[[0m[31merror[0m] [0m[0m#11 [stage0 5/7] RUN ["chmod", "-R", "u=rX,g=rX", "/2/opt/docker"][0m
[0m[[0m[31merror[0m] [0m[0m#11 sha256:018c9a929900f72520820e7cdc1f05291b009c6c2d5982d45e453979168cad02[0m
[0m[[0m[31merror[0m] [0m[0m#10 DONE 0.5s[0m
[0m[[0m[31merror[0m] [0m[0m#11 [stage0 5/7] RUN ["chmod", "-R", "u=rX,g=rX", "/2/opt/docker"][0m
[0m[[0m[31merror[0m] [0m[0m#11 sha256:c068dea3ded8c1a4e48a85f26563f63120b776e65b46633d2765eaccf4f14e49[0m
[0m[[0m[31merror[0m] [0m[0m#12 DONE 20.4s[0m
[0m[[0m[31merror[0m] [0m[0m#13 [stage0 6/7] RUN ["chmod", "-R", "u=rX,g=rX", "/4/opt/docker"][0m
[0m[[0m[31merror[0m] [0m[0m#13 sha256:7dd950b969efb39e66f9c9fd4334d8878765b9586947ffda88192efd51331fa4[0m
[0m[[0m[31merror[0m] [0m[0m#11 DONE 20.5s[0m
[0m[[0m[31merror[0m] [0m[0m#12 [stage0 6/7] RUN ["chmod", "-R", "u=rX,g=rX", "/4/opt/docker"][0m
[0m[[0m[31merror[0m] [0m[0m#12 sha256:2d23b7a9cdd685c2c350812d031cffc6c23d1652727d99a0436779456f2fd060[0m
[0m[[0m[31merror[0m] [0m[0m#11 DONE 19.9s[0m
[0m[[0m[31merror[0m] [0m[0m#12 [stage0 6/7] RUN ["chmod", "-R", "u=rX,g=rX", "/4/opt/docker"][0m
[0m[[0m[31merror[0m] [0m[0m#12 sha256:0b2bcf9d9a2964ef5d5def4d3fa725503fa486e6e369df480b20410ca6c74cf4[0m
[0m[[0m[31merror[0m] [0m[0m#11 DONE 20.5s[0m
[0m[[0m[31merror[0m] [0m[0m#12 [stage0 6/7] RUN ["chmod", "-R", "u=rX,g=rX", "/4/opt/docker"][0m
[0m[[0m[31merror[0m] [0m[0m#12 sha256:16ca8656b9f2bfc9c31fdafe378d6eebf899a0bec54165354a243ae734dec74f[0m
[0m[[0m[31merror[0m] [0m[0m#11 DONE 22.3s[0m
[0m[[0m[31merror[0m] [0m[0m#11 DONE 22.3s[0m
[0m[[0m[31merror[0m] [0m[0m#12 [stage0 6/7] RUN ["chmod", "-R", "u=rX,g=rX", "/4/opt/docker"][0m
[0m[[0m[31merror[0m] [0m[0m#12 sha256:2f69d87668529f6df15e05aff16b641965c74ef31055d2dcb270488f4f9a4b20[0m
[0m[[0m[31merror[0m] [0m[0m#12 [stage0 6/7] RUN ["chmod", "-R", "u=rX,g=rX", "/4/opt/docker"][0m
[0m[[0m[31merror[0m] [0m[0m#12 sha256:1743f35d840391fa4ef462b74c4cde9c0ab470828a76f8e3b604b7c21c5bb4a7[0m
[0m[[0m[31merror[0m] [0m[0m#13 DONE 2.6s[0m
[0m[[0m[31merror[0m] [0m[0m#14 [stage0 7/7] RUN ["chmod", "u+x,g+x", "/4/opt/docker/bin/alerts"][0m
[0m[[0m[31merror[0m] [0m[0m#14 sha256:ede212d7ba97946e9417997ea1c0f30b8b210281e3d11f163fd21c3a7246c5b1[0m
[0m[[0m[31merror[0m] [0m[0m#12 DONE 3.1s[0m
[0m[[0m[31merror[0m] [0m[0m#13 [stage0 7/7] RUN ["chmod", "u+x,g+x", "/4/opt/docker/bin/processor"][0m
[0m[[0m[31merror[0m] [0m[0m#13 sha256:07903bd5727f5c131ca712604a1b8c8b9cfdaf6b307b19665a419c06bd7fba98[0m
[0m[[0m[31merror[0m] [0m[0m#12 DONE 3.2s[0m
[0m[[0m[31merror[0m] [0m[0m#13 [stage0 7/7] RUN ["chmod", "u+x,g+x", "/4/opt/docker/bin/feed"][0m
[0m[[0m[31merror[0m] [0m[0m#13 sha256:353b646a33f11fa1b1a4db05ac2c721bade3f0ec812b75642d7662b8835b2a35[0m
[0m[[0m[31merror[0m] [0m[0m#12 DONE 3.3s[0m
[0m[[0m[31merror[0m] [0m[0m#13 [stage0 7/7] RUN ["chmod", "u+x,g+x", "/4/opt/docker/bin/snapshots"][0m
[0m[[0m[31merror[0m] [0m[0m#13 sha256:a605878708a629a5d4d4cc463f7be9feaef4d5c0a5fc6c1b72f8f1c97da9247e[0m
[0m[[0m[31merror[0m] [0m[0m#11 DONE 23.3s[0m
[0m[[0m[31merror[0m] [0m[0m#12 [stage0 6/7] RUN ["chmod", "-R", "u=rX,g=rX", "/4/opt/docker"][0m
[0m[[0m[31merror[0m] [0m[0m#12 sha256:3d7e41c0ca5ab021931def5cf757f7cd3d6788b45081f85a1a2754a36a95b306[0m
[0m[[0m[31merror[0m] [0m[0m#12 DONE 2.8s[0m
[0m[[0m[31merror[0m] [0m[0m#13 [stage0 7/7] RUN ["chmod", "u+x,g+x", "/4/opt/docker/bin/tracing"][0m
[0m[[0m[31merror[0m] [0m[0m#13 sha256:297673e4c10172cd0fc7e36dfe06218c88f3310a05b63e16184088d9fdae7bf9[0m
[0m[[0m[31merror[0m] [0m[0m#14 DONE 3.0s[0m
[0m[[0m[31merror[0m] [0m[0m#12 DONE 3.3s[0m
[0m[[0m[31merror[0m] [0m[0m#13 [stage0 7/7] RUN ["chmod", "u+x,g+x", "/4/opt/docker/bin/ws"][0m
[0m[[0m[31merror[0m] [0m[0m#13 sha256:db4ce195d5107529ab29f42a0b5b8c5c2cccfe94675229e0ae19f5283acbe256[0m
[0m[[0m[31merror[0m] [0m[0m#13 DONE 2.9s[0m
[0m[[0m[31merror[0m] [0m[0m#12 DONE 3.0s[0m
[0m[[0m[31merror[0m] [0m[0m#13 [stage0 7/7] RUN ["chmod", "u+x,g+x", "/4/opt/docker/bin/forecasts"][0m
[0m[[0m[31merror[0m] [0m[0m#13 sha256:850bf582e78b253b800aedf20538ed0fbf49199b57e0928ee26dbd4a4e5e800b[0m
[0m[[0m[31merror[0m] [0m[0m#13 DONE 3.2s[0m
[0m[[0m[31merror[0m] [0m[0m#13 DONE 3.2s[0m
[0m[[0m[31merror[0m] [0m[0m#13 DONE 2.2s[0m
[0m[[0m[31merror[0m] [0m[0m#13 DONE 2.4s[0m
[0m[[0m[31merror[0m] [0m[0m#13 DONE 2.0s[0m
[0m[[0m[31merror[0m] [0m[0m#6 [mainstage 2/5] RUN id -u demiourgos728 1>/dev/null 2>&1 || (( getent group 0 1>/dev/null 2>&1 || ( type groupadd 1>/dev/null 2>&1 && groupadd -g 0 root || addgroup -g 0 -S root )) && ( type useradd 1>/dev/null 2>&1 && useradd --system --create-home --uid 1001 --gid 0 demiourgos728 || adduser -S -u 1001 -G root demiourgos728 ))[0m
[0m[[0m[31merror[0m] [0m[0m#6 sha256:740c6fb31cf9c62b98ac2997a42fb18012ad54cc1e1e3cacf483c2caec9b9297[0m
[0m[[0m[31merror[0m] [0m[0m#6 CACHED[0m
[0m[[0m[31merror[0m] [0m[0m#7 [mainstage 3/5] WORKDIR /opt/docker[0m
[0m[[0m[31merror[0m] [0m[0m#7 sha256:edbe99f7e4170c0eb6aea3367e086a95d567b639243db4460b202cb23755d25a[0m
[0m[[0m[31merror[0m] [0m[0m#7 CACHED[0m
[0m[[0m[31merror[0m] [0m[0m#15 [mainstage 4/5] COPY --from=stage0 --chown=demiourgos728:root /2/opt/docker /opt/docker[0m
[0m[[0m[31merror[0m] [0m[0m#15 sha256:04736610a413b6222a88b60a38eb2a02f0a7a513b6de94c437d1185154638b56[0m
[0m[[0m[31merror[0m] [0m[0m#15 CACHED[0m
[0m[[0m[31merror[0m] [0m[0m#16 [mainstage 5/5] COPY --from=stage0 --chown=demiourgos728:root /4/opt/docker /opt/docker[0m
[0m[[0m[31merror[0m] [0m[0m#16 sha256:aca34f38a9e3579a6d2d6b67c129aa6e5cc974e5b3640d6860602b395a4a4c3f[0m
[0m[[0m[31merror[0m] [0m[0m#16 DONE 0.2s[0m
[0m[[0m[31merror[0m] [0m[0m#17 exporting to image[0m
[0m[[0m[31merror[0m] [0m[0m#17 sha256:e8c613e07b0b7ff33893b694f7759a10d42e180f2b4dc349fb57dc6b71dcab00[0m
[0m[[0m[31merror[0m] [0m[0m#17 exporting layers 0.1s done[0m
[0m[[0m[31merror[0m] [0m[0m#17 writing image sha256:2ba63d03ef06221d41a55aabf27103e5d70afcdf689d31738d0fac6b7b3e66af 0.0s done[0m
[0m[[0m[31merror[0m] [0m[0m#17 naming to docker.io/library/trading-alerts:0.1.0[0m
[0m[[0m[31merror[0m] [0m[0m#5 [mainstage 2/5] RUN id -u demiourgos728 1>/dev/null 2>&1 || (( getent group 0 1>/dev/null 2>&1 || ( type groupadd 1>/dev/null 2>&1 && groupadd -g 0 root || addgroup -g 0 -S root )) && ( type useradd 1>/dev/null 2>&1 && useradd --system --create-home --uid 1001 --gid 0 demiourgos728 || adduser -S -u 1001 -G root demiourgos728 ))[0m
[0m[[0m[31merror[0m] [0m[0m#5 sha256:740c6fb31cf9c62b98ac2997a42fb18012ad54cc1e1e3cacf483c2caec9b9297[0m
[0m[[0m[31merror[0m] [0m[0m#5 CACHED[0m
[0m[[0m[31merror[0m] [0m[0m#6 [mainstage 3/5] WORKDIR /opt/docker[0m
[0m[[0m[31merror[0m] [0m[0m#6 sha256:edbe99f7e4170c0eb6aea3367e086a95d567b639243db4460b202cb23755d25a[0m
[0m[[0m[31merror[0m] [0m[0m#6 CACHED[0m
[0m[[0m[31merror[0m] [0m[0m#14 [mainstage 4/5] COPY --from=stage0 --chown=demiourgos728:root /2/opt/docker /opt/docker[0m
[0m[[0m[31merror[0m] [0m[0m#14 sha256:bdb8c24b01d41b9ede37861a43fbd85403bb3e470a1012e550ed234e7ef56d38[0m
[0m[[0m[31merror[0m] [0m[0m#14 CACHED[0m
[0m[[0m[31merror[0m] [0m[0m#15 [mainstage 5/5] COPY --from=stage0 --chown=demiourgos728:root /4/opt/docker /opt/docker[0m
[0m[[0m[31merror[0m] [0m[0m#15 sha256:b56f14430c4eb3e024dd6dbdf336d8cd9982f9d2605630c0b34ae79e5f01e77d[0m
[0m[[0m[31merror[0m] [0m[0m#17 naming to docker.io/library/trading-alerts:0.1.0 0.0s done[0m
[0m[[0m[31merror[0m] [0m[0m#17 naming to docker.io/library/trading-alerts:latest 0.0s done[0m
[0m[[0m[31merror[0m] [0m[0m#17 DONE 0.2s[0m
[0m[[0m[31merror[0m] [0m[0m#15 DONE 0.8s[0m
[0m[[0m[31merror[0m] [0m[0m#6 [mainstage 3/5] WORKDIR /opt/docker[0m
[0m[[0m[31merror[0m] [0m[0m#6 sha256:edbe99f7e4170c0eb6aea3367e086a95d567b639243db4460b202cb23755d25a[0m
[0m[[0m[31merror[0m] [0m[0m#6 CACHED[0m
[0m[[0m[31merror[0m] [0m[0m#14 [mainstage 4/5] COPY --from=stage0 --chown=demiourgos728:root /2/opt/docker /opt/docker[0m
[0m[[0m[31merror[0m] [0m[0m#14 sha256:3cbb3cbac3bc83ebb51c39d8a01ceb761efee04a22905f0675f99e9db6c22371[0m
[0m[[0m[31merror[0m] [0m[0m#14 CACHED[0m
[0m[[0m[31merror[0m] [0m[0m#5 [mainstage 2/5] RUN id -u demiourgos728 1>/dev/null 2>&1 || (( getent group 0 1>/dev/null 2>&1 || ( type groupadd 1>/dev/null 2>&1 && groupadd -g 0 root || addgroup -g 0 -S root )) && ( type useradd 1>/dev/null 2>&1 && useradd --system --create-home --uid 1001 --gid 0 demiourgos728 || adduser -S -u 1001 -G root demiourgos728 ))[0m
[0m[[0m[31merror[0m] [0m[0m#5 sha256:740c6fb31cf9c62b98ac2997a42fb18012ad54cc1e1e3cacf483c2caec9b9297[0m
[0m[[0m[31merror[0m] [0m[0m#5 CACHED[0m
[0m[[0m[31merror[0m] [0m[0m#15 [mainstage 5/5] COPY --from=stage0 --chown=demiourgos728:root /4/opt/docker /opt/docker[0m
[0m[[0m[31merror[0m] [0m[0m#15 sha256:f2054317b7dcfa1240c4f8663623006387f4ef8a15af7d5b9985bb749a5d53d1[0m
[0m[[0m[31merror[0m] [0m[0m#6 [mainstage 3/5] WORKDIR /opt/docker[0m
[0m[[0m[31merror[0m] [0m[0m#6 sha256:edbe99f7e4170c0eb6aea3367e086a95d567b639243db4460b202cb23755d25a[0m
[0m[[0m[31merror[0m] [0m[0m#6 CACHED[0m
[0m[[0m[31merror[0m] [0m[0m#14 [mainstage 4/5] COPY --from=stage0 --chown=demiourgos728:root /2/opt/docker /opt/docker[0m
[0m[[0m[31merror[0m] [0m[0m#14 sha256:871fd7d7d3ac3b82683bfa7210cd8d801aab0347b022a2c2dfdcdcf655948be6[0m
[0m[[0m[31merror[0m] [0m[0m#14 CACHED[0m
[0m[[0m[31merror[0m] [0m[0m#5 [mainstage 2/5] RUN id -u demiourgos728 1>/dev/null 2>&1 || (( getent group 0 1>/dev/null 2>&1 || ( type groupadd 1>/dev/null 2>&1 && groupadd -g 0 root || addgroup -g 0 -S root )) && ( type useradd 1>/dev/null 2>&1 && useradd --system --create-home --uid 1001 --gid 0 demiourgos728 || adduser -S -u 1001 -G root demiourgos728 ))[0m
[0m[[0m[31merror[0m] [0m[0m#5 sha256:740c6fb31cf9c62b98ac2997a42fb18012ad54cc1e1e3cacf483c2caec9b9297[0m
[0m[[0m[31merror[0m] [0m[0m#5 CACHED[0m
[0m[[0m[31merror[0m] [0m[0m#15 [mainstage 5/5] COPY --from=stage0 --chown=demiourgos728:root /4/opt/docker /opt/docker[0m
[0m[[0m[31merror[0m] [0m[0m#15 sha256:a83e6448b7b7f0b484392a4e058450a81765636e4cf511f879b67c54e9d427ea[0m
[0m[[0m[31merror[0m] [0m[0m#16 exporting to image[0m
[0m[[0m[31merror[0m] [0m[0m#16 sha256:e8c613e07b0b7ff33893b694f7759a10d42e180f2b4dc349fb57dc6b71dcab00[0m
[0m[[0m[31merror[0m] [0m[0m#16 exporting layers[0m
[0m[[0m[31merror[0m] [0m[0m#16 exporting layers 0.4s done[0m
[0m[[0m[31merror[0m] [0m[0mUse 'docker scan' to run Snyk tests against images to find vulnerabilities and learn how to fix them[0m
[0m[[0m[0minfo[0m] [0m[0mRemoving intermediate image(s) (labeled "snp-multi-stage-id=e1e6d449-9203-4335-9da0-f861248dece0") [0m
[0m[[0m[31merror[0m] [0m[0m#6 [mainstage 3/5] WORKDIR /opt/docker[0m
[0m[[0m[31merror[0m] [0m[0m#6 sha256:edbe99f7e4170c0eb6aea3367e086a95d567b639243db4460b202cb23755d25a[0m
[0m[[0m[31merror[0m] [0m[0m#6 CACHED[0m
[0m[[0m[31merror[0m] [0m[0m#5 [mainstage 2/5] RUN id -u demiourgos728 1>/dev/null 2>&1 || (( getent group 0 1>/dev/null 2>&1 || ( type groupadd 1>/dev/null 2>&1 && groupadd -g 0 root || addgroup -g 0 -S root )) && ( type useradd 1>/dev/null 2>&1 && useradd --system --create-home --uid 1001 --gid 0 demiourgos728 || adduser -S -u 1001 -G root demiourgos728 ))[0m
[0m[[0m[31merror[0m] [0m[0m#5 sha256:740c6fb31cf9c62b98ac2997a42fb18012ad54cc1e1e3cacf483c2caec9b9297[0m
[0m[[0m[31merror[0m] [0m[0m#5 CACHED[0m
[0m[[0m[31merror[0m] [0m[0m#14 [mainstage 4/5] COPY --from=stage0 --chown=demiourgos728:root /2/opt/docker /opt/docker[0m
[0m[[0m[31merror[0m] [0m[0m#14 sha256:c51beb90e4df5b6ce51ec0b17b68a9a16a011727a776c53405e15e1723879f78[0m
[0m[[0m[31merror[0m] [0m[0m#15 DONE 0.7s[0m
[0m[[0m[31merror[0m] [0m[0m#16 exporting to image[0m
[0m[[0m[31merror[0m] [0m[0m#16 sha256:e8c613e07b0b7ff33893b694f7759a10d42e180f2b4dc349fb57dc6b71dcab00[0m
[0m[[0m[31merror[0m] [0m[0m#16 exporting layers[0m
[0m[[0m[31merror[0m] [0m[0m#15 DONE 0.8s[0m
[0m[[0m[31merror[0m] [0m[0m#16 exporting to image[0m
[0m[[0m[31merror[0m] [0m[0m#16 sha256:e8c613e07b0b7ff33893b694f7759a10d42e180f2b4dc349fb57dc6b71dcab00[0m
[0m[[0m[31merror[0m] [0m[0m#16 exporting layers[0m
[0m[[0m[31merror[0m] [0m[0m#16 writing image sha256:812a25cfd9f13c1bc66c51093fd222134386a66f43ac4ae324b0713b45c4db73[0m
[0m[[0m[31merror[0m] [0m[0m#14 CACHED[0m
[0m[[0m[31merror[0m] [0m[0m#15 [mainstage 5/5] COPY --from=stage0 --chown=demiourgos728:root /4/opt/docker /opt/docker[0m
[0m[[0m[31merror[0m] [0m[0m#15 sha256:4387c4ccf211176e00a9d1b729a5c41df65a213ca4cb163d8157f64a51b21ce2[0m
[0m[[0m[31merror[0m] [0m[0m#16 exporting layers 0.2s done[0m
[0m[[0m[31merror[0m] [0m[0m#16 exporting layers 0.3s done[0m
[0m[[0m[31merror[0m] [0m[0m#16 writing image sha256:812a25cfd9f13c1bc66c51093fd222134386a66f43ac4ae324b0713b45c4db73 0.3s done[0m
[0m[[0m[31merror[0m] [0m[0m#16 naming to docker.io/library/trading-processor:0.1.0 0.0s done[0m
[0m[[0m[31merror[0m] [0m[0m#16 naming to docker.io/library/trading-processor:latest 0.0s done[0m
[0m[[0m[31merror[0m] [0m[0m#16 DONE 1.1s[0m
[0m[[0m[0minfo[0m] [0m[0mTotal reclaimed space: 0B[0m
[0m[[0m[0minfo[0m] [0m[0mBuilt image trading-alerts with tags [0.1.0, latest][0m
[0m[[0m[31merror[0m] [0m[0m#16 writing image sha256:975e2fea1c2942debac67740b2843f9c300f131e3e0766e29acc75a937ce8b2c[0m
[0m[[0m[31merror[0m] [0m[0mUse 'docker scan' to run Snyk tests against images to find vulnerabilities and learn how to fix them[0m
[0m[[0m[31merror[0m] [0m[0m#16 writing image sha256:3833637aa27d233c3059683b345c2fe09359f73c3c01936dfa66e4fd1571f7b9[0m
[0m[[0m[0minfo[0m] [0m[0mRemoving intermediate image(s) (labeled "snp-multi-stage-id=dc8c739f-c50c-49df-860a-32f678fe78b1") [0m
[0m[[0m[31merror[0m] [0m[0m#15 DONE 0.4s[0m
[0m[[0m[31merror[0m] [0m[0m#5 [mainstage 2/5] RUN id -u demiourgos728 1>/dev/null 2>&1 || (( getent group 0 1>/dev/null 2>&1 || ( type groupadd 1>/dev/null 2>&1 && groupadd -g 0 root || addgroup -g 0 -S root )) && ( type useradd 1>/dev/null 2>&1 && useradd --system --create-home --uid 1001 --gid 0 demiourgos728 || adduser -S -u 1001 -G root demiourgos728 ))[0m
[0m[[0m[31merror[0m] [0m[0m#5 sha256:740c6fb31cf9c62b98ac2997a42fb18012ad54cc1e1e3cacf483c2caec9b9297[0m
[0m[[0m[31merror[0m] [0m[0m#5 CACHED[0m
[0m[[0m[31merror[0m] [0m[0m#6 [mainstage 3/5] WORKDIR /opt/docker[0m
[0m[[0m[31merror[0m] [0m[0m#6 sha256:edbe99f7e4170c0eb6aea3367e086a95d567b639243db4460b202cb23755d25a[0m
[0m[[0m[31merror[0m] [0m[0m#6 CACHED[0m
[0m[[0m[31merror[0m] [0m[0m#14 [mainstage 4/5] COPY --from=stage0 --chown=demiourgos728:root /2/opt/docker /opt/docker[0m
[0m[[0m[31merror[0m] [0m[0m#14 sha256:73ea43e4e20dc4948114aef973411bc8a58747382fba13d70f1e05a3eb83b20f[0m
[0m[[0m[31merror[0m] [0m[0m#14 CACHED[0m
[0m[[0m[31merror[0m] [0m[0m#15 [mainstage 5/5] COPY --from=stage0 --chown=demiourgos728:root /4/opt/docker /opt/docker[0m
[0m[[0m[31merror[0m] [0m[0m#15 sha256:363782c3457e19b49546e7f0ba0383b318918a362b22f26fed51abdd38ed8229[0m
[0m[[0m[31merror[0m] [0m[0m#16 writing image sha256:975e2fea1c2942debac67740b2843f9c300f131e3e0766e29acc75a937ce8b2c 0.1s done[0m
[0m[[0m[31merror[0m] [0m[0m#16 naming to docker.io/library/trading-snapshots:0.1.0 done[0m
[0m[[0m[31merror[0m] [0m[0m#16 naming to docker.io/library/trading-snapshots:latest[0m
[0m[[0m[31merror[0m] [0m[0m#16 naming to docker.io/library/trading-snapshots:latest done[0m
[0m[[0m[31merror[0m] [0m[0m#16 DONE 0.7s[0m
[0m[[0m[31merror[0m] [0m[0m#16 exporting to image[0m
[0m[[0m[31merror[0m] [0m[0m#16 sha256:e8c613e07b0b7ff33893b694f7759a10d42e180f2b4dc349fb57dc6b71dcab00[0m
[0m[[0m[31merror[0m] [0m[0m#16 exporting layers 0.1s done[0m
[0m[[0m[31merror[0m] [0m[0m#16 writing image sha256:3833637aa27d233c3059683b345c2fe09359f73c3c01936dfa66e4fd1571f7b9 0.3s done[0m
[0m[[0m[31merror[0m] [0m[0m#16 naming to docker.io/library/trading-feed:0.1.0[0m
[0m[[0m[31merror[0m] [0m[0m#16 naming to docker.io/library/trading-feed:0.1.0 done[0m
[0m[[0m[31merror[0m] [0m[0m#16 naming to docker.io/library/trading-feed:latest done[0m
[0m[[0m[31merror[0m] [0m[0m#16 DONE 0.9s[0m
[0m[[0m[31merror[0m] [0m[0m#15 DONE 0.3s[0m
[0m[[0m[31merror[0m] [0m[0mUse 'docker scan' to run Snyk tests against images to find vulnerabilities and learn how to fix them[0m
[0m[[0m[31merror[0m] [0m[0m#5 [mainstage 2/5] RUN id -u demiourgos728 1>/dev/null 2>&1 || (( getent group 0 1>/dev/null 2>&1 || ( type groupadd 1>/dev/null 2>&1 && groupadd -g 0 root || addgroup -g 0 -S root )) && ( type useradd 1>/dev/null 2>&1 && useradd --system --create-home --uid 1001 --gid 0 demiourgos728 || adduser -S -u 1001 -G root demiourgos728 ))[0m
[0m[[0m[31merror[0m] [0m[0m#5 sha256:740c6fb31cf9c62b98ac2997a42fb18012ad54cc1e1e3cacf483c2caec9b9297[0m
[0m[[0m[31merror[0m] [0m[0m#5 CACHED[0m
[0m[[0m[31merror[0m] [0m[0m#6 [mainstage 3/5] WORKDIR /opt/docker[0m
[0m[[0m[31merror[0m] [0m[0m#6 sha256:edbe99f7e4170c0eb6aea3367e086a95d567b639243db4460b202cb23755d25a[0m
[0m[[0m[31merror[0m] [0m[0m#6 CACHED[0m
[0m[[0m[31merror[0m] [0m[0m#14 [mainstage 4/5] COPY --from=stage0 --chown=demiourgos728:root /2/opt/docker /opt/docker[0m
[0m[[0m[31merror[0m] [0m[0m#14 sha256:bc62e3ac5974477ff1d698b3e527d357a4f7297a73e47e47988a6f8305581f75[0m
[0m[[0m[31merror[0m] [0m[0m#16 exporting to image[0m
[0m[[0m[31merror[0m] [0m[0m#16 sha256:e8c613e07b0b7ff33893b694f7759a10d42e180f2b4dc349fb57dc6b71dcab00[0m
[0m[[0m[31merror[0m] [0m[0m#16 exporting layers[0m
[0m[[0m[31merror[0m] [0m[0mUse 'docker scan' to run Snyk tests against images to find vulnerabilities and learn how to fix them[0m
[0m[[0m[31merror[0m] [0m[0m#14 CACHED[0m
[0m[[0m[31merror[0m] [0m[0m#15 [mainstage 5/5] COPY --from=stage0 --chown=demiourgos728:root /4/opt/docker /opt/docker[0m
[0m[[0m[31merror[0m] [0m[0m#15 sha256:1ba394bd70185c755a6ac2e3dda2aa316429241d1927fd68a218b8f379b871df[0m
[0m[[0m[31merror[0m] [0m[0m#16 writing image sha256:32705a5ae689030506c392cc66c7b3320911cd161cb9eb04a5826dfcff039434 0.1s done[0m
[0m[[0m[31merror[0m] [0m[0m#16 naming to docker.io/library/trading-tracing:0.1.0[0m
[0m[[0m[0minfo[0m] [0m[0mRemoving intermediate image(s) (labeled "snp-multi-stage-id=d6b3c367-a180-428b-8c50-322ef624cac4") [0m
[0m[[0m[0minfo[0m] [0m[0mRemoving intermediate image(s) (labeled "snp-multi-stage-id=583706be-27bc-4528-a76c-aea082024f02") [0m
[0m[[0m[0minfo[0m] [0m[0mTotal reclaimed space: 0B[0m
[0m[[0m[0minfo[0m] [0m[0mBuilt image trading-processor with tags [0.1.0, latest][0m
[0m[[0m[31merror[0m] [0m[0m#16 naming to docker.io/library/trading-tracing:0.1.0 0.0s done[0m
[0m[[0m[31merror[0m] [0m[0m#16 naming to docker.io/library/trading-tracing:latest 0.0s done[0m
[0m[[0m[31merror[0m] [0m[0m#16 DONE 0.8s[0m
[0m[[0m[31merror[0m] [0m[0mError response from daemon: a prune operation is already running[0m
[0m[[0m[31merror[0m] [0m[0mSomething went wrong while removing multi-stage intermediate image(s)[0m
[0m[[0m[0minfo[0m] [0m[0mBuilt image trading-snapshots with tags [0.1.0, latest][0m
[0m[[0m[31merror[0m] [0m[0m#16 exporting layers 0.4s done[0m
[0m[[0m[31merror[0m] [0m[0m#15 DONE 0.5s[0m
[0m[[0m[31merror[0m] [0m[0m#16 exporting to image[0m
[0m[[0m[31merror[0m] [0m[0m#16 sha256:e8c613e07b0b7ff33893b694f7759a10d42e180f2b4dc349fb57dc6b71dcab00[0m
[0m[[0m[31merror[0m] [0m[0m#16 exporting layers[0m
[0m[[0m[31merror[0m] [0m[0mUse 'docker scan' to run Snyk tests against images to find vulnerabilities and learn how to fix them[0m
[0m[[0m[31merror[0m] [0m[0m#16 writing image sha256:a4105c02ff72c8789ffeae3ca7f97aca876e9ca3c336f0918a31fa0f33489614 0.1s done[0m
[0m[[0m[31merror[0m] [0m[0m#16 naming to docker.io/library/trading-ws:0.1.0[0m
[0m[[0m[31merror[0m] [0m[0m#16 exporting layers 0.1s done[0m
[0m[[0m[0minfo[0m] [0m[0mRemoving intermediate image(s) (labeled "snp-multi-stage-id=76469387-1994-4f68-b947-7551bd05130f") [0m
[0m[[0m[0minfo[0m] [0m[0mTotal reclaimed space: 0B[0m
[0m[[0m[0minfo[0m] [0m[0mBuilt image trading-feed with tags [0.1.0, latest][0m
[0m[[0m[31merror[0m] [0m[0m#16 naming to docker.io/library/trading-ws:0.1.0 done[0m
[0m[[0m[31merror[0m] [0m[0m#16 naming to docker.io/library/trading-ws:latest done[0m
[0m[[0m[31merror[0m] [0m[0m#16 DONE 0.7s[0m
[0m[[0m[31merror[0m] [0m[0m#16 writing image sha256:7d0fdf2236812864ff90e8a8d06c96363ce3f96e47e56c2cd5f31f3724a4220b[0m
[0m[[0m[31merror[0m] [0m[0m#16 writing image sha256:7d0fdf2236812864ff90e8a8d06c96363ce3f96e47e56c2cd5f31f3724a4220b done[0m
[0m[[0m[31merror[0m] [0m[0m#16 naming to docker.io/library/trading-forecasts:0.1.0 done[0m
[0m[[0m[31merror[0m] [0m[0m#16 naming to docker.io/library/trading-forecasts:latest done[0m
[0m[[0m[31merror[0m] [0m[0m#16 DONE 0.2s[0m
[0m[[0m[31merror[0m] [0m[0mUse 'docker scan' to run Snyk tests against images to find vulnerabilities and learn how to fix them[0m
[0m[[0m[0minfo[0m] [0m[0mRemoving intermediate image(s) (labeled "snp-multi-stage-id=29b284fe-32e3-4e82-8d88-010224d74f6d") [0m
[0m[[0m[0minfo[0m] [0m[0mTotal reclaimed space: 0B[0m
[0m[[0m[31merror[0m] [0m[0mUse 'docker scan' to run Snyk tests against images to find vulnerabilities and learn how to fix them[0m
[0m[[0m[0minfo[0m] [0m[0mBuilt image trading-tracing with tags [0.1.0, latest][0m
[0m[[0m[0minfo[0m] [0m[0mRemoving intermediate image(s) (labeled "snp-multi-stage-id=645e00bb-8f6c-4035-ba38-8d86c03591d4") [0m
[0m[[0m[31merror[0m] [0m[0mError response from daemon: a prune operation is already running[0m
[0m[[0m[31merror[0m] [0m[0mSomething went wrong while removing multi-stage intermediate image(s)[0m
[0m[[0m[0minfo[0m] [0m[0mBuilt image trading-forecasts with tags [0.1.0, latest][0m
[0m[[0m[0minfo[0m] [0m[0mTotal reclaimed space: 0B[0m
[0m[[0m[0minfo[0m] [0m[0mBuilt image trading-ws with tags [0.1.0, latest][0m
[0m[[0m[32msuccess[0m] [0m[0mTotal time: 69 s (01:09), completed Jun 16, 2022, 10:04:49 PM[0m
[0m[[0m[0mdebug[0m] [0m[0m> Exec(idea-shell, None, None)[0m
[0m[[0m[0mdebug[0m] [0m[0m> Exec(, None, None)[0m
[0m[[0m[0mdebug[0m] [0m[0m> Exec(idea-shell, None, None)[0m
[0m[[0m[0mdebug[0m] [0m[0m> Exec(, None, None)[0m
[0m[[0m[0mdebug[0m] [0m[0m> Exec(idea-shell, None, None)[0m
[0m[[0m[0mdebug[0m] [0m[0m> Exec(, None, None)[0m
[0m[[0m[0mdebug[0m] [0m[0m> Exec(idea-shell, None, None)[0m
[0m[[0m[0mdebug[0m] [0m[0m> Exec(, None, None)[0m
[0m[[0m[0mdebug[0m] [0m[0m> Exec(idea-shell, None, None)[0m
[0m[[0m[0mdebug[0m] [0m[0m> Exec(, None, None)[0m
[0m[[0m[0mdebug[0m] [0m[0m> Exec(idea-shell, None, None)[0m
[0m[[0m[0mdebug[0m] [0m[0m> Exec(, None, None)[0m
[0m[[0m[0mdebug[0m] [0m[0m> Exec(idea-shell, None, None)[0m
[0m[[0m[0mdebug[0m] [0m[0m> Exec(, None, None)[0m
[0m[[0m[0mdebug[0m] [0m[0m> Exec(idea-shell, None, None)[0m
