[0m[[0m[0mdebug[0m] [0m[0m> Exec(docker:publishLocal, None, None)[0m
[0m[[0m[0mdebug[0m] [0m[0mEvaluating tasks: alerts / Docker / publishLocal, snapshots / Docker / publishLocal, core / Docker / publishLocal, feed / Docker / publishLocal, forecasts / Docker / publishLocal, processor / Docker / publishLocal, domainJVM / Docker / publishLocal, domainJS / Docker / publishLocal, tracing / Docker / publishLocal, ws / Docker / publishLocal, lib / Docker / publishLocal, demo / Docker / publishLocal, Docker / publishLocal[0m
[0m[[0m[33mwarn[0m] [0m[0msbt 0.13 shell syntax is deprecated; use slash syntax instead: alerts / Docker / publishLocal, snapshots / Docker / publishLocal, core / Docker / publishLocal, feed / Docker / publishLocal, forecasts / Docker / publishLocal, processor / Docker / publishLocal, domainJVM / Docker / publishLocal, domainJS / Docker / publishLocal, tracing / Docker / publishLocal, ws / Docker / publishLocal, lib / Docker / publishLocal, demo / Docker / publishLocal, Docker / publishLocal[0m
[0m[[0m[0mdebug[0m] [0m[0mRunning task... Cancel: Signal, check cycles: false, forcegc: true[0m
[0m[[0m[0minfo[0m] [0m[0mWrote /Users/adriel/Documents/GitHub/trading/target/scala-3.1.2/trading-app_3-0.1.0.pom[0m
[0m[[0m[0minfo[0m] [0m[0mWrote /Users/adriel/Documents/GitHub/trading/modules/domain/js/target/scala-3.1.2/domain_sjs1_3-0.1.0.pom[0m
[0m[[0m[0minfo[0m] [0m[0mWrote /Users/adriel/Documents/GitHub/trading/modules/domain/jvm/target/scala-3.1.2/domain_3-0.1.0.pom[0m
[0m[[0m[0minfo[0m] [0m[0mWrote /Users/adriel/Documents/GitHub/trading/modules/lib/target/scala-3.1.2/lib_3-0.1.0.pom[0m
[0m[[0m[0minfo[0m] [0m[0mWrote /Users/adriel/Documents/GitHub/trading/modules/core/target/scala-3.1.2/core_3-0.1.0.pom[0m
[0m[[0m[0minfo[0m] [0m[0mWrote /Users/adriel/Documents/GitHub/trading/modules/feed/target/scala-3.1.2/feed_3-0.1.0.pom[0m
[0m[[0m[0minfo[0m] [0m[0mWrote /Users/adriel/Documents/GitHub/trading/modules/ws-server/target/scala-3.1.2/ws_3-0.1.0.pom[0m
[0m[[0m[0minfo[0m] [0m[0mWrote /Users/adriel/Documents/GitHub/trading/modules/alerts/target/scala-3.1.2/alerts_3-0.1.0.pom[0m
[0m[[0m[0minfo[0m] [0m[0mWrote /Users/adriel/Documents/GitHub/trading/modules/processor/target/scala-3.1.2/processor_3-0.1.0.pom[0m
[0m[[0m[0minfo[0m] [0m[0mWrote /Users/adriel/Documents/GitHub/trading/modules/tracing/target/scala-3.1.2/tracing_3-0.1.0.pom[0m
[0m[[0m[0minfo[0m] [0m[0mWrote /Users/adriel/Documents/GitHub/trading/modules/snapshots/target/scala-3.1.2/snapshots_3-0.1.0.pom[0m
[0m[[0m[0minfo[0m] [0m[0mWrote /Users/adriel/Documents/GitHub/trading/modules/forecasts/target/scala-3.1.2/forecasts_3-0.1.0.pom[0m
[0m[[0m[0minfo[0m] [0m[0mWrote /Users/adriel/Documents/GitHub/trading/modules/x-demo/target/scala-3.1.2/demo_3-0.1.0.pom[0m
[0m[[0m[0minfo[0m] [0m[0m:: delivering :: dev.profunktor#trading-app_3;0.1.0 :: 0.1.0 :: release :: Thu Jun 16 17:43:49 CDT 2022[0m
[0m[[0m[0minfo[0m] [0m[0m	delivering ivy file to /Users/adriel/Documents/GitHub/trading/target/scala-3.1.2/ivy-0.1.0.xml[0m
[0m[[0m[33mwarn[0m] [0m[0mAttempting to overwrite /Users/adriel/.ivy2/local/dev.profunktor/trading-app_3/0.1.0/poms/trading-app_3.pom (non-SNAPSHOT)[0m
[0m[[0m[33mwarn[0m] [0m[0m	You need to remove it from the cache manually to take effect.[0m
[0m[[0m[33mwarn[0m] [0m[0mAttempting to overwrite /Users/adriel/.ivy2/local/dev.profunktor/trading-app_3/0.1.0/poms/trading-app_3.pom.sha1 (non-SNAPSHOT)[0m
[0m[[0m[33mwarn[0m] [0m[0m	You need to remove it from the cache manually to take effect.[0m
[0m[[0m[33mwarn[0m] [0m[0mAttempting to overwrite /Users/adriel/.ivy2/local/dev.profunktor/trading-app_3/0.1.0/poms/trading-app_3.pom.md5 (non-SNAPSHOT)[0m
[0m[[0m[33mwarn[0m] [0m[0m	You need to remove it from the cache manually to take effect.[0m
[0m[[0m[0minfo[0m] [0m[0m	published trading-app_3 to /Users/adriel/.ivy2/local/dev.profunktor/trading-app_3/0.1.0/poms/trading-app_3.pom[0m
[0m[[0m[33mwarn[0m] [0m[0mAttempting to overwrite /Users/adriel/.ivy2/local/dev.profunktor/trading-app_3/0.1.0/jars/trading-app_3.jar (non-SNAPSHOT)[0m
[0m[[0m[33mwarn[0m] [0m[0m	You need to remove it from the cache manually to take effect.[0m
[0m[[0m[33mwarn[0m] [0m[0mAttempting to overwrite /Users/adriel/.ivy2/local/dev.profunktor/trading-app_3/0.1.0/jars/trading-app_3.jar.sha1 (non-SNAPSHOT)[0m
[0m[[0m[33mwarn[0m] [0m[0m	You need to remove it from the cache manually to take effect.[0m
[0m[[0m[33mwarn[0m] [0m[0mAttempting to overwrite /Users/adriel/.ivy2/local/dev.profunktor/trading-app_3/0.1.0/jars/trading-app_3.jar.md5 (non-SNAPSHOT)[0m
[0m[[0m[33mwarn[0m] [0m[0m	You need to remove it from the cache manually to take effect.[0m
[0m[[0m[0minfo[0m] [0m[0m	published trading-app_3 to /Users/adriel/.ivy2/local/dev.profunktor/trading-app_3/0.1.0/jars/trading-app_3.jar[0m
[0m[[0m[33mwarn[0m] [0m[0mAttempting to overwrite /Users/adriel/.ivy2/local/dev.profunktor/trading-app_3/0.1.0/srcs/trading-app_3-sources.jar (non-SNAPSHOT)[0m
[0m[[0m[33mwarn[0m] [0m[0m	You need to remove it from the cache manually to take effect.[0m
[0m[[0m[33mwarn[0m] [0m[0mAttempting to overwrite /Users/adriel/.ivy2/local/dev.profunktor/trading-app_3/0.1.0/srcs/trading-app_3-sources.jar.sha1 (non-SNAPSHOT)[0m
[0m[[0m[33mwarn[0m] [0m[0m	You need to remove it from the cache manually to take effect.[0m
[0m[[0m[33mwarn[0m] [0m[0mAttempting to overwrite /Users/adriel/.ivy2/local/dev.profunktor/trading-app_3/0.1.0/srcs/trading-app_3-sources.jar.md5 (non-SNAPSHOT)[0m
[0m[[0m[33mwarn[0m] [0m[0m	You need to remove it from the cache manually to take effect.[0m
[0m[[0m[0minfo[0m] [0m[0m	published trading-app_3 to /Users/adriel/.ivy2/local/dev.profunktor/trading-app_3/0.1.0/srcs/trading-app_3-sources.jar[0m
[0m[[0m[33mwarn[0m] [0m[0mAttempting to overwrite /Users/adriel/.ivy2/local/dev.profunktor/trading-app_3/0.1.0/docs/trading-app_3-javadoc.jar (non-SNAPSHOT)[0m
[0m[[0m[33mwarn[0m] [0m[0m	You need to remove it from the cache manually to take effect.[0m
[0m[[0m[33mwarn[0m] [0m[0mAttempting to overwrite /Users/adriel/.ivy2/local/dev.profunktor/trading-app_3/0.1.0/docs/trading-app_3-javadoc.jar.sha1 (non-SNAPSHOT)[0m
[0m[[0m[33mwarn[0m] [0m[0m	You need to remove it from the cache manually to take effect.[0m
[0m[[0m[33mwarn[0m] [0m[0mAttempting to overwrite /Users/adriel/.ivy2/local/dev.profunktor/trading-app_3/0.1.0/docs/trading-app_3-javadoc.jar.md5 (non-SNAPSHOT)[0m
[0m[[0m[33mwarn[0m] [0m[0m	You need to remove it from the cache manually to take effect.[0m
[0m[[0m[0minfo[0m] [0m[0m	published trading-app_3 to /Users/adriel/.ivy2/local/dev.profunktor/trading-app_3/0.1.0/docs/trading-app_3-javadoc.jar[0m
[0m[[0m[33mwarn[0m] [0m[0mAttempting to overwrite /Users/adriel/.ivy2/local/dev.profunktor/trading-app_3/0.1.0/ivys/ivy.xml (non-SNAPSHOT)[0m
[0m[[0m[33mwarn[0m] [0m[0m	You need to remove it from the cache manually to take effect.[0m
[0m[[0m[33mwarn[0m] [0m[0mAttempting to overwrite /Users/adriel/.ivy2/local/dev.profunktor/trading-app_3/0.1.0/ivys/ivy.xml.sha1 (non-SNAPSHOT)[0m
[0m[[0m[33mwarn[0m] [0m[0m	You need to remove it from the cache manually to take effect.[0m
[0m[[0m[33mwarn[0m] [0m[0mAttempting to overwrite /Users/adriel/.ivy2/local/dev.profunktor/trading-app_3/0.1.0/ivys/ivy.xml.md5 (non-SNAPSHOT)[0m
[0m[[0m[33mwarn[0m] [0m[0m	You need to remove it from the cache manually to take effect.[0m
[0m[[0m[0minfo[0m] [0m[0m	published ivy to /Users/adriel/.ivy2/local/dev.profunktor/trading-app_3/0.1.0/ivys/ivy.xml[0m
[0m[[0m[0minfo[0m] [0m[0m:: delivering :: dev.profunktor#domain_3;0.1.0 :: 0.1.0 :: release :: Thu Jun 16 17:43:49 CDT 2022[0m
[0m[[0m[0minfo[0m] [0m[0m	delivering ivy file to /Users/adriel/Documents/GitHub/trading/modules/domain/jvm/target/scala-3.1.2/ivy-0.1.0.xml[0m
[0m[[0m[33mwarn[0m] [0m[0mAttempting to overwrite /Users/adriel/.ivy2/local/dev.profunktor/domain_3/0.1.0/poms/domain_3.pom (non-SNAPSHOT)[0m
[0m[[0m[33mwarn[0m] [0m[0m	You need to remove it from the cache manually to take effect.[0m
[0m[[0m[33mwarn[0m] [0m[0mAttempting to overwrite /Users/adriel/.ivy2/local/dev.profunktor/domain_3/0.1.0/poms/domain_3.pom.sha1 (non-SNAPSHOT)[0m
[0m[[0m[33mwarn[0m] [0m[0m	You need to remove it from the cache manually to take effect.[0m
[0m[[0m[33mwarn[0m] [0m[0mAttempting to overwrite /Users/adriel/.ivy2/local/dev.profunktor/domain_3/0.1.0/poms/domain_3.pom.md5 (non-SNAPSHOT)[0m
[0m[[0m[33mwarn[0m] [0m[0m	You need to remove it from the cache manually to take effect.[0m
[0m[[0m[0minfo[0m] [0m[0m	published domain_3 to /Users/adriel/.ivy2/local/dev.profunktor/domain_3/0.1.0/poms/domain_3.pom[0m
[0m[[0m[33mwarn[0m] [0m[0mAttempting to overwrite /Users/adriel/.ivy2/local/dev.profunktor/domain_3/0.1.0/jars/domain_3.jar (non-SNAPSHOT)[0m
[0m[[0m[33mwarn[0m] [0m[0m	You need to remove it from the cache manually to take effect.[0m
[0m[[0m[33mwarn[0m] [0m[0mAttempting to overwrite /Users/adriel/.ivy2/local/dev.profunktor/domain_3/0.1.0/jars/domain_3.jar.sha1 (non-SNAPSHOT)[0m
[0m[[0m[33mwarn[0m] [0m[0m	You need to remove it from the cache manually to take effect.[0m
[0m[[0m[33mwarn[0m] [0m[0mAttempting to overwrite /Users/adriel/.ivy2/local/dev.profunktor/domain_3/0.1.0/jars/domain_3.jar.md5 (non-SNAPSHOT)[0m
[0m[[0m[33mwarn[0m] [0m[0m	You need to remove it from the cache manually to take effect.[0m
[0m[[0m[0minfo[0m] [0m[0m	published domain_3 to /Users/adriel/.ivy2/local/dev.profunktor/domain_3/0.1.0/jars/domain_3.jar[0m
[0m[[0m[33mwarn[0m] [0m[0mAttempting to overwrite /Users/adriel/.ivy2/local/dev.profunktor/domain_3/0.1.0/srcs/domain_3-sources.jar (non-SNAPSHOT)[0m
[0m[[0m[33mwarn[0m] [0m[0m	You need to remove it from the cache manually to take effect.[0m
[0m[[0m[33mwarn[0m] [0m[0mAttempting to overwrite /Users/adriel/.ivy2/local/dev.profunktor/domain_3/0.1.0/srcs/domain_3-sources.jar.sha1 (non-SNAPSHOT)[0m
[0m[[0m[33mwarn[0m] [0m[0m	You need to remove it from the cache manually to take effect.[0m
[0m[[0m[33mwarn[0m] [0m[0mAttempting to overwrite /Users/adriel/.ivy2/local/dev.profunktor/domain_3/0.1.0/srcs/domain_3-sources.jar.md5 (non-SNAPSHOT)[0m
[0m[[0m[33mwarn[0m] [0m[0m	You need to remove it from the cache manually to take effect.[0m
[0m[[0m[0minfo[0m] [0m[0m	published domain_3 to /Users/adriel/.ivy2/local/dev.profunktor/domain_3/0.1.0/srcs/domain_3-sources.jar[0m
[0m[[0m[33mwarn[0m] [0m[0mAttempting to overwrite /Users/adriel/.ivy2/local/dev.profunktor/domain_3/0.1.0/docs/domain_3-javadoc.jar (non-SNAPSHOT)[0m
[0m[[0m[33mwarn[0m] [0m[0m	You need to remove it from the cache manually to take effect.[0m
[0m[[0m[33mwarn[0m] [0m[0mAttempting to overwrite /Users/adriel/.ivy2/local/dev.profunktor/domain_3/0.1.0/docs/domain_3-javadoc.jar.sha1 (non-SNAPSHOT)[0m
[0m[[0m[33mwarn[0m] [0m[0m	You need to remove it from the cache manually to take effect.[0m
[0m[[0m[33mwarn[0m] [0m[0mAttempting to overwrite /Users/adriel/.ivy2/local/dev.profunktor/domain_3/0.1.0/docs/domain_3-javadoc.jar.md5 (non-SNAPSHOT)[0m
[0m[[0m[33mwarn[0m] [0m[0m	You need to remove it from the cache manually to take effect.[0m
[0m[[0m[0minfo[0m] [0m[0m	published domain_3 to /Users/adriel/.ivy2/local/dev.profunktor/domain_3/0.1.0/docs/domain_3-javadoc.jar[0m
[0m[[0m[33mwarn[0m] [0m[0mAttempting to overwrite /Users/adriel/.ivy2/local/dev.profunktor/domain_3/0.1.0/ivys/ivy.xml (non-SNAPSHOT)[0m
[0m[[0m[33mwarn[0m] [0m[0m	You need to remove it from the cache manually to take effect.[0m
[0m[[0m[33mwarn[0m] [0m[0mAttempting to overwrite /Users/adriel/.ivy2/local/dev.profunktor/domain_3/0.1.0/ivys/ivy.xml.sha1 (non-SNAPSHOT)[0m
[0m[[0m[33mwarn[0m] [0m[0m	You need to remove it from the cache manually to take effect.[0m
[0m[[0m[33mwarn[0m] [0m[0mAttempting to overwrite /Users/adriel/.ivy2/local/dev.profunktor/domain_3/0.1.0/ivys/ivy.xml.md5 (non-SNAPSHOT)[0m
[0m[[0m[33mwarn[0m] [0m[0m	You need to remove it from the cache manually to take effect.[0m
[0m[[0m[0minfo[0m] [0m[0m	published ivy to /Users/adriel/.ivy2/local/dev.profunktor/domain_3/0.1.0/ivys/ivy.xml[0m
[0m[[0m[0minfo[0m] [0m[0m:: delivering :: dev.profunktor#domain_sjs1_3;0.1.0 :: 0.1.0 :: release :: Thu Jun 16 17:43:49 CDT 2022[0m
[0m[[0m[0minfo[0m] [0m[0m	delivering ivy file to /Users/adriel/Documents/GitHub/trading/modules/domain/js/target/scala-3.1.2/ivy-0.1.0.xml[0m
[0m[[0m[33mwarn[0m] [0m[0mAttempting to overwrite /Users/adriel/.ivy2/local/dev.profunktor/domain_sjs1_3/0.1.0/poms/domain_sjs1_3.pom (non-SNAPSHOT)[0m
[0m[[0m[33mwarn[0m] [0m[0m	You need to remove it from the cache manually to take effect.[0m
[0m[[0m[33mwarn[0m] [0m[0mAttempting to overwrite /Users/adriel/.ivy2/local/dev.profunktor/domain_sjs1_3/0.1.0/poms/domain_sjs1_3.pom.sha1 (non-SNAPSHOT)[0m
[0m[[0m[33mwarn[0m] [0m[0m	You need to remove it from the cache manually to take effect.[0m
[0m[[0m[33mwarn[0m] [0m[0mAttempting to overwrite /Users/adriel/.ivy2/local/dev.profunktor/domain_sjs1_3/0.1.0/poms/domain_sjs1_3.pom.md5 (non-SNAPSHOT)[0m
[0m[[0m[33mwarn[0m] [0m[0m	You need to remove it from the cache manually to take effect.[0m
[0m[[0m[0minfo[0m] [0m[0m	published domain_sjs1_3 to /Users/adriel/.ivy2/local/dev.profunktor/domain_sjs1_3/0.1.0/poms/domain_sjs1_3.pom[0m
[0m[[0m[33mwarn[0m] [0m[0mAttempting to overwrite /Users/adriel/.ivy2/local/dev.profunktor/domain_sjs1_3/0.1.0/jars/domain_sjs1_3.jar (non-SNAPSHOT)[0m
[0m[[0m[33mwarn[0m] [0m[0m	You need to remove it from the cache manually to take effect.[0m
[0m[[0m[33mwarn[0m] [0m[0mAttempting to overwrite /Users/adriel/.ivy2/local/dev.profunktor/domain_sjs1_3/0.1.0/jars/domain_sjs1_3.jar.sha1 (non-SNAPSHOT)[0m
[0m[[0m[33mwarn[0m] [0m[0m	You need to remove it from the cache manually to take effect.[0m
[0m[[0m[33mwarn[0m] [0m[0mAttempting to overwrite /Users/adriel/.ivy2/local/dev.profunktor/domain_sjs1_3/0.1.0/jars/domain_sjs1_3.jar.md5 (non-SNAPSHOT)[0m
[0m[[0m[33mwarn[0m] [0m[0m	You need to remove it from the cache manually to take effect.[0m
[0m[[0m[0minfo[0m] [0m[0m	published domain_sjs1_3 to /Users/adriel/.ivy2/local/dev.profunktor/domain_sjs1_3/0.1.0/jars/domain_sjs1_3.jar[0m
[0m[[0m[33mwarn[0m] [0m[0mAttempting to overwrite /Users/adriel/.ivy2/local/dev.profunktor/domain_sjs1_3/0.1.0/srcs/domain_sjs1_3-sources.jar (non-SNAPSHOT)[0m
[0m[[0m[33mwarn[0m] [0m[0m	You need to remove it from the cache manually to take effect.[0m
[0m[[0m[33mwarn[0m] [0m[0mAttempting to overwrite /Users/adriel/.ivy2/local/dev.profunktor/domain_sjs1_3/0.1.0/srcs/domain_sjs1_3-sources.jar.sha1 (non-SNAPSHOT)[0m
[0m[[0m[33mwarn[0m] [0m[0m	You need to remove it from the cache manually to take effect.[0m
[0m[[0m[33mwarn[0m] [0m[0mAttempting to overwrite /Users/adriel/.ivy2/local/dev.profunktor/domain_sjs1_3/0.1.0/srcs/domain_sjs1_3-sources.jar.md5 (non-SNAPSHOT)[0m
[0m[[0m[33mwarn[0m] [0m[0m	You need to remove it from the cache manually to take effect.[0m
[0m[[0m[0minfo[0m] [0m[0m	published domain_sjs1_3 to /Users/adriel/.ivy2/local/dev.profunktor/domain_sjs1_3/0.1.0/srcs/domain_sjs1_3-sources.jar[0m
[0m[[0m[33mwarn[0m] [0m[0mAttempting to overwrite /Users/adriel/.ivy2/local/dev.profunktor/domain_sjs1_3/0.1.0/docs/domain_sjs1_3-javadoc.jar (non-SNAPSHOT)[0m
[0m[[0m[33mwarn[0m] [0m[0m	You need to remove it from the cache manually to take effect.[0m
[0m[[0m[33mwarn[0m] [0m[0mAttempting to overwrite /Users/adriel/.ivy2/local/dev.profunktor/domain_sjs1_3/0.1.0/docs/domain_sjs1_3-javadoc.jar.sha1 (non-SNAPSHOT)[0m
[0m[[0m[33mwarn[0m] [0m[0m	You need to remove it from the cache manually to take effect.[0m
[0m[[0m[33mwarn[0m] [0m[0mAttempting to overwrite /Users/adriel/.ivy2/local/dev.profunktor/domain_sjs1_3/0.1.0/docs/domain_sjs1_3-javadoc.jar.md5 (non-SNAPSHOT)[0m
[0m[[0m[33mwarn[0m] [0m[0m	You need to remove it from the cache manually to take effect.[0m
[0m[[0m[0minfo[0m] [0m[0m	published domain_sjs1_3 to /Users/adriel/.ivy2/local/dev.profunktor/domain_sjs1_3/0.1.0/docs/domain_sjs1_3-javadoc.jar[0m
[0m[[0m[33mwarn[0m] [0m[0mAttempting to overwrite /Users/adriel/.ivy2/local/dev.profunktor/domain_sjs1_3/0.1.0/ivys/ivy.xml (non-SNAPSHOT)[0m
[0m[[0m[33mwarn[0m] [0m[0m	You need to remove it from the cache manually to take effect.[0m
[0m[[0m[33mwarn[0m] [0m[0mAttempting to overwrite /Users/adriel/.ivy2/local/dev.profunktor/domain_sjs1_3/0.1.0/ivys/ivy.xml.sha1 (non-SNAPSHOT)[0m
[0m[[0m[33mwarn[0m] [0m[0m	You need to remove it from the cache manually to take effect.[0m
[0m[[0m[33mwarn[0m] [0m[0mAttempting to overwrite /Users/adriel/.ivy2/local/dev.profunktor/domain_sjs1_3/0.1.0/ivys/ivy.xml.md5 (non-SNAPSHOT)[0m
[0m[[0m[33mwarn[0m] [0m[0m	You need to remove it from the cache manually to take effect.[0m
[0m[[0m[0minfo[0m] [0m[0m	published ivy to /Users/adriel/.ivy2/local/dev.profunktor/domain_sjs1_3/0.1.0/ivys/ivy.xml[0m
[0m[[0m[0minfo[0m] [0m[0m:: delivering :: dev.profunktor#core_3;0.1.0 :: 0.1.0 :: release :: Thu Jun 16 17:43:49 CDT 2022[0m
[0m[[0m[0minfo[0m] [0m[0m	delivering ivy file to /Users/adriel/Documents/GitHub/trading/modules/core/target/scala-3.1.2/ivy-0.1.0.xml[0m
[0m[[0m[0minfo[0m] [0m[0m:: delivering :: dev.profunktor#lib_3;0.1.0 :: 0.1.0 :: release :: Thu Jun 16 17:43:49 CDT 2022[0m
[0m[[0m[0minfo[0m] [0m[0m	delivering ivy file to /Users/adriel/Documents/GitHub/trading/modules/lib/target/scala-3.1.2/ivy-0.1.0.xml[0m
[0m[[0m[33mwarn[0m] [0m[0mAttempting to overwrite /Users/adriel/.ivy2/local/dev.profunktor/core_3/0.1.0/poms/core_3.pom (non-SNAPSHOT)[0m
[0m[[0m[33mwarn[0m] [0m[0m	You need to remove it from the cache manually to take effect.[0m
[0m[[0m[33mwarn[0m] [0m[0mAttempting to overwrite /Users/adriel/.ivy2/local/dev.profunktor/core_3/0.1.0/poms/core_3.pom.sha1 (non-SNAPSHOT)[0m
[0m[[0m[33mwarn[0m] [0m[0m	You need to remove it from the cache manually to take effect.[0m
[0m[[0m[33mwarn[0m] [0m[0mAttempting to overwrite /Users/adriel/.ivy2/local/dev.profunktor/core_3/0.1.0/poms/core_3.pom.md5 (non-SNAPSHOT)[0m
[0m[[0m[33mwarn[0m] [0m[0m	You need to remove it from the cache manually to take effect.[0m
[0m[[0m[0minfo[0m] [0m[0m	published core_3 to /Users/adriel/.ivy2/local/dev.profunktor/core_3/0.1.0/poms/core_3.pom[0m
[0m[[0m[33mwarn[0m] [0m[0mAttempting to overwrite /Users/adriel/.ivy2/local/dev.profunktor/core_3/0.1.0/jars/core_3.jar (non-SNAPSHOT)[0m
[0m[[0m[33mwarn[0m] [0m[0m	You need to remove it from the cache manually to take effect.[0m
[0m[[0m[33mwarn[0m] [0m[0mAttempting to overwrite /Users/adriel/.ivy2/local/dev.profunktor/core_3/0.1.0/jars/core_3.jar.sha1 (non-SNAPSHOT)[0m
[0m[[0m[33mwarn[0m] [0m[0m	You need to remove it from the cache manually to take effect.[0m
[0m[[0m[33mwarn[0m] [0m[0mAttempting to overwrite /Users/adriel/.ivy2/local/dev.profunktor/core_3/0.1.0/jars/core_3.jar.md5 (non-SNAPSHOT)[0m
[0m[[0m[33mwarn[0m] [0m[0m	You need to remove it from the cache manually to take effect.[0m
[0m[[0m[0minfo[0m] [0m[0m	published core_3 to /Users/adriel/.ivy2/local/dev.profunktor/core_3/0.1.0/jars/core_3.jar[0m
[0m[[0m[33mwarn[0m] [0m[0mAttempting to overwrite /Users/adriel/.ivy2/local/dev.profunktor/core_3/0.1.0/srcs/core_3-sources.jar (non-SNAPSHOT)[0m
[0m[[0m[33mwarn[0m] [0m[0m	You need to remove it from the cache manually to take effect.[0m
[0m[[0m[33mwarn[0m] [0m[0mAttempting to overwrite /Users/adriel/.ivy2/local/dev.profunktor/core_3/0.1.0/srcs/core_3-sources.jar.sha1 (non-SNAPSHOT)[0m
[0m[[0m[33mwarn[0m] [0m[0m	You need to remove it from the cache manually to take effect.[0m
[0m[[0m[33mwarn[0m] [0m[0mAttempting to overwrite /Users/adriel/.ivy2/local/dev.profunktor/core_3/0.1.0/srcs/core_3-sources.jar.md5 (non-SNAPSHOT)[0m
[0m[[0m[33mwarn[0m] [0m[0m	You need to remove it from the cache manually to take effect.[0m
[0m[[0m[0minfo[0m] [0m[0m	published core_3 to /Users/adriel/.ivy2/local/dev.profunktor/core_3/0.1.0/srcs/core_3-sources.jar[0m
[0m[[0m[33mwarn[0m] [0m[0mAttempting to overwrite /Users/adriel/.ivy2/local/dev.profunktor/core_3/0.1.0/docs/core_3-javadoc.jar (non-SNAPSHOT)[0m
[0m[[0m[33mwarn[0m] [0m[0m	You need to remove it from the cache manually to take effect.[0m
[0m[[0m[33mwarn[0m] [0m[0mAttempting to overwrite /Users/adriel/.ivy2/local/dev.profunktor/core_3/0.1.0/docs/core_3-javadoc.jar.sha1 (non-SNAPSHOT)[0m
[0m[[0m[33mwarn[0m] [0m[0m	You need to remove it from the cache manually to take effect.[0m
[0m[[0m[32msuccess[0m] [0m[0mAll package validations passed[0m
[0m[[0m[33mwarn[0m] [0m[0mAttempting to overwrite /Users/adriel/.ivy2/local/dev.profunktor/core_3/0.1.0/docs/core_3-javadoc.jar.md5 (non-SNAPSHOT)[0m
[0m[[0m[33mwarn[0m] [0m[0m	You need to remove it from the cache manually to take effect.[0m
[0m[[0m[0minfo[0m] [0m[0m	published core_3 to /Users/adriel/.ivy2/local/dev.profunktor/core_3/0.1.0/docs/core_3-javadoc.jar[0m
[0m[[0m[33mwarn[0m] [0m[0mAttempting to overwrite /Users/adriel/.ivy2/local/dev.profunktor/core_3/0.1.0/ivys/ivy.xml (non-SNAPSHOT)[0m
[0m[[0m[33mwarn[0m] [0m[0m	You need to remove it from the cache manually to take effect.[0m
[0m[[0m[33mwarn[0m] [0m[0mAttempting to overwrite /Users/adriel/.ivy2/local/dev.profunktor/core_3/0.1.0/ivys/ivy.xml.sha1 (non-SNAPSHOT)[0m
[0m[[0m[33mwarn[0m] [0m[0m	You need to remove it from the cache manually to take effect.[0m
[0m[[0m[33mwarn[0m] [0m[0mAttempting to overwrite /Users/adriel/.ivy2/local/dev.profunktor/core_3/0.1.0/ivys/ivy.xml.md5 (non-SNAPSHOT)[0m
[0m[[0m[33mwarn[0m] [0m[0m	You need to remove it from the cache manually to take effect.[0m
[0m[[0m[0minfo[0m] [0m[0m	published ivy to /Users/adriel/.ivy2/local/dev.profunktor/core_3/0.1.0/ivys/ivy.xml[0m
[0m[[0m[33mwarn[0m] [0m[0mmultiple main classes detected: run 'show discoveredMainClasses' to see the list[0m
[0m[[0m[33mwarn[0m] [0m[0mAttempting to overwrite /Users/adriel/.ivy2/local/dev.profunktor/lib_3/0.1.0/poms/lib_3.pom (non-SNAPSHOT)[0m
[0m[[0m[33mwarn[0m] [0m[0m	You need to remove it from the cache manually to take effect.[0m
[0m[[0m[33mwarn[0m] [0m[0mAttempting to overwrite /Users/adriel/.ivy2/local/dev.profunktor/lib_3/0.1.0/poms/lib_3.pom.sha1 (non-SNAPSHOT)[0m
[0m[[0m[33mwarn[0m] [0m[0m	You need to remove it from the cache manually to take effect.[0m
[0m[[0m[33mwarn[0m] [0m[0mAttempting to overwrite /Users/adriel/.ivy2/local/dev.profunktor/lib_3/0.1.0/poms/lib_3.pom.md5 (non-SNAPSHOT)[0m
[0m[[0m[33mwarn[0m] [0m[0m	You need to remove it from the cache manually to take effect.[0m
[0m[[0m[0minfo[0m] [0m[0m	published lib_3 to /Users/adriel/.ivy2/local/dev.profunktor/lib_3/0.1.0/poms/lib_3.pom[0m
[0m[[0m[33mwarn[0m] [0m[0mAttempting to overwrite /Users/adriel/.ivy2/local/dev.profunktor/lib_3/0.1.0/jars/lib_3.jar (non-SNAPSHOT)[0m
[0m[[0m[33mwarn[0m] [0m[0m	You need to remove it from the cache manually to take effect.[0m
[0m[[0m[33mwarn[0m] [0m[0mAttempting to overwrite /Users/adriel/.ivy2/local/dev.profunktor/lib_3/0.1.0/jars/lib_3.jar.sha1 (non-SNAPSHOT)[0m
[0m[[0m[33mwarn[0m] [0m[0m	You need to remove it from the cache manually to take effect.[0m
[0m[[0m[33mwarn[0m] [0m[0mAttempting to overwrite /Users/adriel/.ivy2/local/dev.profunktor/lib_3/0.1.0/jars/lib_3.jar.md5 (non-SNAPSHOT)[0m
[0m[[0m[33mwarn[0m] [0m[0m	You need to remove it from the cache manually to take effect.[0m
[0m[[0m[0minfo[0m] [0m[0m	published lib_3 to /Users/adriel/.ivy2/local/dev.profunktor/lib_3/0.1.0/jars/lib_3.jar[0m
[0m[[0m[33mwarn[0m] [0m[0mAttempting to overwrite /Users/adriel/.ivy2/local/dev.profunktor/lib_3/0.1.0/srcs/lib_3-sources.jar (non-SNAPSHOT)[0m
[0m[[0m[33mwarn[0m] [0m[0m	You need to remove it from the cache manually to take effect.[0m
[0m[[0m[33mwarn[0m] [0m[0mAttempting to overwrite /Users/adriel/.ivy2/local/dev.profunktor/lib_3/0.1.0/srcs/lib_3-sources.jar.sha1 (non-SNAPSHOT)[0m
[0m[[0m[33mwarn[0m] [0m[0m	You need to remove it from the cache manually to take effect.[0m
[0m[[0m[33mwarn[0m] [0m[0mAttempting to overwrite /Users/adriel/.ivy2/local/dev.profunktor/lib_3/0.1.0/srcs/lib_3-sources.jar.md5 (non-SNAPSHOT)[0m
[0m[[0m[33mwarn[0m] [0m[0m	You need to remove it from the cache manually to take effect.[0m
[0m[[0m[0minfo[0m] [0m[0m	published lib_3 to /Users/adriel/.ivy2/local/dev.profunktor/lib_3/0.1.0/srcs/lib_3-sources.jar[0m
[0m[[0m[33mwarn[0m] [0m[0mAttempting to overwrite /Users/adriel/.ivy2/local/dev.profunktor/lib_3/0.1.0/docs/lib_3-javadoc.jar (non-SNAPSHOT)[0m
[0m[[0m[33mwarn[0m] [0m[0m	You need to remove it from the cache manually to take effect.[0m
[0m[[0m[32msuccess[0m] [0m[0mAll package validations passed[0m
[0m[[0m[32msuccess[0m] [0m[0mAll package validations passed[0m
[0m[[0m[32msuccess[0m] [0m[0mAll package validations passed[0m
[0m[[0m[33mwarn[0m] [0m[0mAttempting to overwrite /Users/adriel/.ivy2/local/dev.profunktor/lib_3/0.1.0/docs/lib_3-javadoc.jar.sha1 (non-SNAPSHOT)[0m
[0m[[0m[33mwarn[0m] [0m[0m	You need to remove it from the cache manually to take effect.[0m
[0m[[0m[32msuccess[0m] [0m[0mAll package validations passed[0m
[0m[[0m[32msuccess[0m] [0m[0mAll package validations passed[0m
[0m[[0m[33mwarn[0m] [0m[0mAttempting to overwrite /Users/adriel/.ivy2/local/dev.profunktor/lib_3/0.1.0/docs/lib_3-javadoc.jar.md5 (non-SNAPSHOT)[0m
[0m[[0m[33mwarn[0m] [0m[0m	You need to remove it from the cache manually to take effect.[0m
[0m[[0m[0minfo[0m] [0m[0m	published lib_3 to /Users/adriel/.ivy2/local/dev.profunktor/lib_3/0.1.0/docs/lib_3-javadoc.jar[0m
[0m[[0m[33mwarn[0m] [0m[0mAttempting to overwrite /Users/adriel/.ivy2/local/dev.profunktor/lib_3/0.1.0/ivys/ivy.xml (non-SNAPSHOT)[0m
[0m[[0m[33mwarn[0m] [0m[0m	You need to remove it from the cache manually to take effect.[0m
[0m[[0m[33mwarn[0m] [0m[0mAttempting to overwrite /Users/adriel/.ivy2/local/dev.profunktor/lib_3/0.1.0/ivys/ivy.xml.sha1 (non-SNAPSHOT)[0m
[0m[[0m[33mwarn[0m] [0m[0m	You need to remove it from the cache manually to take effect.[0m
[0m[[0m[33mwarn[0m] [0m[0mAttempting to overwrite /Users/adriel/.ivy2/local/dev.profunktor/lib_3/0.1.0/ivys/ivy.xml.md5 (non-SNAPSHOT)[0m
[0m[[0m[33mwarn[0m] [0m[0m	You need to remove it from the cache manually to take effect.[0m
[0m[[0m[0minfo[0m] [0m[0m	published ivy to /Users/adriel/.ivy2/local/dev.profunktor/lib_3/0.1.0/ivys/ivy.xml[0m
[0m[[0m[32msuccess[0m] [0m[0mAll package validations passed[0m
[0m[[0m[0minfo[0m] [0m[0m:: delivering :: dev.profunktor#demo_3;0.1.0 :: 0.1.0 :: release :: Thu Jun 16 17:43:49 CDT 2022[0m
[0m[[0m[0minfo[0m] [0m[0m	delivering ivy file to /Users/adriel/Documents/GitHub/trading/modules/x-demo/target/scala-3.1.2/ivy-0.1.0.xml[0m
[0m[[0m[33mwarn[0m] [0m[0mAttempting to overwrite /Users/adriel/.ivy2/local/dev.profunktor/demo_3/0.1.0/poms/demo_3.pom (non-SNAPSHOT)[0m
[0m[[0m[33mwarn[0m] [0m[0m	You need to remove it from the cache manually to take effect.[0m
[0m[[0m[33mwarn[0m] [0m[0mAttempting to overwrite /Users/adriel/.ivy2/local/dev.profunktor/demo_3/0.1.0/poms/demo_3.pom.sha1 (non-SNAPSHOT)[0m
[0m[[0m[33mwarn[0m] [0m[0m	You need to remove it from the cache manually to take effect.[0m
[0m[[0m[33mwarn[0m] [0m[0mAttempting to overwrite /Users/adriel/.ivy2/local/dev.profunktor/demo_3/0.1.0/poms/demo_3.pom.md5 (non-SNAPSHOT)[0m
[0m[[0m[33mwarn[0m] [0m[0m	You need to remove it from the cache manually to take effect.[0m
[0m[[0m[0minfo[0m] [0m[0m	published demo_3 to /Users/adriel/.ivy2/local/dev.profunktor/demo_3/0.1.0/poms/demo_3.pom[0m
[0m[[0m[33mwarn[0m] [0m[0mAttempting to overwrite /Users/adriel/.ivy2/local/dev.profunktor/demo_3/0.1.0/jars/demo_3.jar (non-SNAPSHOT)[0m
[0m[[0m[33mwarn[0m] [0m[0m	You need to remove it from the cache manually to take effect.[0m
[0m[[0m[33mwarn[0m] [0m[0mAttempting to overwrite /Users/adriel/.ivy2/local/dev.profunktor/demo_3/0.1.0/jars/demo_3.jar.sha1 (non-SNAPSHOT)[0m
[0m[[0m[33mwarn[0m] [0m[0m	You need to remove it from the cache manually to take effect.[0m
[0m[[0m[33mwarn[0m] [0m[0mAttempting to overwrite /Users/adriel/.ivy2/local/dev.profunktor/demo_3/0.1.0/jars/demo_3.jar.md5 (non-SNAPSHOT)[0m
[0m[[0m[33mwarn[0m] [0m[0m	You need to remove it from the cache manually to take effect.[0m
[0m[[0m[0minfo[0m] [0m[0m	published demo_3 to /Users/adriel/.ivy2/local/dev.profunktor/demo_3/0.1.0/jars/demo_3.jar[0m
[0m[[0m[33mwarn[0m] [0m[0mAttempting to overwrite /Users/adriel/.ivy2/local/dev.profunktor/demo_3/0.1.0/srcs/demo_3-sources.jar (non-SNAPSHOT)[0m
[0m[[0m[33mwarn[0m] [0m[0m	You need to remove it from the cache manually to take effect.[0m
[0m[[0m[33mwarn[0m] [0m[0mAttempting to overwrite /Users/adriel/.ivy2/local/dev.profunktor/demo_3/0.1.0/srcs/demo_3-sources.jar.sha1 (non-SNAPSHOT)[0m
[0m[[0m[33mwarn[0m] [0m[0m	You need to remove it from the cache manually to take effect.[0m
[0m[[0m[33mwarn[0m] [0m[0mAttempting to overwrite /Users/adriel/.ivy2/local/dev.profunktor/demo_3/0.1.0/srcs/demo_3-sources.jar.md5 (non-SNAPSHOT)[0m
[0m[[0m[33mwarn[0m] [0m[0m	You need to remove it from the cache manually to take effect.[0m
[0m[[0m[0minfo[0m] [0m[0m	published demo_3 to /Users/adriel/.ivy2/local/dev.profunktor/demo_3/0.1.0/srcs/demo_3-sources.jar[0m
[0m[[0m[33mwarn[0m] [0m[0mAttempting to overwrite /Users/adriel/.ivy2/local/dev.profunktor/demo_3/0.1.0/docs/demo_3-javadoc.jar (non-SNAPSHOT)[0m
[0m[[0m[33mwarn[0m] [0m[0m	You need to remove it from the cache manually to take effect.[0m
[0m[[0m[33mwarn[0m] [0m[0mAttempting to overwrite /Users/adriel/.ivy2/local/dev.profunktor/demo_3/0.1.0/docs/demo_3-javadoc.jar.sha1 (non-SNAPSHOT)[0m
[0m[[0m[33mwarn[0m] [0m[0m	You need to remove it from the cache manually to take effect.[0m
[0m[[0m[33mwarn[0m] [0m[0mAttempting to overwrite /Users/adriel/.ivy2/local/dev.profunktor/demo_3/0.1.0/docs/demo_3-javadoc.jar.md5 (non-SNAPSHOT)[0m
[0m[[0m[33mwarn[0m] [0m[0m	You need to remove it from the cache manually to take effect.[0m
[0m[[0m[0minfo[0m] [0m[0m	published demo_3 to /Users/adriel/.ivy2/local/dev.profunktor/demo_3/0.1.0/docs/demo_3-javadoc.jar[0m
[0m[[0m[33mwarn[0m] [0m[0mAttempting to overwrite /Users/adriel/.ivy2/local/dev.profunktor/demo_3/0.1.0/ivys/ivy.xml (non-SNAPSHOT)[0m
[0m[[0m[33mwarn[0m] [0m[0m	You need to remove it from the cache manually to take effect.[0m
[0m[[0m[33mwarn[0m] [0m[0mAttempting to overwrite /Users/adriel/.ivy2/local/dev.profunktor/demo_3/0.1.0/ivys/ivy.xml.sha1 (non-SNAPSHOT)[0m
[0m[[0m[33mwarn[0m] [0m[0m	You need to remove it from the cache manually to take effect.[0m
[0m[[0m[33mwarn[0m] [0m[0mAttempting to overwrite /Users/adriel/.ivy2/local/dev.profunktor/demo_3/0.1.0/ivys/ivy.xml.md5 (non-SNAPSHOT)[0m
[0m[[0m[33mwarn[0m] [0m[0m	You need to remove it from the cache manually to take effect.[0m
[0m[[0m[0minfo[0m] [0m[0m	published ivy to /Users/adriel/.ivy2/local/dev.profunktor/demo_3/0.1.0/ivys/ivy.xml[0m
[0m[[0m[31merror[0m] [0m[0m#1 [internal] load build definition from Dockerfile[0m
[0m[[0m[31merror[0m] [0m[0m#1 sha256:515fe004d81a6c9af409e25729da850eea98b79671250709017559647193cbf1[0m
[0m[[0m[31merror[0m] [0m[0m#1 transferring dockerfile: 991B done[0m
[0m[[0m[31merror[0m] [0m[0m#1 DONE 0.0s[0m
[0m[[0m[31merror[0m] [0m[0m#1 [internal] load build definition from Dockerfile[0m
[0m[[0m[31merror[0m] [0m[0m#1 sha256:debced6b9712979fd123b197c3cd6e89e409590e812c0038a981ddf65f8b99ba[0m
[0m[[0m[31merror[0m] [0m[0m#1 transferring dockerfile: 997B done[0m
[0m[[0m[31merror[0m] [0m[0m#1 DONE 0.0s[0m
[0m[[0m[31merror[0m] [0m[0m#1 [internal] load build definition from Dockerfile[0m
[0m[[0m[31merror[0m] [0m[0m#1 sha256:3cd9f64059c4ae626f82152f7f118395cef090d9902b3ceeea04cba32cc43f39[0m
[0m[[0m[31merror[0m] [0m[0m#1 transferring dockerfile: 997B done[0m
[0m[[0m[31merror[0m] [0m[0m#1 DONE 0.0s[0m
[0m[[0m[31merror[0m] [0m[0m#1 [internal] load build definition from Dockerfile[0m
[0m[[0m[31merror[0m] [0m[0m#2 [internal] load .dockerignore[0m
[0m[[0m[31merror[0m] [0m[0m#2 sha256:fa87c2d162ce3d47377942ec141677cb6a34434f2b61427210156b3567603feb[0m
[0m[[0m[31merror[0m] [0m[0m#1 sha256:6ee46d5237cf23095c944e8ab49fdc927524ee4e1a3a6252dbb0de14e34e85a9[0m
[0m[[0m[31merror[0m] [0m[0m#2 transferring context: 2B done[0m
[0m[[0m[31merror[0m] [0m[0m#1 transferring dockerfile: 983B done[0m
[0m[[0m[31merror[0m] [0m[0m#2 DONE 0.0s[0m
[0m[[0m[31merror[0m] [0m[0m#1 DONE 0.0s[0m
[0m[[0m[31merror[0m] [0m[0m#1 [internal] load build definition from Dockerfile[0m
[0m[[0m[31merror[0m] [0m[0m#1 sha256:f47cca62f8c1c52ca917d8f56c14687ea94e4a55752196ccba6ac8d578b64fbe[0m
[0m[[0m[31merror[0m] [0m[0m#1 transferring dockerfile: 997B done[0m
[0m[[0m[31merror[0m] [0m[0m#1 DONE 0.0s[0m
[0m[[0m[31merror[0m] [0m[0m#2 [internal] load .dockerignore[0m
[0m[[0m[31merror[0m] [0m[0m#2 sha256:efac906d71274ef21666d2b25073be6456b8438ce02d85d40dac8f4fe48e8e2c[0m
[0m[[0m[31merror[0m] [0m[0m#2 transferring context: 2B done[0m
[0m[[0m[31merror[0m] [0m[0m#2 DONE 0.0s[0m
[0m[[0m[31merror[0m] [0m[0m#1 [internal] load build definition from Dockerfile[0m
[0m[[0m[31merror[0m] [0m[0m#1 sha256:ff2f05c4c077a4bbf815bff1feceab9ba07711aa24e7a4a8205f58bce9f85dc3[0m
[0m[[0m[31merror[0m] [0m[0m#1 transferring dockerfile: 987B done[0m
[0m[[0m[31merror[0m] [0m[0m#1 DONE 0.0s[0m
[0m[[0m[31merror[0m] [0m[0m#2 [internal] load .dockerignore[0m
[0m[[0m[31merror[0m] [0m[0m#2 sha256:d41ace092368019d23bc3ad1dfedb497d9dca8929033870309737140236bcb67[0m
[0m[[0m[31merror[0m] [0m[0m#2 transferring context: 2B done[0m
[0m[[0m[31merror[0m] [0m[0m#2 DONE 0.0s[0m
[0m[[0m[31merror[0m] [0m[0m#1 [internal] load build definition from Dockerfile[0m
[0m[[0m[31merror[0m] [0m[0m#1 sha256:e4a345b50e1648f8eb3291ae6dba95ff14d1161f0097a2a79c77ec9fdf2c5f80[0m
[0m[[0m[31merror[0m] [0m[0m#1 transferring dockerfile: 993B done[0m
[0m[[0m[31merror[0m] [0m[0m#1 DONE 0.0s[0m
[0m[[0m[31merror[0m] [0m[0m#3 [internal] load metadata for docker.io/library/openjdk:17-alpine[0m
[0m[[0m[31merror[0m] [0m[0m#2 [internal] load .dockerignore[0m
[0m[[0m[31merror[0m] [0m[0m#3 sha256:c6b4214edece6a4722c0ce776f20013cc53a8c2c4d3507321e9a98bb9f36f8ab[0m
[0m[[0m[31merror[0m] [0m[0m#2 sha256:d1c09d9374bbd5c148c05837e8a77e2d9aea41f31b12bcc47243a96a05c86f61[0m
[0m[[0m[31merror[0m] [0m[0m#2 transferring context: 2B done[0m
[0m[[0m[31merror[0m] [0m[0m#2 DONE 0.0s[0m
[0m[[0m[31merror[0m] [0m[0m#2 [internal] load .dockerignore[0m
[0m[[0m[31merror[0m] [0m[0m#2 sha256:1f5af3c65d571e769dad8102c53e2a3c7e697f390217dd15cbcec7ef816e381f[0m
[0m[[0m[31merror[0m] [0m[0m#2 transferring context: 2B done[0m
[0m[[0m[31merror[0m] [0m[0m#2 DONE 0.0s[0m
[0m[[0m[31merror[0m] [0m[0m#3 [internal] load metadata for docker.io/library/openjdk:17-alpine[0m
[0m[[0m[31merror[0m] [0m[0m#2 [internal] load .dockerignore[0m
[0m[[0m[31merror[0m] [0m[0m#3 sha256:c6b4214edece6a4722c0ce776f20013cc53a8c2c4d3507321e9a98bb9f36f8ab[0m
[0m[[0m[31merror[0m] [0m[0m#2 sha256:cb4745e32434e950b0b56a422408d6e7aff726114ba63af2030ddd94af9e0e25[0m
[0m[[0m[31merror[0m] [0m[0m#2 transferring context: 2B done[0m
[0m[[0m[31merror[0m] [0m[0m#2 DONE 0.0s[0m
[0m[[0m[31merror[0m] [0m[0m#3 [internal] load metadata for docker.io/library/openjdk:17-alpine[0m
[0m[[0m[31merror[0m] [0m[0m#3 sha256:c6b4214edece6a4722c0ce776f20013cc53a8c2c4d3507321e9a98bb9f36f8ab[0m
[0m[[0m[31merror[0m] [0m[0m#2 [internal] load .dockerignore[0m
[0m[[0m[31merror[0m] [0m[0m#2 sha256:7182aaeadd2f2dbede307596651f6c27f8a8e2254c514da388a5d24bc2800448[0m
[0m[[0m[31merror[0m] [0m[0m#2 transferring context: 2B done[0m
[0m[[0m[31merror[0m] [0m[0m#2 DONE 0.0s[0m
[0m[[0m[31merror[0m] [0m[0m#3 [internal] load metadata for docker.io/library/openjdk:17-alpine[0m
[0m[[0m[31merror[0m] [0m[0m#3 sha256:c6b4214edece6a4722c0ce776f20013cc53a8c2c4d3507321e9a98bb9f36f8ab[0m
[0m[[0m[31merror[0m] [0m[0m#3 [internal] load metadata for docker.io/library/openjdk:17-alpine[0m
[0m[[0m[31merror[0m] [0m[0m#3 sha256:c6b4214edece6a4722c0ce776f20013cc53a8c2c4d3507321e9a98bb9f36f8ab[0m
[0m[[0m[31merror[0m] [0m[0m#3 [internal] load metadata for docker.io/library/openjdk:17-alpine[0m
[0m[[0m[31merror[0m] [0m[0m#3 sha256:c6b4214edece6a4722c0ce776f20013cc53a8c2c4d3507321e9a98bb9f36f8ab[0m
[0m[[0m[31merror[0m] [0m[0m#3 [internal] load metadata for docker.io/library/openjdk:17-alpine[0m
[0m[[0m[31merror[0m] [0m[0m#3 sha256:c6b4214edece6a4722c0ce776f20013cc53a8c2c4d3507321e9a98bb9f36f8ab[0m
[0m[[0m[31merror[0m] [0m[0m#3 ...[0m
[0m[[0m[31merror[0m] [0m[0m#4 [auth] library/openjdk:pull token for registry-1.docker.io[0m
[0m[[0m[31merror[0m] [0m[0m#4 sha256:15bec28b2eb432f1882102531bb1c4d97b9862f9084c367b7d29a0b859fd1c99[0m
[0m[[0m[31merror[0m] [0m[0m#4 DONE 0.0s[0m
[0m[[0m[31merror[0m] [0m[0m#3 [internal] load metadata for docker.io/library/openjdk:17-alpine[0m
[0m[[0m[31merror[0m] [0m[0m#3 sha256:c6b4214edece6a4722c0ce776f20013cc53a8c2c4d3507321e9a98bb9f36f8ab[0m
[0m[[0m[31merror[0m] [0m[0m#3 DONE 1.2s[0m
[0m[[0m[31merror[0m] [0m[0m#3 DONE 1.1s[0m
[0m[[0m[31merror[0m] [0m[0m#12 [mainstage 1/5] FROM docker.io/library/openjdk:17-alpine@sha256:4b6abae565492dbe9e7a894137c966a7485154238902f2f25e9dbd9784383d81[0m
[0m[[0m[31merror[0m] [0m[0m#12 sha256:35f401bed1c40e494a6f54b96ecdf18809300d576d51a465eb9a6e74c1b3a4fd[0m
[0m[[0m[31merror[0m] [0m[0m#12 DONE 0.0s[0m
[0m[[0m[31merror[0m] [0m[0m#7 [internal] load build context[0m
[0m[[0m[31merror[0m] [0m[0m#7 sha256:af6938512b6db96766029d53acf2c2ad39506a6db96626c464e49811079d10f7[0m
[0m[[0m[31merror[0m] [0m[0m#3 DONE 1.2s[0m
[0m[[0m[31merror[0m] [0m[0m#4 [mainstage 1/5] FROM docker.io/library/openjdk:17-alpine@sha256:4b6abae565492dbe9e7a894137c966a7485154238902f2f25e9dbd9784383d81[0m
[0m[[0m[31merror[0m] [0m[0m#4 sha256:35f401bed1c40e494a6f54b96ecdf18809300d576d51a465eb9a6e74c1b3a4fd[0m
[0m[[0m[31merror[0m] [0m[0m#4 DONE 0.0s[0m
[0m[[0m[31merror[0m] [0m[0m#8 [internal] load build context[0m
[0m[[0m[31merror[0m] [0m[0m#8 sha256:c0b7684199d949e1f71e8a57d26dfbbd7e5efbabbb609cfb72f0e7fe76ef5b84[0m
[0m[[0m[31merror[0m] [0m[0m#8 transferring context: 58.80kB 0.0s done[0m
[0m[[0m[31merror[0m] [0m[0m#3 DONE 1.1s[0m
[0m[[0m[31merror[0m] [0m[0m#4 [mainstage 1/5] FROM docker.io/library/openjdk:17-alpine@sha256:4b6abae565492dbe9e7a894137c966a7485154238902f2f25e9dbd9784383d81[0m
[0m[[0m[31merror[0m] [0m[0m#4 sha256:35f401bed1c40e494a6f54b96ecdf18809300d576d51a465eb9a6e74c1b3a4fd[0m
[0m[[0m[31merror[0m] [0m[0m#4 DONE 0.0s[0m
[0m[[0m[31merror[0m] [0m[0m#8 [internal] load build context[0m
[0m[[0m[31merror[0m] [0m[0m#8 sha256:a56a2fe41f0f2b5055aac8fd82e8456eb510983972ec5b34362af61d835f0c73[0m
[0m[[0m[31merror[0m] [0m[0m#3 DONE 1.4s[0m
[0m[[0m[31merror[0m] [0m[0m#16 [mainstage 1/5] FROM docker.io/library/openjdk:17-alpine@sha256:4b6abae565492dbe9e7a894137c966a7485154238902f2f25e9dbd9784383d81[0m
[0m[[0m[31merror[0m] [0m[0m#16 sha256:35f401bed1c40e494a6f54b96ecdf18809300d576d51a465eb9a6e74c1b3a4fd[0m
[0m[[0m[31merror[0m] [0m[0m#16 DONE 0.0s[0m
[0m[[0m[31merror[0m] [0m[0m#8 [internal] load build context[0m
[0m[[0m[31merror[0m] [0m[0m#8 sha256:b01d08f67d2c031c0aa1f791d01d67da67b8e4d77ecfe8b002c8170427ddb04a[0m
[0m[[0m[31merror[0m] [0m[0m#8 transferring context: 391.64kB 0.1s done[0m
[0m[[0m[31merror[0m] [0m[0m#3 DONE 1.2s[0m
[0m[[0m[31merror[0m] [0m[0m#4 [mainstage 1/5] FROM docker.io/library/openjdk:17-alpine@sha256:4b6abae565492dbe9e7a894137c966a7485154238902f2f25e9dbd9784383d81[0m
[0m[[0m[31merror[0m] [0m[0m#4 sha256:35f401bed1c40e494a6f54b96ecdf18809300d576d51a465eb9a6e74c1b3a4fd[0m
[0m[[0m[31merror[0m] [0m[0m#4 DONE 0.0s[0m
[0m[[0m[31merror[0m] [0m[0m#8 [internal] load build context[0m
[0m[[0m[31merror[0m] [0m[0m#8 sha256:421e6488f6181f3a34d9f00e5e9074d3a2898cfb866eed9e6fd82dbaf0d11b3e[0m
[0m[[0m[31merror[0m] [0m[0m#8 transferring context: 50.61kB 0.0s done[0m
[0m[[0m[31merror[0m] [0m[0m#3 DONE 1.0s[0m
[0m[[0m[31merror[0m] [0m[0m#4 [mainstage 1/5] FROM docker.io/library/openjdk:17-alpine@sha256:4b6abae565492dbe9e7a894137c966a7485154238902f2f25e9dbd9784383d81[0m
[0m[[0m[31merror[0m] [0m[0m#4 sha256:35f401bed1c40e494a6f54b96ecdf18809300d576d51a465eb9a6e74c1b3a4fd[0m
[0m[[0m[31merror[0m] [0m[0m#4 DONE 0.0s[0m
[0m[[0m[31merror[0m] [0m[0m#8 [internal] load build context[0m
[0m[[0m[31merror[0m] [0m[0m#8 sha256:fd5e06a918145420a7282a1aff123db6cad3f2ef7eb5736f5a72b8032bf22f45[0m
[0m[[0m[31merror[0m] [0m[0m#8 transferring context: 7.86kB 0.0s done[0m
[0m[[0m[31merror[0m] [0m[0m#8 DONE 0.1s[0m
[0m[[0m[31merror[0m] [0m[0m#3 [internal] load metadata for docker.io/library/openjdk:17-alpine[0m
[0m[[0m[31merror[0m] [0m[0m#3 sha256:c6b4214edece6a4722c0ce776f20013cc53a8c2c4d3507321e9a98bb9f36f8ab[0m
[0m[[0m[31merror[0m] [0m[0m#3 DONE 1.2s[0m
[0m[[0m[31merror[0m] [0m[0m#4 [mainstage 1/5] FROM docker.io/library/openjdk:17-alpine@sha256:4b6abae565492dbe9e7a894137c966a7485154238902f2f25e9dbd9784383d81[0m
[0m[[0m[31merror[0m] [0m[0m#4 sha256:35f401bed1c40e494a6f54b96ecdf18809300d576d51a465eb9a6e74c1b3a4fd[0m
[0m[[0m[31merror[0m] [0m[0m#4 DONE 0.0s[0m
[0m[[0m[31merror[0m] [0m[0m#8 [internal] load build context[0m
[0m[[0m[31merror[0m] [0m[0m#8 sha256:fcb048f20e6f995169e2085a9ae9f1c4e0a3d605e39643beb1d2cc8e63e7583a[0m
[0m[[0m[31merror[0m] [0m[0m#8 DONE 0.3s[0m
[0m[[0m[31merror[0m] [0m[0m#8 transferring context: 201.25kB 0.2s done[0m
[0m[[0m[31merror[0m] [0m[0m#8 DONE 0.3s[0m
[0m[[0m[31merror[0m] [0m[0m#8 DONE 0.2s[0m
[0m[[0m[31merror[0m] [0m[0m#11 [stage0 5/7] RUN ["chmod", "-R", "u=rX,g=rX", "/2/opt/docker"][0m
[0m[[0m[31merror[0m] [0m[0m#11 sha256:1259e4eac9506fd827d46145e59da9def212224edd9b1d95aae8db28b19fcd9f[0m
[0m[[0m[31merror[0m] [0m[0m#11 CACHED[0m
[0m[[0m[31merror[0m] [0m[0m#14 [mainstage 4/5] COPY --from=stage0 --chown=demiourgos728:root /2/opt/docker /opt/docker[0m
[0m[[0m[31merror[0m] [0m[0m#14 sha256:9888a8913a5b2bef33476b4e6d03ea83ab6d83601dc35d0b9f0b271fd56b075d[0m
[0m[[0m[31merror[0m] [0m[0m#14 CACHED[0m
[0m[[0m[31merror[0m] [0m[0m#7 [stage0 2/7] WORKDIR /opt/docker[0m
[0m[[0m[31merror[0m] [0m[0m#7 sha256:1c5602f961ceffa214be34dd031e2c43a1ad83b8ba366f2515fa3e4bbd73c446[0m
[0m[[0m[31merror[0m] [0m[0m#7 CACHED[0m
[0m[[0m[31merror[0m] [0m[0m#10 [stage0 4/7] COPY 4/opt /4/opt[0m
[0m[[0m[31merror[0m] [0m[0m#10 sha256:a17bebb78565d02576d233549ab3f88ac43176b27dfb45896827a417bf52a136[0m
[0m[[0m[31merror[0m] [0m[0m#10 CACHED[0m
[0m[[0m[31merror[0m] [0m[0m#9 [stage0 3/7] COPY 2/opt /2/opt[0m
[0m[[0m[31merror[0m] [0m[0m#9 sha256:501a9ebd5e881828e593a3cf3bcd4f1729a6ddd731e157b7b6babbd07a658e2c[0m
[0m[[0m[31merror[0m] [0m[0m#9 CACHED[0m
[0m[[0m[31merror[0m] [0m[0m#12 [stage0 6/7] RUN ["chmod", "-R", "u=rX,g=rX", "/4/opt/docker"][0m
[0m[[0m[31merror[0m] [0m[0m#12 sha256:2866660745ff170db10473672e0ddd97837382ca4fc6ce658f13151a50cafc0a[0m
[0m[[0m[31merror[0m] [0m[0m#12 CACHED[0m
[0m[[0m[31merror[0m] [0m[0m#13 [stage0 7/7] RUN ["chmod", "u+x,g+x", "/4/opt/docker/bin/snapshots"][0m
[0m[[0m[31merror[0m] [0m[0m#13 sha256:11804b26280bd0a2b400dd1eaf48b421cdb872d8cecb44c4c868802865fafa70[0m
[0m[[0m[31merror[0m] [0m[0m#13 CACHED[0m
[0m[[0m[31merror[0m] [0m[0m#6 [mainstage 3/5] WORKDIR /opt/docker[0m
[0m[[0m[31merror[0m] [0m[0m#6 sha256:7b339c4f9882064f668b44b43b1b17c2c6150ec0f9057ee4dda34f107aefe072[0m
[0m[[0m[31merror[0m] [0m[0m#6 CACHED[0m
[0m[[0m[31merror[0m] [0m[0m#5 [mainstage 2/5] RUN id -u demiourgos728 1>/dev/null 2>&1 || (( getent group 0 1>/dev/null 2>&1 || ( type groupadd 1>/dev/null 2>&1 && groupadd -g 0 root || addgroup -g 0 -S root )) && ( type useradd 1>/dev/null 2>&1 && useradd --system --create-home --uid 1001 --gid 0 demiourgos728 || adduser -S -u 1001 -G root demiourgos728 ))[0m
[0m[[0m[31merror[0m] [0m[0m#5 sha256:13214fa4332dbcc25b83c410149f259c26aed5354a786f0c577e8c336756e926[0m
[0m[[0m[31merror[0m] [0m[0m#5 CACHED[0m
[0m[[0m[31merror[0m] [0m[0m#15 [mainstage 5/5] COPY --from=stage0 --chown=demiourgos728:root /4/opt/docker /opt/docker[0m
[0m[[0m[31merror[0m] [0m[0m#15 sha256:0359b073bbd7a0238cd697bc33fa30c5ef6f81bd38c237555fc395f4d7ebf1e6[0m
[0m[[0m[31merror[0m] [0m[0m#15 CACHED[0m
[0m[[0m[31merror[0m] [0m[0m#8 DONE 0.3s[0m
[0m[[0m[31merror[0m] [0m[0m#7 [stage0 2/7] WORKDIR /opt/docker[0m
[0m[[0m[31merror[0m] [0m[0m#7 sha256:1c5602f961ceffa214be34dd031e2c43a1ad83b8ba366f2515fa3e4bbd73c446[0m
[0m[[0m[31merror[0m] [0m[0m#7 CACHED[0m
[0m[[0m[31merror[0m] [0m[0m#11 [stage0 5/7] RUN ["chmod", "-R", "u=rX,g=rX", "/2/opt/docker"][0m
[0m[[0m[31merror[0m] [0m[0m#11 sha256:67db48ec62a116d1db1b1a74663aaccb2179da457a661993d51f34b854bf3018[0m
[0m[[0m[31merror[0m] [0m[0m#11 CACHED[0m
[0m[[0m[31merror[0m] [0m[0m#5 [mainstage 2/5] RUN id -u demiourgos728 1>/dev/null 2>&1 || (( getent group 0 1>/dev/null 2>&1 || ( type groupadd 1>/dev/null 2>&1 && groupadd -g 0 root || addgroup -g 0 -S root )) && ( type useradd 1>/dev/null 2>&1 && useradd --system --create-home --uid 1001 --gid 0 demiourgos728 || adduser -S -u 1001 -G root demiourgos728 ))[0m
[0m[[0m[31merror[0m] [0m[0m#5 sha256:13214fa4332dbcc25b83c410149f259c26aed5354a786f0c577e8c336756e926[0m
[0m[[0m[31merror[0m] [0m[0m#5 CACHED[0m
[0m[[0m[31merror[0m] [0m[0m#9 [stage0 3/7] COPY 2/opt /2/opt[0m
[0m[[0m[31merror[0m] [0m[0m#9 sha256:57b4a0cc9af10e16b46a6f3ca4179a0465fa7e65a651c2b6449ef77e06805c94[0m
[0m[[0m[31merror[0m] [0m[0m#9 CACHED[0m
[0m[[0m[31merror[0m] [0m[0m#10 [stage0 4/7] COPY 4/opt /4/opt[0m
[0m[[0m[31merror[0m] [0m[0m#10 sha256:3b6f2e5a12e49a1d62c71833b4bc99d10a819551f8ad48b6f3389e12b004ea5c[0m
[0m[[0m[31merror[0m] [0m[0m#10 CACHED[0m
[0m[[0m[31merror[0m] [0m[0m#12 [stage0 6/7] RUN ["chmod", "-R", "u=rX,g=rX", "/4/opt/docker"][0m
[0m[[0m[31merror[0m] [0m[0m#12 sha256:4df219b736eced6bc09f2f2dd38fd03c1f4c3bb2846e1f7f46ef43a0f22f55aa[0m
[0m[[0m[31merror[0m] [0m[0m#12 CACHED[0m
[0m[[0m[31merror[0m] [0m[0m#13 [stage0 7/7] RUN ["chmod", "u+x,g+x", "/4/opt/docker/bin/alerts"][0m
[0m[[0m[31merror[0m] [0m[0m#13 sha256:de46dd0260cd41e2eb13d1dd59cd60091942ad6a84d64e443d4e4e3f7df45870[0m
[0m[[0m[31merror[0m] [0m[0m#13 CACHED[0m
[0m[[0m[31merror[0m] [0m[0m#6 [mainstage 3/5] WORKDIR /opt/docker[0m
[0m[[0m[31merror[0m] [0m[0m#6 sha256:7b339c4f9882064f668b44b43b1b17c2c6150ec0f9057ee4dda34f107aefe072[0m
[0m[[0m[31merror[0m] [0m[0m#6 CACHED[0m
[0m[[0m[31merror[0m] [0m[0m#14 [mainstage 4/5] COPY --from=stage0 --chown=demiourgos728:root /2/opt/docker /opt/docker[0m
[0m[[0m[31merror[0m] [0m[0m#14 sha256:f0015c0df242597c18974f4d2714518ade55c498926d0e0c6855ee3d6f59457f[0m
[0m[[0m[31merror[0m] [0m[0m#14 CACHED[0m
[0m[[0m[31merror[0m] [0m[0m#15 [mainstage 5/5] COPY --from=stage0 --chown=demiourgos728:root /4/opt/docker /opt/docker[0m
[0m[[0m[31merror[0m] [0m[0m#15 sha256:448613d8f2041b833c4fabc41d97e6ee7588dcbd68068680a74a667436994a13[0m
[0m[[0m[31merror[0m] [0m[0m#15 CACHED[0m
[0m[[0m[31merror[0m] [0m[0m#17 exporting to image[0m
[0m[[0m[31merror[0m] [0m[0m#17 sha256:e8c613e07b0b7ff33893b694f7759a10d42e180f2b4dc349fb57dc6b71dcab00[0m
[0m[[0m[31merror[0m] [0m[0m#17 exporting layers done[0m
[0m[[0m[31merror[0m] [0m[0m#17 writing image sha256:aa1b1a3a7c5a882f302361898058ceac9f5bd9d8bfcb12f843c6b93c93ad4321[0m
[0m[[0m[31merror[0m] [0m[0m#17 writing image sha256:aa1b1a3a7c5a882f302361898058ceac9f5bd9d8bfcb12f843c6b93c93ad4321 done[0m
[0m[[0m[31merror[0m] [0m[0m#17 naming to docker.io/library/trading-alerts:0.1.0 done[0m
[0m[[0m[31merror[0m] [0m[0m#17 naming to docker.io/library/trading-alerts:latest done[0m
[0m[[0m[31merror[0m] [0m[0m#17 DONE 0.0s[0m
[0m[[0m[31merror[0m] [0m[0m#14 [mainstage 4/5] COPY --from=stage0 --chown=demiourgos728:root /2/opt/docker /opt/docker[0m
[0m[[0m[31merror[0m] [0m[0m#14 sha256:628ce4e3a0bdc38e2fbe466caa25c24d488f74b78b4cc6aca8d44de346919f2b[0m
[0m[[0m[31merror[0m] [0m[0m#14 CACHED[0m
[0m[[0m[31merror[0m] [0m[0m#11 [stage0 5/7] RUN ["chmod", "-R", "u=rX,g=rX", "/2/opt/docker"][0m
[0m[[0m[31merror[0m] [0m[0m#11 sha256:4f73b61fead516ac4d4f5a13a50cd52ccb453aea9d2db0a4e7a70bd38eb72ffc[0m
[0m[[0m[31merror[0m] [0m[0m#11 CACHED[0m
[0m[[0m[31merror[0m] [0m[0m#5 [mainstage 2/5] RUN id -u demiourgos728 1>/dev/null 2>&1 || (( getent group 0 1>/dev/null 2>&1 || ( type groupadd 1>/dev/null 2>&1 && groupadd -g 0 root || addgroup -g 0 -S root )) && ( type useradd 1>/dev/null 2>&1 && useradd --system --create-home --uid 1001 --gid 0 demiourgos728 || adduser -S -u 1001 -G root demiourgos728 ))[0m
[0m[[0m[31merror[0m] [0m[0m#5 sha256:13214fa4332dbcc25b83c410149f259c26aed5354a786f0c577e8c336756e926[0m
[0m[[0m[31merror[0m] [0m[0m#5 CACHED[0m
[0m[[0m[31merror[0m] [0m[0m#6 [mainstage 3/5] WORKDIR /opt/docker[0m
[0m[[0m[31merror[0m] [0m[0m#6 sha256:7b339c4f9882064f668b44b43b1b17c2c6150ec0f9057ee4dda34f107aefe072[0m
[0m[[0m[31merror[0m] [0m[0m#6 CACHED[0m
[0m[[0m[31merror[0m] [0m[0m#7 [stage0 2/7] WORKDIR /opt/docker[0m
[0m[[0m[31merror[0m] [0m[0m#7 sha256:1c5602f961ceffa214be34dd031e2c43a1ad83b8ba366f2515fa3e4bbd73c446[0m
[0m[[0m[31merror[0m] [0m[0m#7 CACHED[0m
[0m[[0m[31merror[0m] [0m[0m#12 [stage0 6/7] RUN ["chmod", "-R", "u=rX,g=rX", "/4/opt/docker"][0m
[0m[[0m[31merror[0m] [0m[0m#12 sha256:00efcdb907be9ca8cc9f5c5118472ab7647313a092ccc6d47a5c4de0ee40d7ca[0m
[0m[[0m[31merror[0m] [0m[0m#12 CACHED[0m
[0m[[0m[31merror[0m] [0m[0m#10 [stage0 4/7] COPY 4/opt /4/opt[0m
[0m[[0m[31merror[0m] [0m[0m#10 sha256:e11604829cd396f5ee2eade1993735b6d2af34c2c303467fb32394fecd0f4e81[0m
[0m[[0m[31merror[0m] [0m[0m#10 CACHED[0m
[0m[[0m[31merror[0m] [0m[0m#13 [stage0 7/7] RUN ["chmod", "u+x,g+x", "/4/opt/docker/bin/tracing"][0m
[0m[[0m[31merror[0m] [0m[0m#13 sha256:5fe472ff850de5222a1ea5825fd9322185de478b7225b5c15cbb4cdc3bcfddda[0m
[0m[[0m[31merror[0m] [0m[0m#13 CACHED[0m
[0m[[0m[31merror[0m] [0m[0m#9 [stage0 3/7] COPY 2/opt /2/opt[0m
[0m[[0m[31merror[0m] [0m[0m#9 sha256:4d4b79c6c9bd2d94a85a3eb030f0cf9173572bf8b447526041663ebdbbb2e0c0[0m
[0m[[0m[31merror[0m] [0m[0m#9 CACHED[0m
[0m[[0m[31merror[0m] [0m[0m#15 [mainstage 5/5] COPY --from=stage0 --chown=demiourgos728:root /4/opt/docker /opt/docker[0m
[0m[[0m[31merror[0m] [0m[0m#15 sha256:64ce53f7e49a16f4ee3a00a78b916a11b98cc2c70cc8b50a5f01f1caeb0372e4[0m
[0m[[0m[31merror[0m] [0m[0m#15 CACHED[0m
[0m[[0m[31merror[0m] [0m[0m#16 exporting to image[0m
[0m[[0m[31merror[0m] [0m[0m#16 sha256:e8c613e07b0b7ff33893b694f7759a10d42e180f2b4dc349fb57dc6b71dcab00[0m
[0m[[0m[31merror[0m] [0m[0m#16 exporting layers done[0m
[0m[[0m[31merror[0m] [0m[0m#16 writing image sha256:fa1b92d923cae8e43018d5836de11c2c5fc385f75d9ab79c993cbd144b1df01d 0.0s done[0m
[0m[[0m[31merror[0m] [0m[0m#16 naming to docker.io/library/trading-tracing:0.1.0 done[0m
[0m[[0m[31merror[0m] [0m[0m#16 naming to docker.io/library/trading-tracing:latest done[0m
[0m[[0m[31merror[0m] [0m[0m#16 DONE 0.0s[0m
[0m[[0m[31merror[0m] [0m[0m#12 [stage0 6/7] RUN ["chmod", "-R", "u=rX,g=rX", "/4/opt/docker"][0m
[0m[[0m[31merror[0m] [0m[0m#12 sha256:dc260f2a90afaca2418e04205aaf18860529104dd231895868309036569be59a[0m
[0m[[0m[31merror[0m] [0m[0m#12 CACHED[0m
[0m[[0m[31merror[0m] [0m[0m#9 [stage0 3/7] COPY 2/opt /2/opt[0m
[0m[[0m[31merror[0m] [0m[0m#9 sha256:4cc95f5b119bae965c43c71cda93542c0731eed88e9adb4d1da6646c5caad8b5[0m
[0m[[0m[31merror[0m] [0m[0m#9 CACHED[0m
[0m[[0m[31merror[0m] [0m[0m#7 [stage0 2/7] WORKDIR /opt/docker[0m
[0m[[0m[31merror[0m] [0m[0m#7 sha256:1c5602f961ceffa214be34dd031e2c43a1ad83b8ba366f2515fa3e4bbd73c446[0m
[0m[[0m[31merror[0m] [0m[0m#7 CACHED[0m
[0m[[0m[31merror[0m] [0m[0m#10 [stage0 4/7] COPY 4/opt /4/opt[0m
[0m[[0m[31merror[0m] [0m[0m#10 sha256:7331786231c15a8c0bdc5c29eb1853dbf61f5f3a26612e30a82e8b91c33907ea[0m
[0m[[0m[31merror[0m] [0m[0m#10 CACHED[0m
[0m[[0m[31merror[0m] [0m[0m#11 [stage0 5/7] RUN ["chmod", "-R", "u=rX,g=rX", "/2/opt/docker"][0m
[0m[[0m[31merror[0m] [0m[0m#11 sha256:d93eacd975879ff3cce4f62abd97f35fecb1642c92e45dd5cfc889d854f587cd[0m
[0m[[0m[31merror[0m] [0m[0m#11 CACHED[0m
[0m[[0m[31merror[0m] [0m[0m#13 [stage0 7/7] RUN ["chmod", "u+x,g+x", "/4/opt/docker/bin/processor"][0m
[0m[[0m[31merror[0m] [0m[0m#13 sha256:72ac5daf1422ae6429e33d54f9da8b340c4cb2250a53f50fb0e8e13324abdf1a[0m
[0m[[0m[31merror[0m] [0m[0m#13 CACHED[0m
[0m[[0m[31merror[0m] [0m[0m#5 [mainstage 2/5] RUN id -u demiourgos728 1>/dev/null 2>&1 || (( getent group 0 1>/dev/null 2>&1 || ( type groupadd 1>/dev/null 2>&1 && groupadd -g 0 root || addgroup -g 0 -S root )) && ( type useradd 1>/dev/null 2>&1 && useradd --system --create-home --uid 1001 --gid 0 demiourgos728 || adduser -S -u 1001 -G root demiourgos728 ))[0m
[0m[[0m[31merror[0m] [0m[0m#5 sha256:13214fa4332dbcc25b83c410149f259c26aed5354a786f0c577e8c336756e926[0m
[0m[[0m[31merror[0m] [0m[0m#5 CACHED[0m
[0m[[0m[31merror[0m] [0m[0m#6 [mainstage 3/5] WORKDIR /opt/docker[0m
[0m[[0m[31merror[0m] [0m[0m#6 sha256:7b339c4f9882064f668b44b43b1b17c2c6150ec0f9057ee4dda34f107aefe072[0m
[0m[[0m[31merror[0m] [0m[0m#6 CACHED[0m
[0m[[0m[31merror[0m] [0m[0m#14 [mainstage 4/5] COPY --from=stage0 --chown=demiourgos728:root /2/opt/docker /opt/docker[0m
[0m[[0m[31merror[0m] [0m[0m#14 sha256:8c41799fc186a876775824314ecf26810e680bf5ad25a15c83ff459617361dd8[0m
[0m[[0m[31merror[0m] [0m[0m#14 CACHED[0m
[0m[[0m[31merror[0m] [0m[0m#15 [mainstage 5/5] COPY --from=stage0 --chown=demiourgos728:root /4/opt/docker /opt/docker[0m
[0m[[0m[31merror[0m] [0m[0m#15 sha256:f107de6b6144aefb6340b78ebd5f164c46437ac1be350f7a2d003ce9c6f59448[0m
[0m[[0m[31merror[0m] [0m[0m#15 CACHED[0m
[0m[[0m[31merror[0m] [0m[0m#16 exporting to image[0m
[0m[[0m[31merror[0m] [0m[0m#16 sha256:e8c613e07b0b7ff33893b694f7759a10d42e180f2b4dc349fb57dc6b71dcab00[0m
[0m[[0m[31merror[0m] [0m[0m#16 exporting layers done[0m
[0m[[0m[31merror[0m] [0m[0m#7 [stage0 2/7] WORKDIR /opt/docker[0m
[0m[[0m[31merror[0m] [0m[0m#7 sha256:1c5602f961ceffa214be34dd031e2c43a1ad83b8ba366f2515fa3e4bbd73c446[0m
[0m[[0m[31merror[0m] [0m[0m#7 CACHED[0m
[0m[[0m[31merror[0m] [0m[0m#9 [stage0 3/7] COPY 2/opt /2/opt[0m
[0m[[0m[31merror[0m] [0m[0m#9 sha256:7d702658318efb116fbd0c710733ee57b58ef0773a36b560193a8fe3830498e4[0m
[0m[[0m[31merror[0m] [0m[0m#9 CACHED[0m
[0m[[0m[31merror[0m] [0m[0m#10 [stage0 4/7] COPY 4/opt /4/opt[0m
[0m[[0m[31merror[0m] [0m[0m#10 sha256:84adb5fe49e72fef7046fc989a13a3404a0b5bf78cf538644271404d0a02cfe5[0m
[0m[[0m[31merror[0m] [0m[0m#16 exporting to image[0m
[0m[[0m[31merror[0m] [0m[0m#16 sha256:e8c613e07b0b7ff33893b694f7759a10d42e180f2b4dc349fb57dc6b71dcab00[0m
[0m[[0m[31merror[0m] [0m[0m#16 exporting layers done[0m
[0m[[0m[31merror[0m] [0m[0m#16 writing image sha256:55addfefece90d67aa2d068b9b0b20acb5ca96f3e32ae182af799a343ef4893a 0.0s done[0m
[0m[[0m[31merror[0m] [0m[0m#16 naming to docker.io/library/trading-snapshots:0.1.0 done[0m
[0m[[0m[31merror[0m] [0m[0m#16 naming to docker.io/library/trading-snapshots:latest done[0m
[0m[[0m[31merror[0m] [0m[0m#16 DONE 0.1s[0m
[0m[[0m[31merror[0m] [0m[0m#10 DONE 0.2s[0m
[0m[[0m[31merror[0m] [0m[0m#7 transferring context: 6.06MB 0.5s done[0m
[0m[[0m[31merror[0m] [0m[0m#16 writing image sha256:a237a625a96e5f30ac849cabc7573a35e6f926baa90d102602a35e3e31e3bda5 done[0m
[0m[[0m[31merror[0m] [0m[0m#16 naming to docker.io/library/trading-processor:0.1.0 done[0m
[0m[[0m[31merror[0m] [0m[0m#16 naming to docker.io/library/trading-processor:latest done[0m
[0m[[0m[31merror[0m] [0m[0m#16 DONE 0.3s[0m
[0m[[0m[31merror[0m] [0m[0m#8 transferring context: 8.55MB 0.5s done[0m
[0m[[0m[31merror[0m] [0m[0m#8 DONE 0.7s[0m
[0m[[0m[31merror[0m] [0m[0m#13 [stage0 7/7] RUN ["chmod", "u+x,g+x", "/4/opt/docker/bin/forecasts"][0m
[0m[[0m[31merror[0m] [0m[0m#13 sha256:8e407411eda405842c77c328e1f04640a4467815c156334a3fcede77ad60081b[0m
[0m[[0m[31merror[0m] [0m[0m#13 CACHED[0m
[0m[[0m[31merror[0m] [0m[0m#14 [mainstage 4/5] COPY --from=stage0 --chown=demiourgos728:root /2/opt/docker /opt/docker[0m
[0m[[0m[31merror[0m] [0m[0m#14 sha256:bea11bd7cd744e9b606b3f21b7197fe74a46bacf934ed46581b5097a483406ef[0m
[0m[[0m[31merror[0m] [0m[0m#14 CACHED[0m
[0m[[0m[31merror[0m] [0m[0m#7 [stage0 2/7] WORKDIR /opt/docker[0m
[0m[[0m[31merror[0m] [0m[0m#7 sha256:1c5602f961ceffa214be34dd031e2c43a1ad83b8ba366f2515fa3e4bbd73c446[0m
[0m[[0m[31merror[0m] [0m[0m#7 CACHED[0m
[0m[[0m[31merror[0m] [0m[0m#9 [stage0 3/7] COPY 2/opt /2/opt[0m
[0m[[0m[31merror[0m] [0m[0m#9 sha256:b994362491de7a3dc96f312492b21de2c8e3f62ace34e5f6506332e14053919c[0m
[0m[[0m[31merror[0m] [0m[0m#9 CACHED[0m
[0m[[0m[31merror[0m] [0m[0m#10 [stage0 4/7] COPY 4/opt /4/opt[0m
[0m[[0m[31merror[0m] [0m[0m#10 sha256:a82382fb2a303c347c0b33e18fd2c1532e7db947ab7e273b5b8036086649439d[0m
[0m[[0m[31merror[0m] [0m[0m#10 CACHED[0m
[0m[[0m[31merror[0m] [0m[0m#11 [stage0 5/7] RUN ["chmod", "-R", "u=rX,g=rX", "/2/opt/docker"][0m
[0m[[0m[31merror[0m] [0m[0m#11 sha256:39110367b8abd33e633c8e6c355368149e157356d32278d4812f8749ff84d9ea[0m
[0m[[0m[31merror[0m] [0m[0m#11 CACHED[0m
[0m[[0m[31merror[0m] [0m[0m#12 [stage0 6/7] RUN ["chmod", "-R", "u=rX,g=rX", "/4/opt/docker"][0m
[0m[[0m[31merror[0m] [0m[0m#12 sha256:f8a59cbf8754ebca562f5883ed1d55b0319cbe80b056863085eba760630b57a8[0m
[0m[[0m[31merror[0m] [0m[0m#12 CACHED[0m
[0m[[0m[31merror[0m] [0m[0m#5 [mainstage 2/5] RUN id -u demiourgos728 1>/dev/null 2>&1 || (( getent group 0 1>/dev/null 2>&1 || ( type groupadd 1>/dev/null 2>&1 && groupadd -g 0 root || addgroup -g 0 -S root )) && ( type useradd 1>/dev/null 2>&1 && useradd --system --create-home --uid 1001 --gid 0 demiourgos728 || adduser -S -u 1001 -G root demiourgos728 ))[0m
[0m[[0m[31merror[0m] [0m[0m#5 sha256:13214fa4332dbcc25b83c410149f259c26aed5354a786f0c577e8c336756e926[0m
[0m[[0m[31merror[0m] [0m[0m#5 CACHED[0m
[0m[[0m[31merror[0m] [0m[0m#6 [mainstage 3/5] WORKDIR /opt/docker[0m
[0m[[0m[31merror[0m] [0m[0m#6 sha256:7b339c4f9882064f668b44b43b1b17c2c6150ec0f9057ee4dda34f107aefe072[0m
[0m[[0m[31merror[0m] [0m[0m#6 CACHED[0m
[0m[[0m[31merror[0m] [0m[0m#15 [mainstage 5/5] COPY --from=stage0 --chown=demiourgos728:root /4/opt/docker /opt/docker[0m
[0m[[0m[31merror[0m] [0m[0m#15 sha256:6c8ce04ee39702d3202c821ddf6ff439c30a73132a142a7c175f315dd729f097[0m
[0m[[0m[31merror[0m] [0m[0m#15 CACHED[0m
[0m[[0m[31merror[0m] [0m[0m#16 exporting to image[0m
[0m[[0m[31merror[0m] [0m[0m#16 sha256:e8c613e07b0b7ff33893b694f7759a10d42e180f2b4dc349fb57dc6b71dcab00[0m
[0m[[0m[31merror[0m] [0m[0m#16 exporting layers done[0m
[0m[[0m[31merror[0m] [0m[0m#7 DONE 0.6s[0m
[0m[[0m[31merror[0m] [0m[0m#13 [stage0 7/7] RUN ["chmod", "u+x,g+x", "/4/opt/docker/bin/feed"][0m
[0m[[0m[31merror[0m] [0m[0m#13 sha256:dda5c400618ca5aa9237c0a172bfe8761969d1b296fbe9de0649b0fdb011fac0[0m
[0m[[0m[31merror[0m] [0m[0m#13 CACHED[0m
[0m[[0m[31merror[0m] [0m[0m#5 [mainstage 3/5] WORKDIR /opt/docker[0m
[0m[[0m[31merror[0m] [0m[0m#5 sha256:7b339c4f9882064f668b44b43b1b17c2c6150ec0f9057ee4dda34f107aefe072[0m
[0m[[0m[31merror[0m] [0m[0m#5 CACHED[0m
[0m[[0m[31merror[0m] [0m[0m#8 [stage0 3/7] COPY 2/opt /2/opt[0m
[0m[[0m[31merror[0m] [0m[0m#8 sha256:590aa82935122d8991a345dfb1109a5aec4e7b569336badd565a3cedfbc88be5[0m
[0m[[0m[31merror[0m] [0m[0m#8 CACHED[0m
[0m[[0m[31merror[0m] [0m[0m#9 [stage0 4/7] COPY 4/opt /4/opt[0m
[0m[[0m[31merror[0m] [0m[0m#9 sha256:5f069982eedcb3d9c92155699a574a0184ed2c032b21be5d6f4a1afc7d339c9a[0m
[0m[[0m[31merror[0m] [0m[0m#9 CACHED[0m
[0m[[0m[31merror[0m] [0m[0m#6 [stage0 2/7] WORKDIR /opt/docker[0m
[0m[[0m[31merror[0m] [0m[0m#6 sha256:1c5602f961ceffa214be34dd031e2c43a1ad83b8ba366f2515fa3e4bbd73c446[0m
[0m[[0m[31merror[0m] [0m[0m#6 CACHED[0m
[0m[[0m[31merror[0m] [0m[0m#4 [mainstage 2/5] RUN id -u demiourgos728 1>/dev/null 2>&1 || (( getent group 0 1>/dev/null 2>&1 || ( type groupadd 1>/dev/null 2>&1 && groupadd -g 0 root || addgroup -g 0 -S root )) && ( type useradd 1>/dev/null 2>&1 && useradd --system --create-home --uid 1001 --gid 0 demiourgos728 || adduser -S -u 1001 -G root demiourgos728 ))[0m
[0m[[0m[31merror[0m] [0m[0m#4 sha256:13214fa4332dbcc25b83c410149f259c26aed5354a786f0c577e8c336756e926[0m
[0m[[0m[31merror[0m] [0m[0m#4 CACHED[0m
[0m[[0m[31merror[0m] [0m[0m#10 [stage0 5/7] RUN ["chmod", "-R", "u=rX,g=rX", "/2/opt/docker"][0m
[0m[[0m[31merror[0m] [0m[0m#10 sha256:cc420b2a4791cb9d502c1fa5b5c6da87b26351e06c3627838f39cfa3655f40c7[0m
[0m[[0m[31merror[0m] [0m[0m#10 CACHED[0m
[0m[[0m[31merror[0m] [0m[0m#11 [stage0 6/7] RUN ["chmod", "-R", "u=rX,g=rX", "/4/opt/docker"][0m
[0m[[0m[31merror[0m] [0m[0m#11 sha256:068f5694b1c88b273b9b7563f0136a7ef2293f4737ea9769eb4050c57e05e2a5[0m
[0m[[0m[31merror[0m] [0m[0m#11 CACHED[0m
[0m[[0m[31merror[0m] [0m[0m#14 [mainstage 4/5] COPY --from=stage0 --chown=demiourgos728:root /2/opt/docker /opt/docker[0m
[0m[[0m[31merror[0m] [0m[0m#14 sha256:f294ff8294a1f4396663d1c63653bd2dd0b29cb38ae9981f4f8385ec27196018[0m
[0m[[0m[31merror[0m] [0m[0m#14 CACHED[0m
[0m[[0m[31merror[0m] [0m[0m#15 [mainstage 5/5] COPY --from=stage0 --chown=demiourgos728:root /4/opt/docker /opt/docker[0m
[0m[[0m[31merror[0m] [0m[0m#15 sha256:25ffe96d23108ab15c1c85566a5a4604daefea971c08b8761fe9d64ddf9c9d2f[0m
[0m[[0m[31merror[0m] [0m[0m#15 CACHED[0m
[0m[[0m[31merror[0m] [0m[0m#16 exporting to image[0m
[0m[[0m[31merror[0m] [0m[0m#16 sha256:e8c613e07b0b7ff33893b694f7759a10d42e180f2b4dc349fb57dc6b71dcab00[0m
[0m[[0m[31merror[0m] [0m[0m#16 exporting layers done[0m
[0m[[0m[31merror[0m] [0m[0m#16 writing image sha256:93acf39e17859acf3473e19ef850879941d939857bc4c0c0014073b1de4ddf95[0m
[0m[[0m[31merror[0m] [0m[0m#11 [stage0 5/7] RUN ["chmod", "-R", "u=rX,g=rX", "/2/opt/docker"][0m
[0m[[0m[31merror[0m] [0m[0m#11 sha256:11834e85adb279b68cf2f3e514b7f5d296b21311c6f7c652ba61c5e850bda047[0m
[0m[[0m[31merror[0m] [0m[0m#16 writing image sha256:93acf39e17859acf3473e19ef850879941d939857bc4c0c0014073b1de4ddf95 0.0s done[0m
[0m[[0m[31merror[0m] [0m[0m#16 naming to docker.io/library/trading-feed:0.1.0 done[0m
[0m[[0m[31merror[0m] [0m[0m#16 naming to docker.io/library/trading-feed:latest done[0m
[0m[[0m[31merror[0m] [0m[0m#16 DONE 0.0s[0m
[0m[[0m[31merror[0m] [0m[0m#16 writing image sha256:a33745350620281350b08ff0ce3f3b33b6fd89f2bdb955f347b990740ffe279c done[0m
[0m[[0m[31merror[0m] [0m[0m#16 naming to docker.io/library/trading-forecasts:0.1.0 done[0m
[0m[[0m[31merror[0m] [0m[0m#16 naming to docker.io/library/trading-forecasts:latest done[0m
[0m[[0m[31merror[0m] [0m[0m#16 DONE 0.1s[0m
[0m[[0m[31merror[0m] [0m[0mUse 'docker scan' to run Snyk tests against images to find vulnerabilities and learn how to fix them[0m
[0m[[0m[31merror[0m] [0m[0mUse 'docker scan' to run Snyk tests against images to find vulnerabilities and learn how to fix them[0m
[0m[[0m[0minfo[0m] [0m[0mRemoving intermediate image(s) (labeled "snp-multi-stage-id=b5a64796-1ef6-415f-84b8-d6bcf4ba0651") [0m
[0m[[0m[0minfo[0m] [0m[0mRemoving intermediate image(s) (labeled "snp-multi-stage-id=34613f64-79c8-48f6-83f3-827f371b6d05") [0m
[0m[[0m[31merror[0m] [0m[0mUse 'docker scan' to run Snyk tests against images to find vulnerabilities and learn how to fix them[0m
[0m[[0m[31merror[0m] [0m[0mUse 'docker scan' to run Snyk tests against images to find vulnerabilities and learn how to fix them[0m
[0m[[0m[31merror[0m] [0m[0mUse 'docker scan' to run Snyk tests against images to find vulnerabilities and learn how to fix them[0m
[0m[[0m[31merror[0m] [0m[0mUse 'docker scan' to run Snyk tests against images to find vulnerabilities and learn how to fix them[0m
[0m[[0m[0minfo[0m] [0m[0mRemoving intermediate image(s) (labeled "snp-multi-stage-id=db3af1ab-e1e8-4aea-98b7-50cd7f878741") [0m
[0m[[0m[0minfo[0m] [0m[0mRemoving intermediate image(s) (labeled "snp-multi-stage-id=759a3abe-9a0a-45b9-bd72-3a161a5290b3") [0m
[0m[[0m[0minfo[0m] [0m[0mRemoving intermediate image(s) (labeled "snp-multi-stage-id=4a0dd6cb-d6b1-476d-94fd-260b95b10e2e") [0m
[0m[[0m[0minfo[0m] [0m[0mRemoving intermediate image(s) (labeled "snp-multi-stage-id=576dba8b-acaa-44f7-a2eb-a3fb2f0e2ed7") [0m
[0m[[0m[31merror[0m] [0m[0mError response from daemon: a prune operation is already running[0m
[0m[[0m[0minfo[0m] [0m[0mTotal reclaimed space: 0B[0m
[0m[[0m[31merror[0m] [0m[0mSomething went wrong while removing multi-stage intermediate image(s)[0m
[0m[[0m[0minfo[0m] [0m[0mBuilt image trading-snapshots with tags [0.1.0, latest][0m
[0m[[0m[0minfo[0m] [0m[0mBuilt image trading-forecasts with tags [0.1.0, latest][0m
[0m[[0m[0minfo[0m] [0m[0mTotal reclaimed space: 0B[0m
[0m[[0m[0minfo[0m] [0m[0mBuilt image trading-feed with tags [0.1.0, latest][0m
[0m[[0m[31merror[0m] [0m[0mError response from daemon: a prune operation is already running[0m
[0m[[0m[0minfo[0m] [0m[0mTotal reclaimed space: 0B[0m
[0m[[0m[31merror[0m] [0m[0mSomething went wrong while removing multi-stage intermediate image(s)[0m
[0m[[0m[0minfo[0m] [0m[0mBuilt image trading-processor with tags [0.1.0, latest][0m
[0m[[0m[0minfo[0m] [0m[0mBuilt image trading-tracing with tags [0.1.0, latest][0m
[0m[[0m[0minfo[0m] [0m[0mTotal reclaimed space: 0B[0m
[0m[[0m[0minfo[0m] [0m[0mBuilt image trading-alerts with tags [0.1.0, latest][0m
[0m[[0m[31merror[0m] [0m[0m#11 DONE 1.3s[0m
[0m[[0m[31merror[0m] [0m[0m#12 [stage0 6/7] RUN ["chmod", "-R", "u=rX,g=rX", "/4/opt/docker"][0m
[0m[[0m[31merror[0m] [0m[0m#12 sha256:80e40d9db15e2906627de0d6af660c40a899f2feba8cf4a82e5464e02c044bac[0m
[0m[[0m[31merror[0m] [0m[0m#12 DONE 0.4s[0m
[0m[[0m[31merror[0m] [0m[0m#13 [stage0 7/7] RUN ["chmod", "u+x,g+x", "/4/opt/docker/bin/ws"][0m
[0m[[0m[31merror[0m] [0m[0m#13 sha256:1caa6dff6d833b4ef438b6ab2838daee29079f5d40c026e34429c4c1679454a6[0m
[0m[[0m[31merror[0m] [0m[0m#13 DONE 0.3s[0m
[0m[[0m[31merror[0m] [0m[0m#5 [mainstage 2/5] RUN id -u demiourgos728 1>/dev/null 2>&1 || (( getent group 0 1>/dev/null 2>&1 || ( type groupadd 1>/dev/null 2>&1 && groupadd -g 0 root || addgroup -g 0 -S root )) && ( type useradd 1>/dev/null 2>&1 && useradd --system --create-home --uid 1001 --gid 0 demiourgos728 || adduser -S -u 1001 -G root demiourgos728 ))[0m
[0m[[0m[31merror[0m] [0m[0m#5 sha256:13214fa4332dbcc25b83c410149f259c26aed5354a786f0c577e8c336756e926[0m
[0m[[0m[31merror[0m] [0m[0m#5 CACHED[0m
[0m[[0m[31merror[0m] [0m[0m#6 [mainstage 3/5] WORKDIR /opt/docker[0m
[0m[[0m[31merror[0m] [0m[0m#6 sha256:7b339c4f9882064f668b44b43b1b17c2c6150ec0f9057ee4dda34f107aefe072[0m
[0m[[0m[31merror[0m] [0m[0m#6 CACHED[0m
[0m[[0m[31merror[0m] [0m[0m#14 [mainstage 4/5] COPY --from=stage0 --chown=demiourgos728:root /2/opt/docker /opt/docker[0m
[0m[[0m[31merror[0m] [0m[0m#14 sha256:8134a2e5b45aa7935f16d37e4a24cf5241b28017c9d5da3ff912f565184d38ac[0m
[0m[[0m[31merror[0m] [0m[0m#14 CACHED[0m
[0m[[0m[31merror[0m] [0m[0m#15 [mainstage 5/5] COPY --from=stage0 --chown=demiourgos728:root /4/opt/docker /opt/docker[0m
[0m[[0m[31merror[0m] [0m[0m#15 sha256:7c46c9749661cb100217cb6845598a110167e3c26e86cb062dc446114f8fa643[0m
[0m[[0m[31merror[0m] [0m[0m#15 DONE 0.0s[0m
[0m[[0m[31merror[0m] [0m[0m#16 exporting to image[0m
[0m[[0m[31merror[0m] [0m[0m#16 sha256:e8c613e07b0b7ff33893b694f7759a10d42e180f2b4dc349fb57dc6b71dcab00[0m
[0m[[0m[31merror[0m] [0m[0m#16 exporting layers 0.0s done[0m
[0m[[0m[31merror[0m] [0m[0m#16 writing image sha256:99e8fbaaf2c01a52b9ad41787ae0b33aa100208dd05ce3e6d3c2c7ba760aefbc done[0m
[0m[[0m[31merror[0m] [0m[0m#16 naming to docker.io/library/trading-ws:0.1.0 done[0m
[0m[[0m[31merror[0m] [0m[0m#16 naming to docker.io/library/trading-ws:latest done[0m
[0m[[0m[31merror[0m] [0m[0m#16 DONE 0.0s[0m
[0m[[0m[31merror[0m] [0m[0mUse 'docker scan' to run Snyk tests against images to find vulnerabilities and learn how to fix them[0m
[0m[[0m[0minfo[0m] [0m[0mRemoving intermediate image(s) (labeled "snp-multi-stage-id=e932b688-5693-42f2-83cf-67512fb94f2c") [0m
[0m[[0m[0minfo[0m] [0m[0mTotal reclaimed space: 0B[0m
[0m[[0m[0minfo[0m] [0m[0mBuilt image trading-ws with tags [0.1.0, latest][0m
[0m[[0m[0mdebug[0m] [0m[0mForcing garbage collection...[0m
[0m[[0m[32msuccess[0m] [0m[0mTotal time: 12 s, completed Jun 16, 2022, 5:43:59 PM[0m
[0m[[0m[0mdebug[0m] [0m[0m> Exec(idea-shell, None, None)[0m
